2018-10-12 22:37:32,955 WARN  [main] streaming.StreamJob (StreamJob.java:parseArgv(291)) - -file option is deprecated, please use generic option -files instead.
packageJobJar: [mapper.py, reducer.py, /tmp/hadoop-unjar8335886614077059501/] [] /tmp/streamjob649043688968963637.jar tmpDir=null
2018-10-12 22:37:33,908 INFO  [main] client.RMProxy (RMProxy.java:newProxyInstance(133)) - Connecting to ResourceManager at scutter02.inf.ed.ac.uk/192.168.16.102:8032
2018-10-12 22:37:34,149 INFO  [main] client.RMProxy (RMProxy.java:newProxyInstance(133)) - Connecting to ResourceManager at scutter02.inf.ed.ac.uk/192.168.16.102:8032
2018-10-12 22:37:34,385 INFO  [main] hdfs.DFSClient (DFSClient.java:getDelegationToken(689)) - Created HDFS_DELEGATION_TOKEN token 5987 for s1837504 on 192.168.16.101:8020
2018-10-12 22:37:34,421 INFO  [main] security.TokenCache (TokenCache.java:obtainTokensForNamenodesInternal(143)) - Got dt for hdfs://scutter01.inf.ed.ac.uk:8020; Kind: HDFS_DELEGATION_TOKEN, Service: 192.168.16.101:8020, Ident: (HDFS_DELEGATION_TOKEN token 5987 for s1837504)
2018-10-12 22:37:34,803 INFO  [main] mapred.FileInputFormat (FileInputFormat.java:listStatus(256)) - Total input files to process : 1
2018-10-12 22:37:34,818 INFO  [main] net.NetworkTopology (NetworkTopology.java:add(145)) - Adding a new node: /default-rack/192.168.16.109:8000
2018-10-12 22:37:34,819 INFO  [main] net.NetworkTopology (NetworkTopology.java:add(145)) - Adding a new node: /default-rack/192.168.16.108:8000
2018-10-12 22:37:34,819 INFO  [main] net.NetworkTopology (NetworkTopology.java:add(145)) - Adding a new node: /default-rack/192.168.16.107:8000
2018-10-12 22:37:34,819 INFO  [main] net.NetworkTopology (NetworkTopology.java:add(145)) - Adding a new node: /default-rack/192.168.16.106:8000
2018-10-12 22:37:34,820 INFO  [main] net.NetworkTopology (NetworkTopology.java:add(145)) - Adding a new node: /default-rack/192.168.16.111:8000
2018-10-12 22:37:34,820 INFO  [main] net.NetworkTopology (NetworkTopology.java:add(145)) - Adding a new node: /default-rack/192.168.16.103:8000
2018-10-12 22:37:35,087 INFO  [main] mapreduce.JobSubmitter (JobSubmitter.java:submitJobInternal(204)) - number of splits:2
2018-10-12 22:37:35,211 INFO  [main] Configuration.deprecation (Configuration.java:logDeprecation(1297)) - mapred.reduce.tasks is deprecated. Instead, use mapreduce.job.reduces
2018-10-12 22:37:35,211 INFO  [main] Configuration.deprecation (Configuration.java:logDeprecation(1297)) - yarn.resourcemanager.system-metrics-publisher.enabled is deprecated. Instead, use yarn.system-metrics-publisher.enabled
2018-10-12 22:37:35,302 INFO  [main] mapreduce.JobSubmitter (JobSubmitter.java:printTokens(300)) - Submitting tokens for job: job_1537968858837_5545
2018-10-12 22:37:35,304 INFO  [main] mapreduce.JobSubmitter (JobSubmitter.java:printTokens(302)) - Kind: HDFS_DELEGATION_TOKEN, Service: 192.168.16.101:8020, Ident: (HDFS_DELEGATION_TOKEN token 5987 for s1837504)
2018-10-12 22:37:35,520 INFO  [main] impl.YarnClientImpl (YarnClientImpl.java:submitApplication(290)) - Submitted application application_1537968858837_5545
2018-10-12 22:37:35,563 INFO  [main] mapreduce.Job (Job.java:submit(1574)) - The url to track the job: http://scutter02.inf.ed.ac.uk:8088/proxy/application_1537968858837_5545/
2018-10-12 22:37:35,565 INFO  [main] mapreduce.Job (Job.java:monitorAndPrintJob(1619)) - Running job: job_1537968858837_5545
2018-10-12 22:37:43,722 INFO  [main] mapreduce.Job (Job.java:monitorAndPrintJob(1640)) - Job job_1537968858837_5545 running in uber mode : false
2018-10-12 22:37:43,724 INFO  [main] mapreduce.Job (Job.java:monitorAndPrintJob(1647)) -  map 0% reduce 0%
2018-10-12 22:37:53,833 INFO  [main] mapreduce.Job (Job.java:monitorAndPrintJob(1647)) -  map 100% reduce 0%
2018-10-12 22:37:58,862 INFO  [main] mapreduce.Job (Job.java:monitorAndPrintJob(1647)) -  map 100% reduce 100%
2018-10-12 22:37:58,874 INFO  [main] mapreduce.Job (Job.java:monitorAndPrintJob(1658)) - Job job_1537968858837_5545 completed successfully
2018-10-12 22:37:59,001 INFO  [main] mapreduce.Job (Job.java:monitorAndPrintJob(1665)) - Counters: 49
	File System Counters
		FILE: Number of bytes read=76
		FILE: Number of bytes written=610930
		FILE: Number of read operations=0
		FILE: Number of large read operations=0
		FILE: Number of write operations=0
		HDFS: Number of bytes read=166515192
		HDFS: Number of bytes written=3
		HDFS: Number of read operations=9
		HDFS: Number of large read operations=0
		HDFS: Number of write operations=2
	Job Counters 
		Launched map tasks=2
		Launched reduce tasks=1
		Rack-local map tasks=2
		Total time spent by all maps in occupied slots (ms)=32596
		Total time spent by all reduces in occupied slots (ms)=11184
		Total time spent by all map tasks (ms)=16298
		Total time spent by all reduce tasks (ms)=2796
		Total vcore-milliseconds taken by all map tasks=16298
		Total vcore-milliseconds taken by all reduce tasks=2796
		Total megabyte-milliseconds taken by all map tasks=66756608
		Total megabyte-milliseconds taken by all reduce tasks=22904832
	Map-Reduce Framework
		Map input records=5285868
		Map output records=4
		Map output bytes=62
		Map output materialized bytes=82
		Input split bytes=234
		Combine input records=0
		Combine output records=0
		Reduce input groups=2
		Reduce shuffle bytes=82
		Reduce input records=4
		Reduce output records=1
		Spilled Records=8
		Shuffled Maps =2
		Failed Shuffles=0
		Merged Map outputs=2
		GC time elapsed (ms)=438
		CPU time spent (ms)=15950
		Physical memory (bytes) snapshot=1865703424
		Virtual memory (bytes) snapshot=19467386880
		Total committed heap usage (bytes)=3599761408
	Shuffle Errors
		BAD_ID=0
		CONNECTION=0
		IO_ERROR=0
		WRONG_LENGTH=0
		WRONG_MAP=0
		WRONG_REDUCE=0
	File Input Format Counters 
		Bytes Read=166514958
	File Output Format Counters 
		Bytes Written=3
2018-10-12 22:37:59,001 INFO  [main] streaming.StreamJob (StreamJob.java:submitAndMonitorJob(1025)) - Output directory: /user/s1837504/output/task7/large

real	0m26.916s
user	0m9.204s
sys	0m0.707s
