2018-10-12 21:57:11,805 WARN  [main] streaming.StreamJob (StreamJob.java:parseArgv(291)) - -file option is deprecated, please use generic option -files instead.
packageJobJar: [mapper.py, reducer.py, /tmp/hadoop-unjar3339246420032875792/] [] /tmp/streamjob4246430828791577623.jar tmpDir=null
2018-10-12 21:57:12,789 INFO  [main] client.RMProxy (RMProxy.java:newProxyInstance(133)) - Connecting to ResourceManager at scutter02.inf.ed.ac.uk/192.168.16.102:8032
2018-10-12 21:57:13,008 INFO  [main] client.RMProxy (RMProxy.java:newProxyInstance(133)) - Connecting to ResourceManager at scutter02.inf.ed.ac.uk/192.168.16.102:8032
2018-10-12 21:57:13,292 INFO  [main] hdfs.DFSClient (DFSClient.java:getDelegationToken(689)) - Created HDFS_DELEGATION_TOKEN token 5950 for s1837504 on 192.168.16.101:8020
2018-10-12 21:57:13,330 INFO  [main] security.TokenCache (TokenCache.java:obtainTokensForNamenodesInternal(143)) - Got dt for hdfs://scutter01.inf.ed.ac.uk:8020; Kind: HDFS_DELEGATION_TOKEN, Service: 192.168.16.101:8020, Ident: (HDFS_DELEGATION_TOKEN token 5950 for s1837504)
2018-10-12 21:57:13,718 INFO  [main] mapred.FileInputFormat (FileInputFormat.java:listStatus(256)) - Total input files to process : 1
2018-10-12 21:57:13,999 INFO  [main] mapreduce.JobSubmitter (JobSubmitter.java:submitJobInternal(204)) - number of splits:2
2018-10-12 21:57:14,129 INFO  [main] Configuration.deprecation (Configuration.java:logDeprecation(1297)) - mapred.reduce.tasks is deprecated. Instead, use mapreduce.job.reduces
2018-10-12 21:57:14,130 INFO  [main] Configuration.deprecation (Configuration.java:logDeprecation(1297)) - yarn.resourcemanager.system-metrics-publisher.enabled is deprecated. Instead, use yarn.system-metrics-publisher.enabled
2018-10-12 21:57:14,212 INFO  [main] mapreduce.JobSubmitter (JobSubmitter.java:printTokens(300)) - Submitting tokens for job: job_1537968858837_5508
2018-10-12 21:57:14,212 INFO  [main] mapreduce.JobSubmitter (JobSubmitter.java:printTokens(302)) - Kind: HDFS_DELEGATION_TOKEN, Service: 192.168.16.101:8020, Ident: (HDFS_DELEGATION_TOKEN token 5950 for s1837504)
2018-10-12 21:57:14,633 INFO  [main] impl.YarnClientImpl (YarnClientImpl.java:submitApplication(290)) - Submitted application application_1537968858837_5508
2018-10-12 21:57:14,686 INFO  [main] mapreduce.Job (Job.java:submit(1574)) - The url to track the job: http://scutter02.inf.ed.ac.uk:8088/proxy/application_1537968858837_5508/
2018-10-12 21:57:14,688 INFO  [main] mapreduce.Job (Job.java:monitorAndPrintJob(1619)) - Running job: job_1537968858837_5508
2018-10-12 21:57:22,825 INFO  [main] mapreduce.Job (Job.java:monitorAndPrintJob(1640)) - Job job_1537968858837_5508 running in uber mode : false
2018-10-12 21:57:22,827 INFO  [main] mapreduce.Job (Job.java:monitorAndPrintJob(1647)) -  map 0% reduce 0%
2018-10-12 21:57:28,912 INFO  [main] mapreduce.Job (Job.java:monitorAndPrintJob(1647)) -  map 100% reduce 0%
2018-10-12 21:57:36,962 INFO  [main] mapreduce.Job (Job.java:monitorAndPrintJob(1647)) -  map 100% reduce 100%
2018-10-12 21:57:36,974 INFO  [main] mapreduce.Job (Job.java:monitorAndPrintJob(1658)) - Job job_1537968858837_5508 completed successfully
2018-10-12 21:57:37,111 INFO  [main] mapreduce.Job (Job.java:monitorAndPrintJob(1665)) - Counters: 49
	File System Counters
		FILE: Number of bytes read=59
		FILE: Number of bytes written=610905
		FILE: Number of read operations=0
		FILE: Number of large read operations=0
		FILE: Number of write operations=0
		HDFS: Number of bytes read=2447
		HDFS: Number of bytes written=9
		HDFS: Number of read operations=9
		HDFS: Number of large read operations=0
		HDFS: Number of write operations=2
	Job Counters 
		Launched map tasks=2
		Launched reduce tasks=1
		Rack-local map tasks=2
		Total time spent by all maps in occupied slots (ms)=17730
		Total time spent by all reduces in occupied slots (ms)=19460
		Total time spent by all map tasks (ms)=8865
		Total time spent by all reduce tasks (ms)=4865
		Total vcore-milliseconds taken by all map tasks=8865
		Total vcore-milliseconds taken by all reduce tasks=4865
		Total megabyte-milliseconds taken by all map tasks=36311040
		Total megabyte-milliseconds taken by all reduce tasks=39854080
	Map-Reduce Framework
		Map input records=85
		Map output records=4
		Map output bytes=45
		Map output materialized bytes=65
		Input split bytes=240
		Combine input records=0
		Combine output records=0
		Reduce input groups=2
		Reduce shuffle bytes=65
		Reduce input records=4
		Reduce output records=1
		Spilled Records=8
		Shuffled Maps =2
		Failed Shuffles=0
		Merged Map outputs=2
		GC time elapsed (ms)=164
		CPU time spent (ms)=2660
		Physical memory (bytes) snapshot=1155932160
		Virtual memory (bytes) snapshot=19498180608
		Total committed heap usage (bytes)=3022520320
	Shuffle Errors
		BAD_ID=0
		CONNECTION=0
		IO_ERROR=0
		WRONG_LENGTH=0
		WRONG_MAP=0
		WRONG_REDUCE=0
	File Input Format Counters 
		Bytes Read=2207
	File Output Format Counters 
		Bytes Written=9
2018-10-12 21:57:37,111 INFO  [main] streaming.StreamJob (StreamJob.java:submitAndMonitorJob(1025)) - Output directory: /user/s1837504/output/task6/small

real	0m26.200s
user	0m9.326s
sys	0m0.726s
