2018-10-12 21:58:04,225 WARN  [main] streaming.StreamJob (StreamJob.java:parseArgv(291)) - -file option is deprecated, please use generic option -files instead.
packageJobJar: [mapper.py, reducer.py, /tmp/hadoop-unjar6120926455702705218/] [] /tmp/streamjob4541415945889151631.jar tmpDir=null
2018-10-12 21:58:05,177 INFO  [main] client.RMProxy (RMProxy.java:newProxyInstance(133)) - Connecting to ResourceManager at scutter02.inf.ed.ac.uk/192.168.16.102:8032
2018-10-12 21:58:05,404 INFO  [main] client.RMProxy (RMProxy.java:newProxyInstance(133)) - Connecting to ResourceManager at scutter02.inf.ed.ac.uk/192.168.16.102:8032
2018-10-12 21:58:05,679 INFO  [main] hdfs.DFSClient (DFSClient.java:getDelegationToken(689)) - Created HDFS_DELEGATION_TOKEN token 5951 for s1837504 on 192.168.16.101:8020
2018-10-12 21:58:05,712 INFO  [main] security.TokenCache (TokenCache.java:obtainTokensForNamenodesInternal(143)) - Got dt for hdfs://scutter01.inf.ed.ac.uk:8020; Kind: HDFS_DELEGATION_TOKEN, Service: 192.168.16.101:8020, Ident: (HDFS_DELEGATION_TOKEN token 5951 for s1837504)
2018-10-12 21:58:06,055 INFO  [main] mapred.FileInputFormat (FileInputFormat.java:listStatus(256)) - Total input files to process : 1
2018-10-12 21:58:06,340 INFO  [main] mapreduce.JobSubmitter (JobSubmitter.java:submitJobInternal(204)) - number of splits:2
2018-10-12 21:58:06,463 INFO  [main] Configuration.deprecation (Configuration.java:logDeprecation(1297)) - mapred.reduce.tasks is deprecated. Instead, use mapreduce.job.reduces
2018-10-12 21:58:06,464 INFO  [main] Configuration.deprecation (Configuration.java:logDeprecation(1297)) - yarn.resourcemanager.system-metrics-publisher.enabled is deprecated. Instead, use yarn.system-metrics-publisher.enabled
2018-10-12 21:58:06,546 INFO  [main] mapreduce.JobSubmitter (JobSubmitter.java:printTokens(300)) - Submitting tokens for job: job_1537968858837_5509
2018-10-12 21:58:06,546 INFO  [main] mapreduce.JobSubmitter (JobSubmitter.java:printTokens(302)) - Kind: HDFS_DELEGATION_TOKEN, Service: 192.168.16.101:8020, Ident: (HDFS_DELEGATION_TOKEN token 5951 for s1837504)
2018-10-12 21:58:06,741 INFO  [main] impl.YarnClientImpl (YarnClientImpl.java:submitApplication(290)) - Submitted application application_1537968858837_5509
2018-10-12 21:58:06,789 INFO  [main] mapreduce.Job (Job.java:submit(1574)) - The url to track the job: http://scutter02.inf.ed.ac.uk:8088/proxy/application_1537968858837_5509/
2018-10-12 21:58:06,791 INFO  [main] mapreduce.Job (Job.java:monitorAndPrintJob(1619)) - Running job: job_1537968858837_5509
2018-10-12 21:58:14,926 INFO  [main] mapreduce.Job (Job.java:monitorAndPrintJob(1640)) - Job job_1537968858837_5509 running in uber mode : false
2018-10-12 21:58:14,927 INFO  [main] mapreduce.Job (Job.java:monitorAndPrintJob(1647)) -  map 0% reduce 0%
2018-10-12 21:58:21,015 INFO  [main] mapreduce.Job (Job.java:monitorAndPrintJob(1647)) -  map 50% reduce 0%
2018-10-12 21:58:22,023 INFO  [main] mapreduce.Job (Job.java:monitorAndPrintJob(1647)) -  map 100% reduce 0%
2018-10-12 21:58:28,059 INFO  [main] mapreduce.Job (Job.java:monitorAndPrintJob(1647)) -  map 100% reduce 100%
2018-10-12 21:58:28,070 INFO  [main] mapreduce.Job (Job.java:monitorAndPrintJob(1658)) - Job job_1537968858837_5509 completed successfully
2018-10-12 21:58:28,208 INFO  [main] mapreduce.Job (Job.java:monitorAndPrintJob(1665)) - Counters: 50
	File System Counters
		FILE: Number of bytes read=74
		FILE: Number of bytes written=610935
		FILE: Number of read operations=0
		FILE: Number of large read operations=0
		FILE: Number of write operations=0
		HDFS: Number of bytes read=14766936
		HDFS: Number of bytes written=8
		HDFS: Number of read operations=9
		HDFS: Number of large read operations=0
		HDFS: Number of write operations=2
	Job Counters 
		Launched map tasks=2
		Launched reduce tasks=1
		Data-local map tasks=1
		Rack-local map tasks=1
		Total time spent by all maps in occupied slots (ms)=16944
		Total time spent by all reduces in occupied slots (ms)=19040
		Total time spent by all map tasks (ms)=8472
		Total time spent by all reduce tasks (ms)=4760
		Total vcore-milliseconds taken by all map tasks=8472
		Total vcore-milliseconds taken by all reduce tasks=4760
		Total megabyte-milliseconds taken by all map tasks=34701312
		Total megabyte-milliseconds taken by all reduce tasks=38993920
	Map-Reduce Framework
		Map input records=868110
		Map output records=4
		Map output bytes=60
		Map output materialized bytes=80
		Input split bytes=240
		Combine input records=0
		Combine output records=0
		Reduce input groups=2
		Reduce shuffle bytes=80
		Reduce input records=4
		Reduce output records=1
		Spilled Records=8
		Shuffled Maps =2
		Failed Shuffles=0
		Merged Map outputs=2
		GC time elapsed (ms)=188
		CPU time spent (ms)=4980
		Physical memory (bytes) snapshot=1202266112
		Virtual memory (bytes) snapshot=19515400192
		Total committed heap usage (bytes)=2684878848
	Shuffle Errors
		BAD_ID=0
		CONNECTION=0
		IO_ERROR=0
		WRONG_LENGTH=0
		WRONG_MAP=0
		WRONG_REDUCE=0
	File Input Format Counters 
		Bytes Read=14766696
	File Output Format Counters 
		Bytes Written=8
2018-10-12 21:58:28,208 INFO  [main] streaming.StreamJob (StreamJob.java:submitAndMonitorJob(1025)) - Output directory: /user/s1837504/output/task6/large

real	0m24.867s
user	0m9.249s
sys	0m0.681s
