2018-10-13 05:28:30,530 WARN  [main] streaming.StreamJob (StreamJob.java:parseArgv(291)) - -file option is deprecated, please use generic option -files instead.
packageJobJar: [mapper2.py, reducer2.py, /tmp/hadoop-unjar1618007413773786911/] [] /tmp/streamjob1503115739640175339.jar tmpDir=null
2018-10-13 05:28:31,536 INFO  [main] client.RMProxy (RMProxy.java:newProxyInstance(133)) - Connecting to ResourceManager at scutter02.inf.ed.ac.uk/192.168.16.102:8032
2018-10-13 05:28:31,764 INFO  [main] client.RMProxy (RMProxy.java:newProxyInstance(133)) - Connecting to ResourceManager at scutter02.inf.ed.ac.uk/192.168.16.102:8032
2018-10-13 05:28:32,055 INFO  [main] hdfs.DFSClient (DFSClient.java:getDelegationToken(689)) - Created HDFS_DELEGATION_TOKEN token 6158 for s1837504 on 192.168.16.101:8020
2018-10-13 05:28:32,095 INFO  [main] security.TokenCache (TokenCache.java:obtainTokensForNamenodesInternal(143)) - Got dt for hdfs://scutter01.inf.ed.ac.uk:8020; Kind: HDFS_DELEGATION_TOKEN, Service: 192.168.16.101:8020, Ident: (HDFS_DELEGATION_TOKEN token 6158 for s1837504)
2018-10-13 05:28:32,486 INFO  [main] mapred.FileInputFormat (FileInputFormat.java:listStatus(256)) - Total input files to process : 2
2018-10-13 05:28:32,762 INFO  [main] mapreduce.JobSubmitter (JobSubmitter.java:submitJobInternal(204)) - number of splits:2
2018-10-13 05:28:32,877 INFO  [main] Configuration.deprecation (Configuration.java:logDeprecation(1297)) - yarn.resourcemanager.system-metrics-publisher.enabled is deprecated. Instead, use yarn.system-metrics-publisher.enabled
2018-10-13 05:28:32,962 INFO  [main] mapreduce.JobSubmitter (JobSubmitter.java:printTokens(300)) - Submitting tokens for job: job_1537968858837_5713
2018-10-13 05:28:32,962 INFO  [main] mapreduce.JobSubmitter (JobSubmitter.java:printTokens(302)) - Kind: HDFS_DELEGATION_TOKEN, Service: 192.168.16.101:8020, Ident: (HDFS_DELEGATION_TOKEN token 6158 for s1837504)
2018-10-13 05:28:33,347 INFO  [main] impl.YarnClientImpl (YarnClientImpl.java:submitApplication(290)) - Submitted application application_1537968858837_5713
2018-10-13 05:28:33,401 INFO  [main] mapreduce.Job (Job.java:submit(1574)) - The url to track the job: http://scutter02.inf.ed.ac.uk:8088/proxy/application_1537968858837_5713/
2018-10-13 05:28:33,403 INFO  [main] mapreduce.Job (Job.java:monitorAndPrintJob(1619)) - Running job: job_1537968858837_5713
2018-10-13 05:28:40,533 INFO  [main] mapreduce.Job (Job.java:monitorAndPrintJob(1640)) - Job job_1537968858837_5713 running in uber mode : false
2018-10-13 05:28:40,535 INFO  [main] mapreduce.Job (Job.java:monitorAndPrintJob(1647)) -  map 0% reduce 0%
2018-10-13 05:28:47,621 INFO  [main] mapreduce.Job (Job.java:monitorAndPrintJob(1647)) -  map 100% reduce 0%
2018-10-13 05:28:54,664 INFO  [main] mapreduce.Job (Job.java:monitorAndPrintJob(1647)) -  map 100% reduce 100%
2018-10-13 05:28:54,676 INFO  [main] mapreduce.Job (Job.java:monitorAndPrintJob(1658)) - Job job_1537968858837_5713 completed successfully
2018-10-13 05:28:54,807 INFO  [main] mapreduce.Job (Job.java:monitorAndPrintJob(1665)) - Counters: 50
	File System Counters
		FILE: Number of bytes read=108
		FILE: Number of bytes written=814698
		FILE: Number of read operations=0
		FILE: Number of large read operations=0
		FILE: Number of write operations=0
		HDFS: Number of bytes read=486
		HDFS: Number of bytes written=36
		HDFS: Number of read operations=12
		HDFS: Number of large read operations=0
		HDFS: Number of write operations=4
	Job Counters 
		Launched map tasks=2
		Launched reduce tasks=2
		Data-local map tasks=1
		Rack-local map tasks=1
		Total time spent by all maps in occupied slots (ms)=18332
		Total time spent by all reduces in occupied slots (ms)=37336
		Total time spent by all map tasks (ms)=9166
		Total time spent by all reduce tasks (ms)=9334
		Total vcore-milliseconds taken by all map tasks=9166
		Total vcore-milliseconds taken by all reduce tasks=9334
		Total megabyte-milliseconds taken by all map tasks=37543936
		Total megabyte-milliseconds taken by all reduce tasks=76464128
	Map-Reduce Framework
		Map input records=24
		Map output records=7
		Map output bytes=82
		Map output materialized bytes=120
		Input split bytes=270
		Combine input records=0
		Combine output records=0
		Reduce input groups=4
		Reduce shuffle bytes=120
		Reduce input records=7
		Reduce output records=4
		Spilled Records=14
		Shuffled Maps =4
		Failed Shuffles=0
		Merged Map outputs=4
		GC time elapsed (ms)=264
		CPU time spent (ms)=3910
		Physical memory (bytes) snapshot=1454379008
		Virtual memory (bytes) snapshot=28260642816
		Total committed heap usage (bytes)=3615490048
	Shuffle Errors
		BAD_ID=0
		CONNECTION=0
		IO_ERROR=0
		WRONG_LENGTH=0
		WRONG_MAP=0
		WRONG_REDUCE=0
	File Input Format Counters 
		Bytes Read=216
	File Output Format Counters 
		Bytes Written=36
2018-10-13 05:28:54,807 INFO  [main] streaming.StreamJob (StreamJob.java:submitAndMonitorJob(1025)) - Output directory: /user/s1837504/output/task8/small/JOB2

real	0m25.177s
user	0m9.463s
sys	0m0.677s
