2018-10-13 07:11:11,400 WARN  [main] streaming.StreamJob (StreamJob.java:parseArgv(291)) - -file option is deprecated, please use generic option -files instead.
packageJobJar: [mapper2.py, reducer2.py, /tmp/hadoop-unjar9175818473627314664/] [] /tmp/streamjob4660922750575720083.jar tmpDir=null
2018-10-13 07:11:12,308 INFO  [main] client.RMProxy (RMProxy.java:newProxyInstance(133)) - Connecting to ResourceManager at scutter02.inf.ed.ac.uk/192.168.16.102:8032
2018-10-13 07:11:12,528 INFO  [main] client.RMProxy (RMProxy.java:newProxyInstance(133)) - Connecting to ResourceManager at scutter02.inf.ed.ac.uk/192.168.16.102:8032
2018-10-13 07:11:12,775 INFO  [main] hdfs.DFSClient (DFSClient.java:getDelegationToken(689)) - Created HDFS_DELEGATION_TOKEN token 6178 for s1837504 on 192.168.16.101:8020
2018-10-13 07:11:12,814 INFO  [main] security.TokenCache (TokenCache.java:obtainTokensForNamenodesInternal(143)) - Got dt for hdfs://scutter01.inf.ed.ac.uk:8020; Kind: HDFS_DELEGATION_TOKEN, Service: 192.168.16.101:8020, Ident: (HDFS_DELEGATION_TOKEN token 6178 for s1837504)
2018-10-13 07:11:13,163 INFO  [main] mapred.FileInputFormat (FileInputFormat.java:listStatus(256)) - Total input files to process : 2
2018-10-13 07:11:13,452 INFO  [main] mapreduce.JobSubmitter (JobSubmitter.java:submitJobInternal(204)) - number of splits:2
2018-10-13 07:11:13,583 INFO  [main] Configuration.deprecation (Configuration.java:logDeprecation(1297)) - yarn.resourcemanager.system-metrics-publisher.enabled is deprecated. Instead, use yarn.system-metrics-publisher.enabled
2018-10-13 07:11:13,665 INFO  [main] mapreduce.JobSubmitter (JobSubmitter.java:printTokens(300)) - Submitting tokens for job: job_1537968858837_5733
2018-10-13 07:11:13,665 INFO  [main] mapreduce.JobSubmitter (JobSubmitter.java:printTokens(302)) - Kind: HDFS_DELEGATION_TOKEN, Service: 192.168.16.101:8020, Ident: (HDFS_DELEGATION_TOKEN token 6178 for s1837504)
2018-10-13 07:11:13,853 INFO  [main] impl.YarnClientImpl (YarnClientImpl.java:submitApplication(290)) - Submitted application application_1537968858837_5733
2018-10-13 07:11:13,899 INFO  [main] mapreduce.Job (Job.java:submit(1574)) - The url to track the job: http://scutter02.inf.ed.ac.uk:8088/proxy/application_1537968858837_5733/
2018-10-13 07:11:13,901 INFO  [main] mapreduce.Job (Job.java:monitorAndPrintJob(1619)) - Running job: job_1537968858837_5733
2018-10-13 07:11:22,034 INFO  [main] mapreduce.Job (Job.java:monitorAndPrintJob(1640)) - Job job_1537968858837_5733 running in uber mode : false
2018-10-13 07:11:22,036 INFO  [main] mapreduce.Job (Job.java:monitorAndPrintJob(1647)) -  map 0% reduce 0%
2018-10-13 07:11:29,122 INFO  [main] mapreduce.Job (Job.java:monitorAndPrintJob(1647)) -  map 100% reduce 0%
2018-10-13 07:11:36,163 INFO  [main] mapreduce.Job (Job.java:monitorAndPrintJob(1647)) -  map 100% reduce 50%
2018-10-13 07:11:37,169 INFO  [main] mapreduce.Job (Job.java:monitorAndPrintJob(1647)) -  map 100% reduce 100%
2018-10-13 07:11:37,180 INFO  [main] mapreduce.Job (Job.java:monitorAndPrintJob(1658)) - Job job_1537968858837_5733 completed successfully
2018-10-13 07:11:37,310 INFO  [main] mapreduce.Job (Job.java:monitorAndPrintJob(1665)) - Counters: 50
	File System Counters
		FILE: Number of bytes read=426
		FILE: Number of bytes written=815334
		FILE: Number of read operations=0
		FILE: Number of large read operations=0
		FILE: Number of write operations=0
		HDFS: Number of bytes read=2864131
		HDFS: Number of bytes written=90
		HDFS: Number of read operations=12
		HDFS: Number of large read operations=0
		HDFS: Number of write operations=4
	Job Counters 
		Launched map tasks=2
		Launched reduce tasks=2
		Data-local map tasks=1
		Rack-local map tasks=1
		Total time spent by all maps in occupied slots (ms)=19690
		Total time spent by all reduces in occupied slots (ms)=39288
		Total time spent by all map tasks (ms)=9845
		Total time spent by all reduce tasks (ms)=9822
		Total vcore-milliseconds taken by all map tasks=9845
		Total vcore-milliseconds taken by all reduce tasks=9822
		Total megabyte-milliseconds taken by all map tasks=40325120
		Total megabyte-milliseconds taken by all reduce tasks=80461824
	Map-Reduce Framework
		Map input records=318192
		Map output records=20
		Map output bytes=374
		Map output materialized bytes=438
		Input split bytes=270
		Combine input records=0
		Combine output records=0
		Reduce input groups=10
		Reduce shuffle bytes=438
		Reduce input records=20
		Reduce output records=10
		Spilled Records=40
		Shuffled Maps =4
		Failed Shuffles=0
		Merged Map outputs=4
		GC time elapsed (ms)=257
		CPU time spent (ms)=5570
		Physical memory (bytes) snapshot=1526640640
		Virtual memory (bytes) snapshot=28230713344
		Total committed heap usage (bytes)=3734503424
	Shuffle Errors
		BAD_ID=0
		CONNECTION=0
		IO_ERROR=0
		WRONG_LENGTH=0
		WRONG_MAP=0
		WRONG_REDUCE=0
	File Input Format Counters 
		Bytes Read=2863861
	File Output Format Counters 
		Bytes Written=90
2018-10-13 07:11:37,311 INFO  [main] streaming.StreamJob (StreamJob.java:submitAndMonitorJob(1025)) - Output directory: /user/s1837504/output/task8/large/job2

real	0m26.823s
user	0m9.451s
sys	0m0.607s
