2018-10-13 07:09:23,466 WARN  [main] streaming.StreamJob (StreamJob.java:parseArgv(291)) - -file option is deprecated, please use generic option -files instead.
packageJobJar: [mapper2.py, reducer2.py, /tmp/hadoop-unjar5222828677158212761/] [] /tmp/streamjob3829890444124870045.jar tmpDir=null
2018-10-13 07:09:24,440 INFO  [main] client.RMProxy (RMProxy.java:newProxyInstance(133)) - Connecting to ResourceManager at scutter02.inf.ed.ac.uk/192.168.16.102:8032
2018-10-13 07:09:24,658 INFO  [main] client.RMProxy (RMProxy.java:newProxyInstance(133)) - Connecting to ResourceManager at scutter02.inf.ed.ac.uk/192.168.16.102:8032
2018-10-13 07:09:24,939 INFO  [main] hdfs.DFSClient (DFSClient.java:getDelegationToken(689)) - Created HDFS_DELEGATION_TOKEN token 6176 for s1837504 on 192.168.16.101:8020
2018-10-13 07:09:24,978 INFO  [main] security.TokenCache (TokenCache.java:obtainTokensForNamenodesInternal(143)) - Got dt for hdfs://scutter01.inf.ed.ac.uk:8020; Kind: HDFS_DELEGATION_TOKEN, Service: 192.168.16.101:8020, Ident: (HDFS_DELEGATION_TOKEN token 6176 for s1837504)
2018-10-13 07:09:25,344 INFO  [main] mapred.FileInputFormat (FileInputFormat.java:listStatus(256)) - Total input files to process : 2
2018-10-13 07:09:25,617 INFO  [main] mapreduce.JobSubmitter (JobSubmitter.java:submitJobInternal(204)) - number of splits:2
2018-10-13 07:09:25,745 INFO  [main] Configuration.deprecation (Configuration.java:logDeprecation(1297)) - yarn.resourcemanager.system-metrics-publisher.enabled is deprecated. Instead, use yarn.system-metrics-publisher.enabled
2018-10-13 07:09:25,829 INFO  [main] mapreduce.JobSubmitter (JobSubmitter.java:printTokens(300)) - Submitting tokens for job: job_1537968858837_5731
2018-10-13 07:09:25,830 INFO  [main] mapreduce.JobSubmitter (JobSubmitter.java:printTokens(302)) - Kind: HDFS_DELEGATION_TOKEN, Service: 192.168.16.101:8020, Ident: (HDFS_DELEGATION_TOKEN token 6176 for s1837504)
2018-10-13 07:09:26,041 INFO  [main] impl.YarnClientImpl (YarnClientImpl.java:submitApplication(290)) - Submitted application application_1537968858837_5731
2018-10-13 07:09:26,081 INFO  [main] mapreduce.Job (Job.java:submit(1574)) - The url to track the job: http://scutter02.inf.ed.ac.uk:8088/proxy/application_1537968858837_5731/
2018-10-13 07:09:26,082 INFO  [main] mapreduce.Job (Job.java:monitorAndPrintJob(1619)) - Running job: job_1537968858837_5731
2018-10-13 07:09:34,232 INFO  [main] mapreduce.Job (Job.java:monitorAndPrintJob(1640)) - Job job_1537968858837_5731 running in uber mode : false
2018-10-13 07:09:34,234 INFO  [main] mapreduce.Job (Job.java:monitorAndPrintJob(1647)) -  map 0% reduce 0%
2018-10-13 07:09:41,320 INFO  [main] mapreduce.Job (Job.java:monitorAndPrintJob(1647)) -  map 100% reduce 0%
2018-10-13 07:09:48,361 INFO  [main] mapreduce.Job (Job.java:monitorAndPrintJob(1647)) -  map 100% reduce 100%
2018-10-13 07:09:49,378 INFO  [main] mapreduce.Job (Job.java:monitorAndPrintJob(1658)) - Job job_1537968858837_5731 completed successfully
2018-10-13 07:09:49,505 INFO  [main] mapreduce.Job (Job.java:monitorAndPrintJob(1665)) - Counters: 50
	File System Counters
		FILE: Number of bytes read=178
		FILE: Number of bytes written=814838
		FILE: Number of read operations=0
		FILE: Number of large read operations=0
		FILE: Number of write operations=0
		HDFS: Number of bytes read=621
		HDFS: Number of bytes written=63
		HDFS: Number of read operations=12
		HDFS: Number of large read operations=0
		HDFS: Number of write operations=4
	Job Counters 
		Launched map tasks=2
		Launched reduce tasks=2
		Data-local map tasks=1
		Rack-local map tasks=1
		Total time spent by all maps in occupied slots (ms)=19108
		Total time spent by all reduces in occupied slots (ms)=37796
		Total time spent by all map tasks (ms)=9554
		Total time spent by all reduce tasks (ms)=9449
		Total vcore-milliseconds taken by all map tasks=9554
		Total vcore-milliseconds taken by all reduce tasks=9449
		Total megabyte-milliseconds taken by all map tasks=39133184
		Total megabyte-milliseconds taken by all reduce tasks=77406208
	Map-Reduce Framework
		Map input records=39
		Map output records=12
		Map output bytes=142
		Map output materialized bytes=190
		Input split bytes=270
		Combine input records=0
		Combine output records=0
		Reduce input groups=7
		Reduce shuffle bytes=190
		Reduce input records=12
		Reduce output records=7
		Spilled Records=24
		Shuffled Maps =4
		Failed Shuffles=0
		Merged Map outputs=4
		GC time elapsed (ms)=259
		CPU time spent (ms)=4000
		Physical memory (bytes) snapshot=1459671040
		Virtual memory (bytes) snapshot=28269551616
		Total committed heap usage (bytes)=2978480128
	Shuffle Errors
		BAD_ID=0
		CONNECTION=0
		IO_ERROR=0
		WRONG_LENGTH=0
		WRONG_MAP=0
		WRONG_REDUCE=0
	File Input Format Counters 
		Bytes Read=351
	File Output Format Counters 
		Bytes Written=63
2018-10-13 07:09:49,506 INFO  [main] streaming.StreamJob (StreamJob.java:submitAndMonitorJob(1025)) - Output directory: /user/s1837504/output/task8/small/job2

real	0m26.921s
user	0m9.298s
sys	0m0.682s
