2018-10-15 01:31:10,869 WARN  [main] streaming.StreamJob (StreamJob.java:parseArgv(291)) - -file option is deprecated, please use generic option -files instead.
packageJobJar: [mapper.py, reducer.py, /tmp/hadoop-unjar3147279827049852167/] [] /tmp/streamjob6426862451153570841.jar tmpDir=null
2018-10-15 01:31:11,882 INFO  [main] client.RMProxy (RMProxy.java:newProxyInstance(133)) - Connecting to ResourceManager at scutter02.inf.ed.ac.uk/192.168.16.102:8032
2018-10-15 01:31:12,105 INFO  [main] client.RMProxy (RMProxy.java:newProxyInstance(133)) - Connecting to ResourceManager at scutter02.inf.ed.ac.uk/192.168.16.102:8032
2018-10-15 01:31:12,348 INFO  [main] hdfs.DFSClient (DFSClient.java:getDelegationToken(689)) - Created HDFS_DELEGATION_TOKEN token 7635 for s1837504 on 192.168.16.101:8020
2018-10-15 01:31:12,386 INFO  [main] security.TokenCache (TokenCache.java:obtainTokensForNamenodesInternal(143)) - Got dt for hdfs://scutter01.inf.ed.ac.uk:8020; Kind: HDFS_DELEGATION_TOKEN, Service: 192.168.16.101:8020, Ident: (HDFS_DELEGATION_TOKEN token 7635 for s1837504)
2018-10-15 01:31:12,748 INFO  [main] mapred.FileInputFormat (FileInputFormat.java:listStatus(256)) - Total input files to process : 2
2018-10-15 01:31:13,033 INFO  [main] mapreduce.JobSubmitter (JobSubmitter.java:submitJobInternal(204)) - number of splits:3
2018-10-15 01:31:13,160 INFO  [main] Configuration.deprecation (Configuration.java:logDeprecation(1297)) - yarn.resourcemanager.system-metrics-publisher.enabled is deprecated. Instead, use yarn.system-metrics-publisher.enabled
2018-10-15 01:31:13,245 INFO  [main] mapreduce.JobSubmitter (JobSubmitter.java:printTokens(300)) - Submitting tokens for job: job_1537968858837_7127
2018-10-15 01:31:13,246 INFO  [main] mapreduce.JobSubmitter (JobSubmitter.java:printTokens(302)) - Kind: HDFS_DELEGATION_TOKEN, Service: 192.168.16.101:8020, Ident: (HDFS_DELEGATION_TOKEN token 7635 for s1837504)
2018-10-15 01:31:13,654 INFO  [main] impl.YarnClientImpl (YarnClientImpl.java:submitApplication(290)) - Submitted application application_1537968858837_7127
2018-10-15 01:31:13,708 INFO  [main] mapreduce.Job (Job.java:submit(1574)) - The url to track the job: http://scutter02.inf.ed.ac.uk:8088/proxy/application_1537968858837_7127/
2018-10-15 01:31:13,710 INFO  [main] mapreduce.Job (Job.java:monitorAndPrintJob(1619)) - Running job: job_1537968858837_7127
2018-10-15 01:31:21,958 INFO  [main] mapreduce.Job (Job.java:monitorAndPrintJob(1640)) - Job job_1537968858837_7127 running in uber mode : false
2018-10-15 01:31:21,960 INFO  [main] mapreduce.Job (Job.java:monitorAndPrintJob(1647)) -  map 0% reduce 0%
2018-10-15 01:31:28,042 INFO  [main] mapreduce.Job (Job.java:monitorAndPrintJob(1647)) -  map 100% reduce 0%
2018-10-15 01:31:35,086 INFO  [main] mapreduce.Job (Job.java:monitorAndPrintJob(1647)) -  map 100% reduce 100%
2018-10-15 01:31:35,095 INFO  [main] mapreduce.Job (Job.java:monitorAndPrintJob(1658)) - Job job_1537968858837_7127 completed successfully
2018-10-15 01:31:35,231 INFO  [main] mapreduce.Job (Job.java:monitorAndPrintJob(1665)) - Counters: 51
	File System Counters
		FILE: Number of bytes read=243927
		FILE: Number of bytes written=1508080
		FILE: Number of read operations=0
		FILE: Number of large read operations=0
		FILE: Number of write operations=0
		HDFS: Number of bytes read=293842
		HDFS: Number of bytes written=12144
		HDFS: Number of read operations=15
		HDFS: Number of large read operations=0
		HDFS: Number of write operations=4
	Job Counters 
		Killed reduce tasks=1
		Launched map tasks=3
		Launched reduce tasks=2
		Data-local map tasks=2
		Rack-local map tasks=1
		Total time spent by all maps in occupied slots (ms)=28626
		Total time spent by all reduces in occupied slots (ms)=38356
		Total time spent by all map tasks (ms)=14313
		Total time spent by all reduce tasks (ms)=9589
		Total vcore-milliseconds taken by all map tasks=14313
		Total vcore-milliseconds taken by all reduce tasks=9589
		Total megabyte-milliseconds taken by all map tasks=58626048
		Total megabyte-milliseconds taken by all reduce tasks=78553088
	Map-Reduce Framework
		Map input records=3452
		Map output records=10628
		Map output bytes=222659
		Map output materialized bytes=243951
		Input split bytes=355
		Combine input records=0
		Combine output records=0
		Reduce input groups=10628
		Reduce shuffle bytes=243951
		Reduce input records=10628
		Reduce output records=1104
		Spilled Records=21256
		Shuffled Maps =6
		Failed Shuffles=0
		Merged Map outputs=6
		GC time elapsed (ms)=317
		CPU time spent (ms)=7220
		Physical memory (bytes) snapshot=1871171584
		Virtual memory (bytes) snapshot=33637535744
		Total committed heap usage (bytes)=4271374336
	Shuffle Errors
		BAD_ID=0
		CONNECTION=0
		IO_ERROR=0
		WRONG_LENGTH=0
		WRONG_MAP=0
		WRONG_REDUCE=0
	File Input Format Counters 
		Bytes Read=293487
	File Output Format Counters 
		Bytes Written=12144
2018-10-15 01:31:35,232 INFO  [main] streaming.StreamJob (StreamJob.java:submitAndMonitorJob(1025)) - Output directory: /user/s1837504/output/task10/small

real	0m25.276s
user	0m9.042s
sys	0m0.696s
