2018-10-15 02:17:03,832 WARN  [main] streaming.StreamJob (StreamJob.java:parseArgv(291)) - -file option is deprecated, please use generic option -files instead.
packageJobJar: [mapper.py, reducer.py, /tmp/hadoop-unjar6162882403270751428/] [] /tmp/streamjob6115030170268582117.jar tmpDir=null
2018-10-15 02:17:04,812 INFO  [main] client.RMProxy (RMProxy.java:newProxyInstance(133)) - Connecting to ResourceManager at scutter02.inf.ed.ac.uk/192.168.16.102:8032
2018-10-15 02:17:05,034 INFO  [main] client.RMProxy (RMProxy.java:newProxyInstance(133)) - Connecting to ResourceManager at scutter02.inf.ed.ac.uk/192.168.16.102:8032
2018-10-15 02:17:05,283 INFO  [main] hdfs.DFSClient (DFSClient.java:getDelegationToken(689)) - Created HDFS_DELEGATION_TOKEN token 7645 for s1837504 on 192.168.16.101:8020
2018-10-15 02:17:05,324 INFO  [main] security.TokenCache (TokenCache.java:obtainTokensForNamenodesInternal(143)) - Got dt for hdfs://scutter01.inf.ed.ac.uk:8020; Kind: HDFS_DELEGATION_TOKEN, Service: 192.168.16.101:8020, Ident: (HDFS_DELEGATION_TOKEN token 7645 for s1837504)
2018-10-15 02:17:05,697 INFO  [main] mapred.FileInputFormat (FileInputFormat.java:listStatus(256)) - Total input files to process : 2
2018-10-15 02:17:05,986 INFO  [main] mapreduce.JobSubmitter (JobSubmitter.java:submitJobInternal(204)) - number of splits:3
2018-10-15 02:17:06,113 INFO  [main] Configuration.deprecation (Configuration.java:logDeprecation(1297)) - yarn.resourcemanager.system-metrics-publisher.enabled is deprecated. Instead, use yarn.system-metrics-publisher.enabled
2018-10-15 02:17:06,194 INFO  [main] mapreduce.JobSubmitter (JobSubmitter.java:printTokens(300)) - Submitting tokens for job: job_1537968858837_7137
2018-10-15 02:17:06,195 INFO  [main] mapreduce.JobSubmitter (JobSubmitter.java:printTokens(302)) - Kind: HDFS_DELEGATION_TOKEN, Service: 192.168.16.101:8020, Ident: (HDFS_DELEGATION_TOKEN token 7645 for s1837504)
2018-10-15 02:17:06,577 INFO  [main] impl.YarnClientImpl (YarnClientImpl.java:submitApplication(290)) - Submitted application application_1537968858837_7137
2018-10-15 02:17:06,632 INFO  [main] mapreduce.Job (Job.java:submit(1574)) - The url to track the job: http://scutter02.inf.ed.ac.uk:8088/proxy/application_1537968858837_7137/
2018-10-15 02:17:06,635 INFO  [main] mapreduce.Job (Job.java:monitorAndPrintJob(1619)) - Running job: job_1537968858837_7137
2018-10-15 02:17:13,766 INFO  [main] mapreduce.Job (Job.java:monitorAndPrintJob(1640)) - Job job_1537968858837_7137 running in uber mode : false
2018-10-15 02:17:13,767 INFO  [main] mapreduce.Job (Job.java:monitorAndPrintJob(1647)) -  map 0% reduce 0%
2018-10-15 02:17:20,853 INFO  [main] mapreduce.Job (Job.java:monitorAndPrintJob(1647)) -  map 100% reduce 0%
2018-10-15 02:17:25,885 INFO  [main] mapreduce.Job (Job.java:monitorAndPrintJob(1647)) -  map 100% reduce 50%
2018-10-15 02:17:27,896 INFO  [main] mapreduce.Job (Job.java:monitorAndPrintJob(1647)) -  map 100% reduce 100%
2018-10-15 02:17:27,908 INFO  [main] mapreduce.Job (Job.java:monitorAndPrintJob(1658)) - Job job_1537968858837_7137 completed successfully
2018-10-15 02:17:28,036 INFO  [main] mapreduce.Job (Job.java:monitorAndPrintJob(1665)) - Counters: 50
	File System Counters
		FILE: Number of bytes read=243927
		FILE: Number of bytes written=1510055
		FILE: Number of read operations=0
		FILE: Number of large read operations=0
		FILE: Number of write operations=0
		HDFS: Number of bytes read=293842
		HDFS: Number of bytes written=23554
		HDFS: Number of read operations=15
		HDFS: Number of large read operations=0
		HDFS: Number of write operations=4
	Job Counters 
		Killed reduce tasks=1
		Launched map tasks=3
		Launched reduce tasks=2
		Data-local map tasks=3
		Total time spent by all maps in occupied slots (ms)=27976
		Total time spent by all reduces in occupied slots (ms)=30696
		Total time spent by all map tasks (ms)=13988
		Total time spent by all reduce tasks (ms)=7674
		Total vcore-milliseconds taken by all map tasks=13988
		Total vcore-milliseconds taken by all reduce tasks=7674
		Total megabyte-milliseconds taken by all map tasks=57294848
		Total megabyte-milliseconds taken by all reduce tasks=62865408
	Map-Reduce Framework
		Map input records=3452
		Map output records=10628
		Map output bytes=222659
		Map output materialized bytes=243951
		Input split bytes=355
		Combine input records=0
		Combine output records=0
		Reduce input groups=10628
		Reduce shuffle bytes=243951
		Reduce input records=10628
		Reduce output records=2141
		Spilled Records=21256
		Shuffled Maps =6
		Failed Shuffles=0
		Merged Map outputs=6
		GC time elapsed (ms)=347
		CPU time spent (ms)=7590
		Physical memory (bytes) snapshot=1828904960
		Virtual memory (bytes) snapshot=33584910336
		Total committed heap usage (bytes)=5253365760
	Shuffle Errors
		BAD_ID=0
		CONNECTION=0
		IO_ERROR=0
		WRONG_LENGTH=0
		WRONG_MAP=0
		WRONG_REDUCE=0
	File Input Format Counters 
		Bytes Read=293487
	File Output Format Counters 
		Bytes Written=23554
2018-10-15 02:17:28,036 INFO  [main] streaming.StreamJob (StreamJob.java:submitAndMonitorJob(1025)) - Output directory: /user/s1837504/output/task10/small

real	0m25.117s
user	0m9.244s
sys	0m0.635s
