2018-10-15 00:14:32,366 WARN  [main] streaming.StreamJob (StreamJob.java:parseArgv(291)) - -file option is deprecated, please use generic option -files instead.
packageJobJar: [mapper.py, combiner.py, reducer.py, /tmp/hadoop-unjar6136326230139859676/] [] /tmp/streamjob4447772051280204447.jar tmpDir=null
2018-10-15 00:14:33,304 INFO  [main] client.RMProxy (RMProxy.java:newProxyInstance(133)) - Connecting to ResourceManager at scutter02.inf.ed.ac.uk/192.168.16.102:8032
2018-10-15 00:14:33,517 INFO  [main] client.RMProxy (RMProxy.java:newProxyInstance(133)) - Connecting to ResourceManager at scutter02.inf.ed.ac.uk/192.168.16.102:8032
2018-10-15 00:14:33,795 INFO  [main] hdfs.DFSClient (DFSClient.java:getDelegationToken(689)) - Created HDFS_DELEGATION_TOKEN token 7601 for s1837504 on 192.168.16.101:8020
2018-10-15 00:14:33,835 INFO  [main] security.TokenCache (TokenCache.java:obtainTokensForNamenodesInternal(143)) - Got dt for hdfs://scutter01.inf.ed.ac.uk:8020; Kind: HDFS_DELEGATION_TOKEN, Service: 192.168.16.101:8020, Ident: (HDFS_DELEGATION_TOKEN token 7601 for s1837504)
2018-10-15 00:14:34,257 INFO  [main] mapred.FileInputFormat (FileInputFormat.java:listStatus(256)) - Total input files to process : 2
2018-10-15 00:14:34,559 INFO  [main] mapreduce.JobSubmitter (JobSubmitter.java:submitJobInternal(204)) - number of splits:3
2018-10-15 00:14:34,685 INFO  [main] Configuration.deprecation (Configuration.java:logDeprecation(1297)) - yarn.resourcemanager.system-metrics-publisher.enabled is deprecated. Instead, use yarn.system-metrics-publisher.enabled
2018-10-15 00:14:34,766 INFO  [main] mapreduce.JobSubmitter (JobSubmitter.java:printTokens(300)) - Submitting tokens for job: job_1537968858837_7097
2018-10-15 00:14:34,766 INFO  [main] mapreduce.JobSubmitter (JobSubmitter.java:printTokens(302)) - Kind: HDFS_DELEGATION_TOKEN, Service: 192.168.16.101:8020, Ident: (HDFS_DELEGATION_TOKEN token 7601 for s1837504)
2018-10-15 00:14:35,147 INFO  [main] impl.YarnClientImpl (YarnClientImpl.java:submitApplication(290)) - Submitted application application_1537968858837_7097
2018-10-15 00:14:35,202 INFO  [main] mapreduce.Job (Job.java:submit(1574)) - The url to track the job: http://scutter02.inf.ed.ac.uk:8088/proxy/application_1537968858837_7097/
2018-10-15 00:14:35,204 INFO  [main] mapreduce.Job (Job.java:monitorAndPrintJob(1619)) - Running job: job_1537968858837_7097
2018-10-15 00:14:42,336 INFO  [main] mapreduce.Job (Job.java:monitorAndPrintJob(1640)) - Job job_1537968858837_7097 running in uber mode : false
2018-10-15 00:14:42,338 INFO  [main] mapreduce.Job (Job.java:monitorAndPrintJob(1647)) -  map 0% reduce 0%
2018-10-15 00:14:49,425 INFO  [main] mapreduce.Job (Job.java:monitorAndPrintJob(1647)) -  map 100% reduce 0%
2018-10-15 00:14:54,456 INFO  [main] mapreduce.Job (Job.java:monitorAndPrintJob(1647)) -  map 100% reduce 50%
2018-10-15 00:14:56,468 INFO  [main] mapreduce.Job (Job.java:monitorAndPrintJob(1647)) -  map 100% reduce 100%
2018-10-15 00:14:56,480 INFO  [main] mapreduce.Job (Job.java:monitorAndPrintJob(1658)) - Job job_1537968858837_7097 completed successfully
2018-10-15 00:14:56,611 INFO  [main] mapreduce.Job (Job.java:monitorAndPrintJob(1665)) - Counters: 50
	File System Counters
		FILE: Number of bytes read=156909
		FILE: Number of bytes written=1338534
		FILE: Number of read operations=0
		FILE: Number of large read operations=0
		FILE: Number of write operations=0
		HDFS: Number of bytes read=293842
		HDFS: Number of bytes written=147361
		HDFS: Number of read operations=15
		HDFS: Number of large read operations=0
		HDFS: Number of write operations=4
	Job Counters 
		Launched map tasks=3
		Launched reduce tasks=2
		Data-local map tasks=2
		Rack-local map tasks=1
		Total time spent by all maps in occupied slots (ms)=28016
		Total time spent by all reduces in occupied slots (ms)=29508
		Total time spent by all map tasks (ms)=14008
		Total time spent by all reduce tasks (ms)=7377
		Total vcore-milliseconds taken by all map tasks=14008
		Total vcore-milliseconds taken by all reduce tasks=7377
		Total megabyte-milliseconds taken by all map tasks=57376768
		Total megabyte-milliseconds taken by all reduce tasks=60432384
	Map-Reduce Framework
		Map input records=3452
		Map output records=10628
		Map output bytes=222659
		Map output materialized bytes=156933
		Input split bytes=355
		Combine input records=10628
		Combine output records=4622
		Reduce input groups=4302
		Reduce shuffle bytes=156933
		Reduce input records=4622
		Reduce output records=4622
		Spilled Records=9244
		Shuffled Maps =6
		Failed Shuffles=0
		Merged Map outputs=6
		GC time elapsed (ms)=307
		CPU time spent (ms)=7270
		Physical memory (bytes) snapshot=1985884160
		Virtual memory (bytes) snapshot=33650962432
		Total committed heap usage (bytes)=4117757952
	Shuffle Errors
		BAD_ID=0
		CONNECTION=0
		IO_ERROR=0
		WRONG_LENGTH=0
		WRONG_MAP=0
		WRONG_REDUCE=0
	File Input Format Counters 
		Bytes Read=293487
	File Output Format Counters 
		Bytes Written=147361
2018-10-15 00:14:56,612 INFO  [main] streaming.StreamJob (StreamJob.java:submitAndMonitorJob(1025)) - Output directory: /user/s1837504/output/task10/small

real	0m25.147s
user	0m9.246s
sys	0m0.648s
