2018-10-15 01:45:20,047 WARN  [main] streaming.StreamJob (StreamJob.java:parseArgv(291)) - -file option is deprecated, please use generic option -files instead.
packageJobJar: [mapper.py, reducer.py, /tmp/hadoop-unjar7299062265578413035/] [] /tmp/streamjob1981254832223491237.jar tmpDir=null
2018-10-15 01:45:20,952 INFO  [main] client.RMProxy (RMProxy.java:newProxyInstance(133)) - Connecting to ResourceManager at scutter02.inf.ed.ac.uk/192.168.16.102:8032
2018-10-15 01:45:21,203 INFO  [main] client.RMProxy (RMProxy.java:newProxyInstance(133)) - Connecting to ResourceManager at scutter02.inf.ed.ac.uk/192.168.16.102:8032
2018-10-15 01:45:21,469 INFO  [main] hdfs.DFSClient (DFSClient.java:getDelegationToken(689)) - Created HDFS_DELEGATION_TOKEN token 7640 for s1837504 on 192.168.16.101:8020
2018-10-15 01:45:21,502 INFO  [main] security.TokenCache (TokenCache.java:obtainTokensForNamenodesInternal(143)) - Got dt for hdfs://scutter01.inf.ed.ac.uk:8020; Kind: HDFS_DELEGATION_TOKEN, Service: 192.168.16.101:8020, Ident: (HDFS_DELEGATION_TOKEN token 7640 for s1837504)
2018-10-15 01:45:21,848 INFO  [main] mapred.FileInputFormat (FileInputFormat.java:listStatus(256)) - Total input files to process : 2
2018-10-15 01:45:22,131 INFO  [main] mapreduce.JobSubmitter (JobSubmitter.java:submitJobInternal(204)) - number of splits:3
2018-10-15 01:45:22,257 INFO  [main] Configuration.deprecation (Configuration.java:logDeprecation(1297)) - yarn.resourcemanager.system-metrics-publisher.enabled is deprecated. Instead, use yarn.system-metrics-publisher.enabled
2018-10-15 01:45:22,339 INFO  [main] mapreduce.JobSubmitter (JobSubmitter.java:printTokens(300)) - Submitting tokens for job: job_1537968858837_7132
2018-10-15 01:45:22,339 INFO  [main] mapreduce.JobSubmitter (JobSubmitter.java:printTokens(302)) - Kind: HDFS_DELEGATION_TOKEN, Service: 192.168.16.101:8020, Ident: (HDFS_DELEGATION_TOKEN token 7640 for s1837504)
2018-10-15 01:45:22,725 INFO  [main] impl.YarnClientImpl (YarnClientImpl.java:submitApplication(290)) - Submitted application application_1537968858837_7132
2018-10-15 01:45:22,778 INFO  [main] mapreduce.Job (Job.java:submit(1574)) - The url to track the job: http://scutter02.inf.ed.ac.uk:8088/proxy/application_1537968858837_7132/
2018-10-15 01:45:22,780 INFO  [main] mapreduce.Job (Job.java:monitorAndPrintJob(1619)) - Running job: job_1537968858837_7132
2018-10-15 01:45:29,908 INFO  [main] mapreduce.Job (Job.java:monitorAndPrintJob(1640)) - Job job_1537968858837_7132 running in uber mode : false
2018-10-15 01:45:29,909 INFO  [main] mapreduce.Job (Job.java:monitorAndPrintJob(1647)) -  map 0% reduce 0%
2018-10-15 01:45:36,995 INFO  [main] mapreduce.Job (Job.java:monitorAndPrintJob(1647)) -  map 100% reduce 0%
2018-10-15 01:45:44,036 INFO  [main] mapreduce.Job (Job.java:monitorAndPrintJob(1647)) -  map 100% reduce 100%
2018-10-15 01:45:44,048 INFO  [main] mapreduce.Job (Job.java:monitorAndPrintJob(1658)) - Job job_1537968858837_7132 completed successfully
2018-10-15 01:45:44,180 INFO  [main] mapreduce.Job (Job.java:monitorAndPrintJob(1665)) - Counters: 50
	File System Counters
		FILE: Number of bytes read=243927
		FILE: Number of bytes written=1510055
		FILE: Number of read operations=0
		FILE: Number of large read operations=0
		FILE: Number of write operations=0
		HDFS: Number of bytes read=293842
		HDFS: Number of bytes written=23554
		HDFS: Number of read operations=15
		HDFS: Number of large read operations=0
		HDFS: Number of write operations=4
	Job Counters 
		Killed map tasks=1
		Launched map tasks=3
		Launched reduce tasks=2
		Data-local map tasks=3
		Total time spent by all maps in occupied slots (ms)=27750
		Total time spent by all reduces in occupied slots (ms)=38648
		Total time spent by all map tasks (ms)=13875
		Total time spent by all reduce tasks (ms)=9662
		Total vcore-milliseconds taken by all map tasks=13875
		Total vcore-milliseconds taken by all reduce tasks=9662
		Total megabyte-milliseconds taken by all map tasks=56832000
		Total megabyte-milliseconds taken by all reduce tasks=79151104
	Map-Reduce Framework
		Map input records=3452
		Map output records=10628
		Map output bytes=222659
		Map output materialized bytes=243951
		Input split bytes=355
		Combine input records=0
		Combine output records=0
		Reduce input groups=10628
		Reduce shuffle bytes=243951
		Reduce input records=10628
		Reduce output records=2141
		Spilled Records=21256
		Shuffled Maps =6
		Failed Shuffles=0
		Merged Map outputs=6
		GC time elapsed (ms)=347
		CPU time spent (ms)=7350
		Physical memory (bytes) snapshot=1839874048
		Virtual memory (bytes) snapshot=33625403392
		Total committed heap usage (bytes)=4513595392
	Shuffle Errors
		BAD_ID=0
		CONNECTION=0
		IO_ERROR=0
		WRONG_LENGTH=0
		WRONG_MAP=0
		WRONG_REDUCE=0
	File Input Format Counters 
		Bytes Read=293487
	File Output Format Counters 
		Bytes Written=23554
2018-10-15 01:45:44,181 INFO  [main] streaming.StreamJob (StreamJob.java:submitAndMonitorJob(1025)) - Output directory: /user/s1837504/output/task10/small

real	0m25.045s
user	0m9.334s
sys	0m0.682s
