2018-10-15 02:17:54,782 WARN  [main] streaming.StreamJob (StreamJob.java:parseArgv(291)) - -file option is deprecated, please use generic option -files instead.
packageJobJar: [mapper.py, reducer.py, /tmp/hadoop-unjar5589516959963112298/] [] /tmp/streamjob8181637844974804606.jar tmpDir=null
2018-10-15 02:17:55,757 INFO  [main] client.RMProxy (RMProxy.java:newProxyInstance(133)) - Connecting to ResourceManager at scutter02.inf.ed.ac.uk/192.168.16.102:8032
2018-10-15 02:17:55,976 INFO  [main] client.RMProxy (RMProxy.java:newProxyInstance(133)) - Connecting to ResourceManager at scutter02.inf.ed.ac.uk/192.168.16.102:8032
2018-10-15 02:17:56,257 INFO  [main] hdfs.DFSClient (DFSClient.java:getDelegationToken(689)) - Created HDFS_DELEGATION_TOKEN token 7646 for s1837504 on 192.168.16.101:8020
2018-10-15 02:17:56,297 INFO  [main] security.TokenCache (TokenCache.java:obtainTokensForNamenodesInternal(143)) - Got dt for hdfs://scutter01.inf.ed.ac.uk:8020; Kind: HDFS_DELEGATION_TOKEN, Service: 192.168.16.101:8020, Ident: (HDFS_DELEGATION_TOKEN token 7646 for s1837504)
2018-10-15 02:17:56,674 INFO  [main] mapred.FileInputFormat (FileInputFormat.java:listStatus(256)) - Total input files to process : 2
2018-10-15 02:17:56,960 INFO  [main] mapreduce.JobSubmitter (JobSubmitter.java:submitJobInternal(204)) - number of splits:8
2018-10-15 02:17:57,089 INFO  [main] Configuration.deprecation (Configuration.java:logDeprecation(1297)) - yarn.resourcemanager.system-metrics-publisher.enabled is deprecated. Instead, use yarn.system-metrics-publisher.enabled
2018-10-15 02:17:57,172 INFO  [main] mapreduce.JobSubmitter (JobSubmitter.java:printTokens(300)) - Submitting tokens for job: job_1537968858837_7138
2018-10-15 02:17:57,172 INFO  [main] mapreduce.JobSubmitter (JobSubmitter.java:printTokens(302)) - Kind: HDFS_DELEGATION_TOKEN, Service: 192.168.16.101:8020, Ident: (HDFS_DELEGATION_TOKEN token 7646 for s1837504)
2018-10-15 02:17:57,558 INFO  [main] impl.YarnClientImpl (YarnClientImpl.java:submitApplication(290)) - Submitted application application_1537968858837_7138
2018-10-15 02:17:57,610 INFO  [main] mapreduce.Job (Job.java:submit(1574)) - The url to track the job: http://scutter02.inf.ed.ac.uk:8088/proxy/application_1537968858837_7138/
2018-10-15 02:17:57,612 INFO  [main] mapreduce.Job (Job.java:monitorAndPrintJob(1619)) - Running job: job_1537968858837_7138
2018-10-15 02:18:04,732 INFO  [main] mapreduce.Job (Job.java:monitorAndPrintJob(1640)) - Job job_1537968858837_7138 running in uber mode : false
2018-10-15 02:18:04,733 INFO  [main] mapreduce.Job (Job.java:monitorAndPrintJob(1647)) -  map 0% reduce 0%
2018-10-15 02:18:13,900 INFO  [main] mapreduce.Job (Job.java:monitorAndPrintJob(1647)) -  map 13% reduce 0%
2018-10-15 02:18:14,907 INFO  [main] mapreduce.Job (Job.java:monitorAndPrintJob(1647)) -  map 25% reduce 0%
2018-10-15 02:18:16,918 INFO  [main] mapreduce.Job (Job.java:monitorAndPrintJob(1647)) -  map 50% reduce 0%
2018-10-15 02:18:22,951 INFO  [main] mapreduce.Job (Job.java:monitorAndPrintJob(1647)) -  map 58% reduce 0%
2018-10-15 02:18:23,957 INFO  [main] mapreduce.Job (Job.java:monitorAndPrintJob(1647)) -  map 88% reduce 0%
2018-10-15 02:18:25,967 INFO  [main] mapreduce.Job (Job.java:monitorAndPrintJob(1647)) -  map 92% reduce 0%
2018-10-15 02:18:26,973 INFO  [main] mapreduce.Job (Job.java:monitorAndPrintJob(1647)) -  map 96% reduce 0%
2018-10-15 02:18:28,983 INFO  [main] mapreduce.Job (Job.java:monitorAndPrintJob(1647)) -  map 100% reduce 0%
2018-10-15 02:18:29,989 INFO  [main] mapreduce.Job (Job.java:monitorAndPrintJob(1647)) -  map 100% reduce 17%
2018-10-15 02:18:31,998 INFO  [main] mapreduce.Job (Job.java:monitorAndPrintJob(1647)) -  map 100% reduce 45%
2018-10-15 02:18:36,017 INFO  [main] mapreduce.Job (Job.java:monitorAndPrintJob(1647)) -  map 100% reduce 66%
2018-10-15 02:18:38,026 INFO  [main] mapreduce.Job (Job.java:monitorAndPrintJob(1647)) -  map 100% reduce 81%
2018-10-15 02:18:43,050 INFO  [main] mapreduce.Job (Job.java:monitorAndPrintJob(1647)) -  map 100% reduce 98%
2018-10-15 02:18:44,055 INFO  [main] mapreduce.Job (Job.java:monitorAndPrintJob(1647)) -  map 100% reduce 100%
2018-10-15 02:18:44,064 INFO  [main] mapreduce.Job (Job.java:monitorAndPrintJob(1658)) - Job job_1537968858837_7138 completed successfully
2018-10-15 02:18:44,199 INFO  [main] mapreduce.Job (Job.java:monitorAndPrintJob(1665)) - Counters: 51
	File System Counters
		FILE: Number of bytes read=704550012
		FILE: Number of bytes written=1075671414
		FILE: Number of read operations=0
		FILE: Number of large read operations=0
		FILE: Number of write operations=0
		HDFS: Number of bytes read=982894550
		HDFS: Number of bytes written=72293341
		HDFS: Number of read operations=30
		HDFS: Number of large read operations=0
		HDFS: Number of write operations=4
	Job Counters 
		Killed map tasks=1
		Launched map tasks=8
		Launched reduce tasks=2
		Data-local map tasks=6
		Rack-local map tasks=2
		Total time spent by all maps in occupied slots (ms)=217776
		Total time spent by all reduces in occupied slots (ms)=216724
		Total time spent by all map tasks (ms)=108888
		Total time spent by all reduce tasks (ms)=54181
		Total vcore-milliseconds taken by all map tasks=108888
		Total vcore-milliseconds taken by all reduce tasks=54181
		Total megabyte-milliseconds taken by all map tasks=446005248
		Total megabyte-milliseconds taken by all reduce tasks=443850752
	Map-Reduce Framework
		Map input records=14141639
		Map output records=16825094
		Map output bytes=335441829
		Map output materialized bytes=369092113
		Input split bytes=948
		Combine input records=0
		Combine output records=0
		Reduce input groups=16825094
		Reduce shuffle bytes=369092113
		Reduce input records=16825094
		Reduce output records=6568047
		Spilled Records=48231991
		Shuffled Maps =16
		Failed Shuffles=0
		Merged Map outputs=16
		GC time elapsed (ms)=1793
		CPU time spent (ms)=191560
		Physical memory (bytes) snapshot=9264427008
		Virtual memory (bytes) snapshot=60509749248
		Total committed heap usage (bytes)=14608236544
	Shuffle Errors
		BAD_ID=0
		CONNECTION=0
		IO_ERROR=0
		WRONG_LENGTH=0
		WRONG_MAP=0
		WRONG_REDUCE=0
	File Input Format Counters 
		Bytes Read=982893602
	File Output Format Counters 
		Bytes Written=72293341
2018-10-15 02:18:44,199 INFO  [main] streaming.StreamJob (StreamJob.java:submitAndMonitorJob(1025)) - Output directory: /user/s1837504/output/task10/large

real	0m50.294s
user	0m9.642s
sys	0m0.686s
