2018-10-14 23:40:35,197 WARN  [main] streaming.StreamJob (StreamJob.java:parseArgv(291)) - -file option is deprecated, please use generic option -files instead.
packageJobJar: [mapper.py, reducer.py, /tmp/hadoop-unjar4038934706255560359/] [] /tmp/streamjob6084795970653518238.jar tmpDir=null
2018-10-14 23:40:36,176 INFO  [main] client.RMProxy (RMProxy.java:newProxyInstance(133)) - Connecting to ResourceManager at scutter02.inf.ed.ac.uk/192.168.16.102:8032
2018-10-14 23:40:36,387 INFO  [main] client.RMProxy (RMProxy.java:newProxyInstance(133)) - Connecting to ResourceManager at scutter02.inf.ed.ac.uk/192.168.16.102:8032
2018-10-14 23:40:36,653 INFO  [main] hdfs.DFSClient (DFSClient.java:getDelegationToken(689)) - Created HDFS_DELEGATION_TOKEN token 7577 for s1837504 on 192.168.16.101:8020
2018-10-14 23:40:36,682 INFO  [main] security.TokenCache (TokenCache.java:obtainTokensForNamenodesInternal(143)) - Got dt for hdfs://scutter01.inf.ed.ac.uk:8020; Kind: HDFS_DELEGATION_TOKEN, Service: 192.168.16.101:8020, Ident: (HDFS_DELEGATION_TOKEN token 7577 for s1837504)
2018-10-14 23:40:37,027 INFO  [main] mapred.FileInputFormat (FileInputFormat.java:listStatus(256)) - Total input files to process : 2
2018-10-14 23:40:37,312 INFO  [main] mapreduce.JobSubmitter (JobSubmitter.java:submitJobInternal(204)) - number of splits:3
2018-10-14 23:40:37,439 INFO  [main] Configuration.deprecation (Configuration.java:logDeprecation(1297)) - yarn.resourcemanager.system-metrics-publisher.enabled is deprecated. Instead, use yarn.system-metrics-publisher.enabled
2018-10-14 23:40:37,532 INFO  [main] mapreduce.JobSubmitter (JobSubmitter.java:printTokens(300)) - Submitting tokens for job: job_1537968858837_7073
2018-10-14 23:40:37,532 INFO  [main] mapreduce.JobSubmitter (JobSubmitter.java:printTokens(302)) - Kind: HDFS_DELEGATION_TOKEN, Service: 192.168.16.101:8020, Ident: (HDFS_DELEGATION_TOKEN token 7577 for s1837504)
2018-10-14 23:40:37,936 INFO  [main] impl.YarnClientImpl (YarnClientImpl.java:submitApplication(290)) - Submitted application application_1537968858837_7073
2018-10-14 23:40:37,981 INFO  [main] mapreduce.Job (Job.java:submit(1574)) - The url to track the job: http://scutter02.inf.ed.ac.uk:8088/proxy/application_1537968858837_7073/
2018-10-14 23:40:37,983 INFO  [main] mapreduce.Job (Job.java:monitorAndPrintJob(1619)) - Running job: job_1537968858837_7073
2018-10-14 23:40:45,110 INFO  [main] mapreduce.Job (Job.java:monitorAndPrintJob(1640)) - Job job_1537968858837_7073 running in uber mode : false
2018-10-14 23:40:45,111 INFO  [main] mapreduce.Job (Job.java:monitorAndPrintJob(1647)) -  map 0% reduce 0%
2018-10-14 23:40:52,236 INFO  [main] mapreduce.Job (Job.java:monitorAndPrintJob(1647)) -  map 100% reduce 0%
2018-10-14 23:40:57,267 INFO  [main] mapreduce.Job (Job.java:monitorAndPrintJob(1647)) -  map 100% reduce 50%
2018-10-14 23:40:59,278 INFO  [main] mapreduce.Job (Job.java:monitorAndPrintJob(1647)) -  map 100% reduce 100%
2018-10-14 23:40:59,290 INFO  [main] mapreduce.Job (Job.java:monitorAndPrintJob(1658)) - Job job_1537968858837_7073 completed successfully
2018-10-14 23:40:59,425 INFO  [main] mapreduce.Job (Job.java:monitorAndPrintJob(1665)) - Counters: 51
	File System Counters
		FILE: Number of bytes read=243927
		FILE: Number of bytes written=1508085
		FILE: Number of read operations=0
		FILE: Number of large read operations=0
		FILE: Number of write operations=0
		HDFS: Number of bytes read=293842
		HDFS: Number of bytes written=212031
		HDFS: Number of read operations=15
		HDFS: Number of large read operations=0
		HDFS: Number of write operations=4
	Job Counters 
		Killed map tasks=1
		Launched map tasks=3
		Launched reduce tasks=2
		Data-local map tasks=2
		Rack-local map tasks=1
		Total time spent by all maps in occupied slots (ms)=27654
		Total time spent by all reduces in occupied slots (ms)=30296
		Total time spent by all map tasks (ms)=13827
		Total time spent by all reduce tasks (ms)=7574
		Total vcore-milliseconds taken by all map tasks=13827
		Total vcore-milliseconds taken by all reduce tasks=7574
		Total megabyte-milliseconds taken by all map tasks=56635392
		Total megabyte-milliseconds taken by all reduce tasks=62046208
	Map-Reduce Framework
		Map input records=3452
		Map output records=10628
		Map output bytes=222659
		Map output materialized bytes=243951
		Input split bytes=355
		Combine input records=0
		Combine output records=0
		Reduce input groups=10628
		Reduce shuffle bytes=243951
		Reduce input records=10628
		Reduce output records=10628
		Spilled Records=21256
		Shuffled Maps =6
		Failed Shuffles=0
		Merged Map outputs=6
		GC time elapsed (ms)=351
		CPU time spent (ms)=7240
		Physical memory (bytes) snapshot=1866158080
		Virtual memory (bytes) snapshot=33641725952
		Total committed heap usage (bytes)=4395106304
	Shuffle Errors
		BAD_ID=0
		CONNECTION=0
		IO_ERROR=0
		WRONG_LENGTH=0
		WRONG_MAP=0
		WRONG_REDUCE=0
	File Input Format Counters 
		Bytes Read=293487
	File Output Format Counters 
		Bytes Written=212031
2018-10-14 23:40:59,426 INFO  [main] streaming.StreamJob (StreamJob.java:submitAndMonitorJob(1025)) - Output directory: /user/s1837504/output/task10/small

real	0m25.105s
user	0m9.312s
sys	0m0.618s
