2018-10-14 18:41:00,575 WARN  [main] streaming.StreamJob (StreamJob.java:parseArgv(291)) - -file option is deprecated, please use generic option -files instead.
packageJobJar: [mapper.py, reducer.py, /tmp/hadoop-unjar2197607339579710511/] [] /tmp/streamjob3942417765055561313.jar tmpDir=null
2018-10-14 18:41:01,557 INFO  [main] client.RMProxy (RMProxy.java:newProxyInstance(133)) - Connecting to ResourceManager at scutter02.inf.ed.ac.uk/192.168.16.102:8032
2018-10-14 18:41:01,787 INFO  [main] client.RMProxy (RMProxy.java:newProxyInstance(133)) - Connecting to ResourceManager at scutter02.inf.ed.ac.uk/192.168.16.102:8032
2018-10-14 18:41:02,035 INFO  [main] hdfs.DFSClient (DFSClient.java:getDelegationToken(689)) - Created HDFS_DELEGATION_TOKEN token 7229 for s1837504 on 192.168.16.101:8020
2018-10-14 18:41:02,062 INFO  [main] security.TokenCache (TokenCache.java:obtainTokensForNamenodesInternal(143)) - Got dt for hdfs://scutter01.inf.ed.ac.uk:8020; Kind: HDFS_DELEGATION_TOKEN, Service: 192.168.16.101:8020, Ident: (HDFS_DELEGATION_TOKEN token 7229 for s1837504)
2018-10-14 18:41:02,410 INFO  [main] mapred.FileInputFormat (FileInputFormat.java:listStatus(256)) - Total input files to process : 1
2018-10-14 18:41:02,694 INFO  [main] mapreduce.JobSubmitter (JobSubmitter.java:submitJobInternal(204)) - number of splits:2
2018-10-14 18:41:02,822 INFO  [main] Configuration.deprecation (Configuration.java:logDeprecation(1297)) - yarn.resourcemanager.system-metrics-publisher.enabled is deprecated. Instead, use yarn.system-metrics-publisher.enabled
2018-10-14 18:41:02,905 INFO  [main] mapreduce.JobSubmitter (JobSubmitter.java:printTokens(300)) - Submitting tokens for job: job_1537968858837_6731
2018-10-14 18:41:02,905 INFO  [main] mapreduce.JobSubmitter (JobSubmitter.java:printTokens(302)) - Kind: HDFS_DELEGATION_TOKEN, Service: 192.168.16.101:8020, Ident: (HDFS_DELEGATION_TOKEN token 7229 for s1837504)
2018-10-14 18:41:03,286 INFO  [main] impl.YarnClientImpl (YarnClientImpl.java:submitApplication(290)) - Submitted application application_1537968858837_6731
2018-10-14 18:41:03,341 INFO  [main] mapreduce.Job (Job.java:submit(1574)) - The url to track the job: http://scutter02.inf.ed.ac.uk:8088/proxy/application_1537968858837_6731/
2018-10-14 18:41:03,344 INFO  [main] mapreduce.Job (Job.java:monitorAndPrintJob(1619)) - Running job: job_1537968858837_6731
2018-10-14 18:41:11,473 INFO  [main] mapreduce.Job (Job.java:monitorAndPrintJob(1640)) - Job job_1537968858837_6731 running in uber mode : false
2018-10-14 18:41:11,475 INFO  [main] mapreduce.Job (Job.java:monitorAndPrintJob(1647)) -  map 0% reduce 0%
2018-10-14 18:41:16,554 INFO  [main] mapreduce.Job (Job.java:monitorAndPrintJob(1647)) -  map 50% reduce 0%
2018-10-14 18:41:18,571 INFO  [main] mapreduce.Job (Job.java:monitorAndPrintJob(1647)) -  map 100% reduce 0%
2018-10-14 18:41:24,609 INFO  [main] mapreduce.Job (Job.java:monitorAndPrintJob(1647)) -  map 100% reduce 100%
2018-10-14 18:41:24,620 INFO  [main] mapreduce.Job (Job.java:monitorAndPrintJob(1658)) - Job job_1537968858837_6731 completed successfully
2018-10-14 18:41:24,752 INFO  [main] mapreduce.Job (Job.java:monitorAndPrintJob(1665)) - Counters: 50
	File System Counters
		FILE: Number of bytes read=317
		FILE: Number of bytes written=815020
		FILE: Number of read operations=0
		FILE: Number of large read operations=0
		FILE: Number of write operations=0
		HDFS: Number of bytes read=16191
		HDFS: Number of bytes written=175
		HDFS: Number of read operations=12
		HDFS: Number of large read operations=0
		HDFS: Number of write operations=4
	Job Counters 
		Launched map tasks=2
		Launched reduce tasks=2
		Data-local map tasks=1
		Rack-local map tasks=1
		Total time spent by all maps in occupied slots (ms)=14788
		Total time spent by all reduces in occupied slots (ms)=37592
		Total time spent by all map tasks (ms)=7394
		Total time spent by all reduce tasks (ms)=9398
		Total vcore-milliseconds taken by all map tasks=7394
		Total vcore-milliseconds taken by all reduce tasks=9398
		Total megabyte-milliseconds taken by all map tasks=30285824
		Total megabyte-milliseconds taken by all reduce tasks=76988416
	Map-Reduce Framework
		Map input records=200
		Map output records=25
		Map output bytes=255
		Map output materialized bytes=329
		Input split bytes=238
		Combine input records=0
		Combine output records=0
		Reduce input groups=17
		Reduce shuffle bytes=329
		Reduce input records=25
		Reduce output records=17
		Spilled Records=50
		Shuffled Maps =4
		Failed Shuffles=0
		Merged Map outputs=4
		GC time elapsed (ms)=237
		CPU time spent (ms)=4140
		Physical memory (bytes) snapshot=1450635264
		Virtual memory (bytes) snapshot=28267720704
		Total committed heap usage (bytes)=3363307520
	Shuffle Errors
		BAD_ID=0
		CONNECTION=0
		IO_ERROR=0
		WRONG_LENGTH=0
		WRONG_MAP=0
		WRONG_REDUCE=0
	File Input Format Counters 
		Bytes Read=15953
	File Output Format Counters 
		Bytes Written=175
2018-10-14 18:41:24,752 INFO  [main] streaming.StreamJob (StreamJob.java:submitAndMonitorJob(1025)) - Output directory: /user/s1837504/output/task9/small

real	0m25.087s
user	0m9.131s
sys	0m0.645s
