2018-10-16 18:29:22,659 WARN  [main] streaming.StreamJob (StreamJob.java:parseArgv(291)) - -file option is deprecated, please use generic option -files instead.
packageJobJar: [mapper.py, reducer.py, /tmp/hadoop-unjar2890928831904241519/] [] /tmp/streamjob5792844799278405511.jar tmpDir=null
2018-10-16 18:29:23,652 INFO  [main] client.RMProxy (RMProxy.java:newProxyInstance(133)) - Connecting to ResourceManager at scutter02.inf.ed.ac.uk/192.168.16.102:8032
2018-10-16 18:29:23,880 INFO  [main] client.RMProxy (RMProxy.java:newProxyInstance(133)) - Connecting to ResourceManager at scutter02.inf.ed.ac.uk/192.168.16.102:8032
2018-10-16 18:29:24,159 INFO  [main] hdfs.DFSClient (DFSClient.java:getDelegationToken(689)) - Created HDFS_DELEGATION_TOKEN token 9408 for s1837504 on 192.168.16.101:8020
2018-10-16 18:29:24,198 INFO  [main] security.TokenCache (TokenCache.java:obtainTokensForNamenodesInternal(143)) - Got dt for hdfs://scutter01.inf.ed.ac.uk:8020; Kind: HDFS_DELEGATION_TOKEN, Service: 192.168.16.101:8020, Ident: (HDFS_DELEGATION_TOKEN token 9408 for s1837504)
2018-10-16 18:29:24,571 INFO  [main] mapred.FileInputFormat (FileInputFormat.java:listStatus(256)) - Total input files to process : 1
2018-10-16 18:29:24,854 INFO  [main] mapreduce.JobSubmitter (JobSubmitter.java:submitJobInternal(204)) - number of splits:2
2018-10-16 18:29:24,978 INFO  [main] Configuration.deprecation (Configuration.java:logDeprecation(1297)) - yarn.resourcemanager.system-metrics-publisher.enabled is deprecated. Instead, use yarn.system-metrics-publisher.enabled
2018-10-16 18:29:25,061 INFO  [main] mapreduce.JobSubmitter (JobSubmitter.java:printTokens(300)) - Submitting tokens for job: job_1537968858837_8846
2018-10-16 18:29:25,061 INFO  [main] mapreduce.JobSubmitter (JobSubmitter.java:printTokens(302)) - Kind: HDFS_DELEGATION_TOKEN, Service: 192.168.16.101:8020, Ident: (HDFS_DELEGATION_TOKEN token 9408 for s1837504)
2018-10-16 18:29:25,437 INFO  [main] impl.YarnClientImpl (YarnClientImpl.java:submitApplication(290)) - Submitted application application_1537968858837_8846
2018-10-16 18:29:25,491 INFO  [main] mapreduce.Job (Job.java:submit(1574)) - The url to track the job: http://scutter02.inf.ed.ac.uk:8088/proxy/application_1537968858837_8846/
2018-10-16 18:29:25,493 INFO  [main] mapreduce.Job (Job.java:monitorAndPrintJob(1619)) - Running job: job_1537968858837_8846
2018-10-16 18:29:32,630 INFO  [main] mapreduce.Job (Job.java:monitorAndPrintJob(1640)) - Job job_1537968858837_8846 running in uber mode : false
2018-10-16 18:29:32,632 INFO  [main] mapreduce.Job (Job.java:monitorAndPrintJob(1647)) -  map 0% reduce 0%
2018-10-16 18:29:39,809 INFO  [main] mapreduce.Job (Job.java:monitorAndPrintJob(1647)) -  map 100% reduce 0%
2018-10-16 18:29:44,841 INFO  [main] mapreduce.Job (Job.java:monitorAndPrintJob(1647)) -  map 100% reduce 100%
2018-10-16 18:29:44,852 INFO  [main] mapreduce.Job (Job.java:monitorAndPrintJob(1658)) - Job job_1537968858837_8846 completed successfully
2018-10-16 18:29:44,984 INFO  [main] mapreduce.Job (Job.java:monitorAndPrintJob(1665)) - Counters: 49
	File System Counters
		FILE: Number of bytes read=317
		FILE: Number of bytes written=815024
		FILE: Number of read operations=0
		FILE: Number of large read operations=0
		FILE: Number of write operations=0
		HDFS: Number of bytes read=16191
		HDFS: Number of bytes written=175
		HDFS: Number of read operations=12
		HDFS: Number of large read operations=0
		HDFS: Number of write operations=4
	Job Counters 
		Launched map tasks=2
		Launched reduce tasks=2
		Rack-local map tasks=2
		Total time spent by all maps in occupied slots (ms)=17530
		Total time spent by all reduces in occupied slots (ms)=20932
		Total time spent by all map tasks (ms)=8765
		Total time spent by all reduce tasks (ms)=5233
		Total vcore-milliseconds taken by all map tasks=8765
		Total vcore-milliseconds taken by all reduce tasks=5233
		Total megabyte-milliseconds taken by all map tasks=35901440
		Total megabyte-milliseconds taken by all reduce tasks=42868736
	Map-Reduce Framework
		Map input records=200
		Map output records=25
		Map output bytes=255
		Map output materialized bytes=329
		Input split bytes=238
		Combine input records=0
		Combine output records=0
		Reduce input groups=17
		Reduce shuffle bytes=329
		Reduce input records=25
		Reduce output records=17
		Spilled Records=50
		Shuffled Maps =4
		Failed Shuffles=0
		Merged Map outputs=4
		GC time elapsed (ms)=239
		CPU time spent (ms)=4080
		Physical memory (bytes) snapshot=1539792896
		Virtual memory (bytes) snapshot=28233355264
		Total committed heap usage (bytes)=3797942272
	Shuffle Errors
		BAD_ID=0
		CONNECTION=0
		IO_ERROR=0
		WRONG_LENGTH=0
		WRONG_MAP=0
		WRONG_REDUCE=0
	File Input Format Counters 
		Bytes Read=15953
	File Output Format Counters 
		Bytes Written=175
2018-10-16 18:29:44,984 INFO  [main] streaming.StreamJob (StreamJob.java:submitAndMonitorJob(1025)) - Output directory: /user/s1837504/output/task9/small

real	0m23.234s
user	0m9.323s
sys	0m0.715s
