2018-10-14 18:44:18,692 WARN  [main] streaming.StreamJob (StreamJob.java:parseArgv(291)) - -file option is deprecated, please use generic option -files instead.
packageJobJar: [mapper.py, reducer.py, /tmp/hadoop-unjar8232047549359898767/] [] /tmp/streamjob8367674380190146546.jar tmpDir=null
2018-10-14 18:44:19,638 INFO  [main] client.RMProxy (RMProxy.java:newProxyInstance(133)) - Connecting to ResourceManager at scutter02.inf.ed.ac.uk/192.168.16.102:8032
2018-10-14 18:44:19,863 INFO  [main] client.RMProxy (RMProxy.java:newProxyInstance(133)) - Connecting to ResourceManager at scutter02.inf.ed.ac.uk/192.168.16.102:8032
2018-10-14 18:44:20,143 INFO  [main] hdfs.DFSClient (DFSClient.java:getDelegationToken(689)) - Created HDFS_DELEGATION_TOKEN token 7235 for s1837504 on 192.168.16.101:8020
2018-10-14 18:44:20,181 INFO  [main] security.TokenCache (TokenCache.java:obtainTokensForNamenodesInternal(143)) - Got dt for hdfs://scutter01.inf.ed.ac.uk:8020; Kind: HDFS_DELEGATION_TOKEN, Service: 192.168.16.101:8020, Ident: (HDFS_DELEGATION_TOKEN token 7235 for s1837504)
2018-10-14 18:44:20,550 INFO  [main] mapred.FileInputFormat (FileInputFormat.java:listStatus(256)) - Total input files to process : 1
2018-10-14 18:44:20,832 INFO  [main] mapreduce.JobSubmitter (JobSubmitter.java:submitJobInternal(204)) - number of splits:4
2018-10-14 18:44:20,953 INFO  [main] Configuration.deprecation (Configuration.java:logDeprecation(1297)) - yarn.resourcemanager.system-metrics-publisher.enabled is deprecated. Instead, use yarn.system-metrics-publisher.enabled
2018-10-14 18:44:21,033 INFO  [main] mapreduce.JobSubmitter (JobSubmitter.java:printTokens(300)) - Submitting tokens for job: job_1537968858837_6737
2018-10-14 18:44:21,033 INFO  [main] mapreduce.JobSubmitter (JobSubmitter.java:printTokens(302)) - Kind: HDFS_DELEGATION_TOKEN, Service: 192.168.16.101:8020, Ident: (HDFS_DELEGATION_TOKEN token 7235 for s1837504)
2018-10-14 18:44:21,410 INFO  [main] impl.YarnClientImpl (YarnClientImpl.java:submitApplication(290)) - Submitted application application_1537968858837_6737
2018-10-14 18:44:21,464 INFO  [main] mapreduce.Job (Job.java:submit(1574)) - The url to track the job: http://scutter02.inf.ed.ac.uk:8088/proxy/application_1537968858837_6737/
2018-10-14 18:44:21,466 INFO  [main] mapreduce.Job (Job.java:monitorAndPrintJob(1619)) - Running job: job_1537968858837_6737
2018-10-14 18:44:28,613 INFO  [main] mapreduce.Job (Job.java:monitorAndPrintJob(1640)) - Job job_1537968858837_6737 running in uber mode : false
2018-10-14 18:44:28,615 INFO  [main] mapreduce.Job (Job.java:monitorAndPrintJob(1647)) -  map 0% reduce 0%
2018-10-14 18:44:36,707 INFO  [main] mapreduce.Job (Job.java:monitorAndPrintJob(1647)) -  map 25% reduce 0%
2018-10-14 18:44:38,722 INFO  [main] mapreduce.Job (Job.java:monitorAndPrintJob(1647)) -  map 100% reduce 0%
2018-10-14 18:44:43,749 INFO  [main] mapreduce.Job (Job.java:monitorAndPrintJob(1647)) -  map 100% reduce 50%
2018-10-14 18:44:44,756 INFO  [main] mapreduce.Job (Job.java:monitorAndPrintJob(1647)) -  map 100% reduce 100%
2018-10-14 18:44:44,766 INFO  [main] mapreduce.Job (Job.java:monitorAndPrintJob(1658)) - Job job_1537968858837_6737 completed successfully
2018-10-14 18:44:44,902 INFO  [main] mapreduce.Job (Job.java:monitorAndPrintJob(1665)) - Counters: 50
	File System Counters
		FILE: Number of bytes read=1674
		FILE: Number of bytes written=1225024
		FILE: Number of read operations=0
		FILE: Number of large read operations=0
		FILE: Number of write operations=0
		HDFS: Number of bytes read=448293420
		HDFS: Number of bytes written=382
		HDFS: Number of read operations=18
		HDFS: Number of large read operations=0
		HDFS: Number of write operations=4
	Job Counters 
		Launched map tasks=4
		Launched reduce tasks=2
		Data-local map tasks=3
		Rack-local map tasks=1
		Total time spent by all maps in occupied slots (ms)=58116
		Total time spent by all reduces in occupied slots (ms)=40796
		Total time spent by all map tasks (ms)=29058
		Total time spent by all reduce tasks (ms)=10199
		Total vcore-milliseconds taken by all map tasks=29058
		Total vcore-milliseconds taken by all reduce tasks=10199
		Total megabyte-milliseconds taken by all map tasks=119021568
		Total megabyte-milliseconds taken by all reduce tasks=83550208
	Map-Reduce Framework
		Map input records=5285868
		Map output records=108
		Map output bytes=1446
		Map output materialized bytes=1710
		Input split bytes=476
		Combine input records=0
		Combine output records=0
		Reduce input groups=27
		Reduce shuffle bytes=1710
		Reduce input records=108
		Reduce output records=27
		Spilled Records=216
		Shuffled Maps =8
		Failed Shuffles=0
		Merged Map outputs=8
		GC time elapsed (ms)=725
		CPU time spent (ms)=25800
		Physical memory (bytes) snapshot=3296317440
		Virtual memory (bytes) snapshot=39038758912
		Total committed heap usage (bytes)=6363283456
	Shuffle Errors
		BAD_ID=0
		CONNECTION=0
		IO_ERROR=0
		WRONG_LENGTH=0
		WRONG_MAP=0
		WRONG_REDUCE=0
	File Input Format Counters 
		Bytes Read=448292944
	File Output Format Counters 
		Bytes Written=382
2018-10-14 18:44:44,902 INFO  [main] streaming.StreamJob (StreamJob.java:submitAndMonitorJob(1025)) - Output directory: /user/s1837504/output/task9/large

real	0m27.128s
user	0m9.276s
sys	0m0.675s
