2018-10-16 18:25:39,524 WARN  [main] streaming.StreamJob (StreamJob.java:parseArgv(291)) - -file option is deprecated, please use generic option -files instead.
packageJobJar: [mapper.py, reducer.py, /tmp/hadoop-unjar8348178194496523014/] [] /tmp/streamjob4516044604949817010.jar tmpDir=null
2018-10-16 18:25:40,504 INFO  [main] client.RMProxy (RMProxy.java:newProxyInstance(133)) - Connecting to ResourceManager at scutter02.inf.ed.ac.uk/192.168.16.102:8032
2018-10-16 18:25:40,723 INFO  [main] client.RMProxy (RMProxy.java:newProxyInstance(133)) - Connecting to ResourceManager at scutter02.inf.ed.ac.uk/192.168.16.102:8032
2018-10-16 18:25:40,985 INFO  [main] hdfs.DFSClient (DFSClient.java:getDelegationToken(689)) - Created HDFS_DELEGATION_TOKEN token 9399 for s1837504 on 192.168.16.101:8020
2018-10-16 18:25:41,023 INFO  [main] security.TokenCache (TokenCache.java:obtainTokensForNamenodesInternal(143)) - Got dt for hdfs://scutter01.inf.ed.ac.uk:8020; Kind: HDFS_DELEGATION_TOKEN, Service: 192.168.16.101:8020, Ident: (HDFS_DELEGATION_TOKEN token 9399 for s1837504)
2018-10-16 18:25:41,375 INFO  [main] mapred.FileInputFormat (FileInputFormat.java:listStatus(256)) - Total input files to process : 1
2018-10-16 18:25:41,656 INFO  [main] mapreduce.JobSubmitter (JobSubmitter.java:submitJobInternal(204)) - number of splits:4
2018-10-16 18:25:41,784 INFO  [main] Configuration.deprecation (Configuration.java:logDeprecation(1297)) - yarn.resourcemanager.system-metrics-publisher.enabled is deprecated. Instead, use yarn.system-metrics-publisher.enabled
2018-10-16 18:25:41,872 INFO  [main] mapreduce.JobSubmitter (JobSubmitter.java:printTokens(300)) - Submitting tokens for job: job_1537968858837_8837
2018-10-16 18:25:41,872 INFO  [main] mapreduce.JobSubmitter (JobSubmitter.java:printTokens(302)) - Kind: HDFS_DELEGATION_TOKEN, Service: 192.168.16.101:8020, Ident: (HDFS_DELEGATION_TOKEN token 9399 for s1837504)
2018-10-16 18:25:42,054 INFO  [main] impl.YarnClientImpl (YarnClientImpl.java:submitApplication(290)) - Submitted application application_1537968858837_8837
2018-10-16 18:25:42,087 INFO  [main] mapreduce.Job (Job.java:submit(1574)) - The url to track the job: http://scutter02.inf.ed.ac.uk:8088/proxy/application_1537968858837_8837/
2018-10-16 18:25:42,089 INFO  [main] mapreduce.Job (Job.java:monitorAndPrintJob(1619)) - Running job: job_1537968858837_8837
2018-10-16 18:25:49,202 INFO  [main] mapreduce.Job (Job.java:monitorAndPrintJob(1640)) - Job job_1537968858837_8837 running in uber mode : false
2018-10-16 18:25:49,205 INFO  [main] mapreduce.Job (Job.java:monitorAndPrintJob(1647)) -  map 0% reduce 0%
2018-10-16 18:25:57,302 INFO  [main] mapreduce.Job (Job.java:monitorAndPrintJob(1647)) -  map 25% reduce 0%
2018-10-16 18:26:00,323 INFO  [main] mapreduce.Job (Job.java:monitorAndPrintJob(1647)) -  map 75% reduce 0%
2018-10-16 18:26:02,336 INFO  [main] mapreduce.Job (Job.java:monitorAndPrintJob(1647)) -  map 100% reduce 0%
2018-10-16 18:26:07,365 INFO  [main] mapreduce.Job (Job.java:monitorAndPrintJob(1647)) -  map 100% reduce 50%
2018-10-16 18:26:08,371 INFO  [main] mapreduce.Job (Job.java:monitorAndPrintJob(1647)) -  map 100% reduce 100%
2018-10-16 18:26:08,381 INFO  [main] mapreduce.Job (Job.java:monitorAndPrintJob(1658)) - Job job_1537968858837_8837 completed successfully
2018-10-16 18:26:08,517 INFO  [main] mapreduce.Job (Job.java:monitorAndPrintJob(1665)) - Counters: 50
	File System Counters
		FILE: Number of bytes read=20876181
		FILE: Number of bytes written=42974044
		FILE: Number of read operations=0
		FILE: Number of large read operations=0
		FILE: Number of write operations=0
		HDFS: Number of bytes read=448293420
		HDFS: Number of bytes written=382
		HDFS: Number of read operations=18
		HDFS: Number of large read operations=0
		HDFS: Number of write operations=4
	Job Counters 
		Killed map tasks=1
		Launched map tasks=4
		Launched reduce tasks=2
		Data-local map tasks=4
		Total time spent by all maps in occupied slots (ms)=65980
		Total time spent by all reduces in occupied slots (ms)=56200
		Total time spent by all map tasks (ms)=32990
		Total time spent by all reduce tasks (ms)=14050
		Total vcore-milliseconds taken by all map tasks=32990
		Total vcore-milliseconds taken by all reduce tasks=14050
		Total megabyte-milliseconds taken by all map tasks=135127040
		Total megabyte-milliseconds taken by all reduce tasks=115097600
	Map-Reduce Framework
		Map input records=5285868
		Map output records=1773801
		Map output bytes=17328567
		Map output materialized bytes=20876217
		Input split bytes=476
		Combine input records=0
		Combine output records=0
		Reduce input groups=27
		Reduce shuffle bytes=20876217
		Reduce input records=1773801
		Reduce output records=27
		Spilled Records=3547602
		Shuffled Maps =8
		Failed Shuffles=0
		Merged Map outputs=8
		GC time elapsed (ms)=797
		CPU time spent (ms)=40490
		Physical memory (bytes) snapshot=3468558336
		Virtual memory (bytes) snapshot=39036481536
		Total committed heap usage (bytes)=6550454272
	Shuffle Errors
		BAD_ID=0
		CONNECTION=0
		IO_ERROR=0
		WRONG_LENGTH=0
		WRONG_MAP=0
		WRONG_REDUCE=0
	File Input Format Counters 
		Bytes Read=448292944
	File Output Format Counters 
		Bytes Written=382
2018-10-16 18:26:08,518 INFO  [main] streaming.StreamJob (StreamJob.java:submitAndMonitorJob(1025)) - Output directory: /user/s1837504/output/task9/large

real	0m29.902s
user	0m9.330s
sys	0m0.674s
