2018-10-16 18:24:45,064 WARN  [main] streaming.StreamJob (StreamJob.java:parseArgv(291)) - -file option is deprecated, please use generic option -files instead.
packageJobJar: [mapper.py, reducer.py, /tmp/hadoop-unjar521124517905147071/] [] /tmp/streamjob6871591545122012014.jar tmpDir=null
2018-10-16 18:24:46,046 INFO  [main] client.RMProxy (RMProxy.java:newProxyInstance(133)) - Connecting to ResourceManager at scutter02.inf.ed.ac.uk/192.168.16.102:8032
2018-10-16 18:24:46,313 INFO  [main] client.RMProxy (RMProxy.java:newProxyInstance(133)) - Connecting to ResourceManager at scutter02.inf.ed.ac.uk/192.168.16.102:8032
2018-10-16 18:24:46,598 INFO  [main] hdfs.DFSClient (DFSClient.java:getDelegationToken(689)) - Created HDFS_DELEGATION_TOKEN token 9394 for s1837504 on 192.168.16.101:8020
2018-10-16 18:24:46,636 INFO  [main] security.TokenCache (TokenCache.java:obtainTokensForNamenodesInternal(143)) - Got dt for hdfs://scutter01.inf.ed.ac.uk:8020; Kind: HDFS_DELEGATION_TOKEN, Service: 192.168.16.101:8020, Ident: (HDFS_DELEGATION_TOKEN token 9394 for s1837504)
2018-10-16 18:24:47,026 INFO  [main] mapred.FileInputFormat (FileInputFormat.java:listStatus(256)) - Total input files to process : 1
2018-10-16 18:24:47,310 INFO  [main] mapreduce.JobSubmitter (JobSubmitter.java:submitJobInternal(204)) - number of splits:2
2018-10-16 18:24:47,434 INFO  [main] Configuration.deprecation (Configuration.java:logDeprecation(1297)) - yarn.resourcemanager.system-metrics-publisher.enabled is deprecated. Instead, use yarn.system-metrics-publisher.enabled
2018-10-16 18:24:47,519 INFO  [main] mapreduce.JobSubmitter (JobSubmitter.java:printTokens(300)) - Submitting tokens for job: job_1537968858837_8832
2018-10-16 18:24:47,519 INFO  [main] mapreduce.JobSubmitter (JobSubmitter.java:printTokens(302)) - Kind: HDFS_DELEGATION_TOKEN, Service: 192.168.16.101:8020, Ident: (HDFS_DELEGATION_TOKEN token 9394 for s1837504)
2018-10-16 18:24:47,715 INFO  [main] impl.YarnClientImpl (YarnClientImpl.java:submitApplication(290)) - Submitted application application_1537968858837_8832
2018-10-16 18:24:47,763 INFO  [main] mapreduce.Job (Job.java:submit(1574)) - The url to track the job: http://scutter02.inf.ed.ac.uk:8088/proxy/application_1537968858837_8832/
2018-10-16 18:24:47,765 INFO  [main] mapreduce.Job (Job.java:monitorAndPrintJob(1619)) - Running job: job_1537968858837_8832
2018-10-16 18:24:55,901 INFO  [main] mapreduce.Job (Job.java:monitorAndPrintJob(1640)) - Job job_1537968858837_8832 running in uber mode : false
2018-10-16 18:24:55,903 INFO  [main] mapreduce.Job (Job.java:monitorAndPrintJob(1647)) -  map 0% reduce 0%
2018-10-16 18:25:01,984 INFO  [main] mapreduce.Job (Job.java:monitorAndPrintJob(1647)) -  map 100% reduce 0%
2018-10-16 18:25:07,017 INFO  [main] mapreduce.Job (Job.java:monitorAndPrintJob(1647)) -  map 100% reduce 50%
2018-10-16 18:25:09,030 INFO  [main] mapreduce.Job (Job.java:monitorAndPrintJob(1647)) -  map 100% reduce 100%
2018-10-16 18:25:10,048 INFO  [main] mapreduce.Job (Job.java:monitorAndPrintJob(1658)) - Job job_1537968858837_8832 completed successfully
2018-10-16 18:25:10,182 INFO  [main] mapreduce.Job (Job.java:monitorAndPrintJob(1665)) - Counters: 50
	File System Counters
		FILE: Number of bytes read=727
		FILE: Number of bytes written=815844
		FILE: Number of read operations=0
		FILE: Number of large read operations=0
		FILE: Number of write operations=0
		HDFS: Number of bytes read=16191
		HDFS: Number of bytes written=175
		HDFS: Number of read operations=12
		HDFS: Number of large read operations=0
		HDFS: Number of write operations=4
	Job Counters 
		Killed map tasks=1
		Launched map tasks=2
		Launched reduce tasks=2
		Rack-local map tasks=2
		Total time spent by all maps in occupied slots (ms)=18308
		Total time spent by all reduces in occupied slots (ms)=30340
		Total time spent by all map tasks (ms)=9154
		Total time spent by all reduce tasks (ms)=7585
		Total vcore-milliseconds taken by all map tasks=9154
		Total vcore-milliseconds taken by all reduce tasks=7585
		Total megabyte-milliseconds taken by all map tasks=37494784
		Total megabyte-milliseconds taken by all reduce tasks=62136320
	Map-Reduce Framework
		Map input records=200
		Map output records=59
		Map output bytes=597
		Map output materialized bytes=739
		Input split bytes=238
		Combine input records=0
		Combine output records=0
		Reduce input groups=17
		Reduce shuffle bytes=739
		Reduce input records=59
		Reduce output records=17
		Spilled Records=118
		Shuffled Maps =4
		Failed Shuffles=0
		Merged Map outputs=4
		GC time elapsed (ms)=272
		CPU time spent (ms)=4140
		Physical memory (bytes) snapshot=1488187392
		Virtual memory (bytes) snapshot=28215914496
		Total committed heap usage (bytes)=4184866816
	Shuffle Errors
		BAD_ID=0
		CONNECTION=0
		IO_ERROR=0
		WRONG_LENGTH=0
		WRONG_MAP=0
		WRONG_REDUCE=0
	File Input Format Counters 
		Bytes Read=15953
	File Output Format Counters 
		Bytes Written=175
2018-10-16 18:25:10,182 INFO  [main] streaming.StreamJob (StreamJob.java:submitAndMonitorJob(1025)) - Output directory: /user/s1837504/output/task9/small

real	0m26.029s
user	0m9.362s
sys	0m0.741s
