2018-10-12 19:25:15,128 WARN  [main] streaming.StreamJob (StreamJob.java:parseArgv(291)) - -file option is deprecated, please use generic option -files instead.
packageJobJar: [mapper.py, reducer.py, /tmp/hadoop-unjar7514735832639761133/] [] /tmp/streamjob7161414702344563873.jar tmpDir=null
2018-10-12 19:25:16,064 INFO  [main] client.RMProxy (RMProxy.java:newProxyInstance(133)) - Connecting to ResourceManager at scutter02.inf.ed.ac.uk/192.168.16.102:8032
2018-10-12 19:25:16,285 INFO  [main] client.RMProxy (RMProxy.java:newProxyInstance(133)) - Connecting to ResourceManager at scutter02.inf.ed.ac.uk/192.168.16.102:8032
2018-10-12 19:25:16,557 INFO  [main] hdfs.DFSClient (DFSClient.java:getDelegationToken(689)) - Created HDFS_DELEGATION_TOKEN token 5818 for s1837504 on 192.168.16.101:8020
2018-10-12 19:25:16,591 INFO  [main] security.TokenCache (TokenCache.java:obtainTokensForNamenodesInternal(143)) - Got dt for hdfs://scutter01.inf.ed.ac.uk:8020; Kind: HDFS_DELEGATION_TOKEN, Service: 192.168.16.101:8020, Ident: (HDFS_DELEGATION_TOKEN token 5818 for s1837504)
2018-10-12 19:25:16,927 INFO  [main] mapred.FileInputFormat (FileInputFormat.java:listStatus(256)) - Total input files to process : 1
2018-10-12 19:25:17,211 INFO  [main] mapreduce.JobSubmitter (JobSubmitter.java:submitJobInternal(204)) - number of splits:2
2018-10-12 19:25:17,342 INFO  [main] Configuration.deprecation (Configuration.java:logDeprecation(1297)) - mapred.reduce.tasks is deprecated. Instead, use mapreduce.job.reduces
2018-10-12 19:25:17,342 INFO  [main] Configuration.deprecation (Configuration.java:logDeprecation(1297)) - yarn.resourcemanager.system-metrics-publisher.enabled is deprecated. Instead, use yarn.system-metrics-publisher.enabled
2018-10-12 19:25:17,420 INFO  [main] mapreduce.JobSubmitter (JobSubmitter.java:printTokens(300)) - Submitting tokens for job: job_1537968858837_5377
2018-10-12 19:25:17,420 INFO  [main] mapreduce.JobSubmitter (JobSubmitter.java:printTokens(302)) - Kind: HDFS_DELEGATION_TOKEN, Service: 192.168.16.101:8020, Ident: (HDFS_DELEGATION_TOKEN token 5818 for s1837504)
2018-10-12 19:25:17,818 INFO  [main] impl.YarnClientImpl (YarnClientImpl.java:submitApplication(290)) - Submitted application application_1537968858837_5377
2018-10-12 19:25:17,872 INFO  [main] mapreduce.Job (Job.java:submit(1574)) - The url to track the job: http://scutter02.inf.ed.ac.uk:8088/proxy/application_1537968858837_5377/
2018-10-12 19:25:17,875 INFO  [main] mapreduce.Job (Job.java:monitorAndPrintJob(1619)) - Running job: job_1537968858837_5377
2018-10-12 19:25:28,018 INFO  [main] mapreduce.Job (Job.java:monitorAndPrintJob(1640)) - Job job_1537968858837_5377 running in uber mode : false
2018-10-12 19:25:28,020 INFO  [main] mapreduce.Job (Job.java:monitorAndPrintJob(1647)) -  map 0% reduce 0%
2018-10-12 19:25:33,099 INFO  [main] mapreduce.Job (Job.java:monitorAndPrintJob(1647)) -  map 50% reduce 0%
2018-10-12 19:25:35,114 INFO  [main] mapreduce.Job (Job.java:monitorAndPrintJob(1647)) -  map 100% reduce 0%
2018-10-12 19:25:39,138 INFO  [main] mapreduce.Job (Job.java:monitorAndPrintJob(1647)) -  map 100% reduce 100%
2018-10-12 19:25:39,149 INFO  [main] mapreduce.Job (Job.java:monitorAndPrintJob(1658)) - Job job_1537968858837_5377 completed successfully
2018-10-12 19:25:39,289 INFO  [main] mapreduce.Job (Job.java:monitorAndPrintJob(1665)) - Counters: 50
	File System Counters
		FILE: Number of bytes read=50
		FILE: Number of bytes written=610884
		FILE: Number of read operations=0
		FILE: Number of large read operations=0
		FILE: Number of write operations=0
		HDFS: Number of bytes read=16191
		HDFS: Number of bytes written=10
		HDFS: Number of read operations=9
		HDFS: Number of large read operations=0
		HDFS: Number of write operations=2
	Job Counters 
		Launched map tasks=2
		Launched reduce tasks=1
		Data-local map tasks=1
		Rack-local map tasks=1
		Total time spent by all maps in occupied slots (ms)=14476
		Total time spent by all reduces in occupied slots (ms)=10904
		Total time spent by all map tasks (ms)=7238
		Total time spent by all reduce tasks (ms)=2726
		Total vcore-milliseconds taken by all map tasks=7238
		Total vcore-milliseconds taken by all reduce tasks=2726
		Total megabyte-milliseconds taken by all map tasks=29646848
		Total megabyte-milliseconds taken by all reduce tasks=22331392
	Map-Reduce Framework
		Map input records=200
		Map output records=4
		Map output bytes=36
		Map output materialized bytes=56
		Input split bytes=238
		Combine input records=0
		Combine output records=0
		Reduce input groups=2
		Reduce shuffle bytes=56
		Reduce input records=4
		Reduce output records=1
		Spilled Records=8
		Shuffled Maps =2
		Failed Shuffles=0
		Merged Map outputs=2
		GC time elapsed (ms)=194
		CPU time spent (ms)=2700
		Physical memory (bytes) snapshot=1142579200
		Virtual memory (bytes) snapshot=19540340736
		Total committed heap usage (bytes)=2535456768
	Shuffle Errors
		BAD_ID=0
		CONNECTION=0
		IO_ERROR=0
		WRONG_LENGTH=0
		WRONG_MAP=0
		WRONG_REDUCE=0
	File Input Format Counters 
		Bytes Read=15953
	File Output Format Counters 
		Bytes Written=10
2018-10-12 19:25:39,289 INFO  [main] streaming.StreamJob (StreamJob.java:submitAndMonitorJob(1025)) - Output directory: /user/s1837504/output/task5/small

real	0m25.046s
user	0m8.710s
sys	0m0.659s
