2018-10-11 21:16:52,166 WARN  [main] streaming.StreamJob (StreamJob.java:parseArgv(291)) - -file option is deprecated, please use generic option -files instead.
packageJobJar: [mapper.py, reducer.py, /tmp/hadoop-unjar6850540220280999773/] [] /tmp/streamjob5346240856876418269.jar tmpDir=null
2018-10-11 21:16:53,110 INFO  [main] client.RMProxy (RMProxy.java:newProxyInstance(133)) - Connecting to ResourceManager at scutter02.inf.ed.ac.uk/192.168.16.102:8032
2018-10-11 21:16:53,325 INFO  [main] client.RMProxy (RMProxy.java:newProxyInstance(133)) - Connecting to ResourceManager at scutter02.inf.ed.ac.uk/192.168.16.102:8032
2018-10-11 21:16:53,610 INFO  [main] hdfs.DFSClient (DFSClient.java:getDelegationToken(689)) - Created HDFS_DELEGATION_TOKEN token 5211 for s1837504 on 192.168.16.101:8020
2018-10-11 21:16:53,650 INFO  [main] security.TokenCache (TokenCache.java:obtainTokensForNamenodesInternal(143)) - Got dt for hdfs://scutter01.inf.ed.ac.uk:8020; Kind: HDFS_DELEGATION_TOKEN, Service: 192.168.16.101:8020, Ident: (HDFS_DELEGATION_TOKEN token 5211 for s1837504)
2018-10-11 21:16:54,037 INFO  [main] mapred.FileInputFormat (FileInputFormat.java:listStatus(256)) - Total input files to process : 3
2018-10-11 21:16:54,315 INFO  [main] mapreduce.JobSubmitter (JobSubmitter.java:submitJobInternal(204)) - number of splits:4
2018-10-11 21:16:54,443 INFO  [main] Configuration.deprecation (Configuration.java:logDeprecation(1297)) - mapred.reduce.tasks is deprecated. Instead, use mapreduce.job.reduces
2018-10-11 21:16:54,443 INFO  [main] Configuration.deprecation (Configuration.java:logDeprecation(1297)) - yarn.resourcemanager.system-metrics-publisher.enabled is deprecated. Instead, use yarn.system-metrics-publisher.enabled
2018-10-11 21:16:54,529 INFO  [main] mapreduce.JobSubmitter (JobSubmitter.java:printTokens(300)) - Submitting tokens for job: job_1537968858837_4792
2018-10-11 21:16:54,529 INFO  [main] mapreduce.JobSubmitter (JobSubmitter.java:printTokens(302)) - Kind: HDFS_DELEGATION_TOKEN, Service: 192.168.16.101:8020, Ident: (HDFS_DELEGATION_TOKEN token 5211 for s1837504)
2018-10-11 21:16:54,713 INFO  [main] impl.YarnClientImpl (YarnClientImpl.java:submitApplication(290)) - Submitted application application_1537968858837_4792
2018-10-11 21:16:54,744 INFO  [main] mapreduce.Job (Job.java:submit(1574)) - The url to track the job: http://scutter02.inf.ed.ac.uk:8088/proxy/application_1537968858837_4792/
2018-10-11 21:16:54,745 INFO  [main] mapreduce.Job (Job.java:monitorAndPrintJob(1619)) - Running job: job_1537968858837_4792
2018-10-11 21:17:02,891 INFO  [main] mapreduce.Job (Job.java:monitorAndPrintJob(1640)) - Job job_1537968858837_4792 running in uber mode : false
2018-10-11 21:17:02,893 INFO  [main] mapreduce.Job (Job.java:monitorAndPrintJob(1647)) -  map 0% reduce 0%
2018-10-11 21:17:08,977 INFO  [main] mapreduce.Job (Job.java:monitorAndPrintJob(1647)) -  map 75% reduce 0%
2018-10-11 21:17:09,984 INFO  [main] mapreduce.Job (Job.java:monitorAndPrintJob(1647)) -  map 100% reduce 0%
2018-10-11 21:17:16,039 INFO  [main] mapreduce.Job (Job.java:monitorAndPrintJob(1647)) -  map 100% reduce 100%
2018-10-11 21:17:17,055 INFO  [main] mapreduce.Job (Job.java:monitorAndPrintJob(1658)) - Job job_1537968858837_4792 completed successfully
2018-10-11 21:17:17,181 INFO  [main] mapreduce.Job (Job.java:monitorAndPrintJob(1665)) - Counters: 50
	File System Counters
		FILE: Number of bytes read=116
		FILE: Number of bytes written=1018190
		FILE: Number of read operations=0
		FILE: Number of large read operations=0
		FILE: Number of write operations=0
		HDFS: Number of bytes read=1441369
		HDFS: Number of bytes written=13
		HDFS: Number of read operations=15
		HDFS: Number of large read operations=0
		HDFS: Number of write operations=2
	Job Counters 
		Launched map tasks=4
		Launched reduce tasks=1
		Data-local map tasks=2
		Rack-local map tasks=2
		Total time spent by all maps in occupied slots (ms)=37048
		Total time spent by all reduces in occupied slots (ms)=19064
		Total time spent by all map tasks (ms)=18524
		Total time spent by all reduce tasks (ms)=4766
		Total vcore-milliseconds taken by all map tasks=18524
		Total vcore-milliseconds taken by all reduce tasks=4766
		Total megabyte-milliseconds taken by all map tasks=75874304
		Total megabyte-milliseconds taken by all reduce tasks=39043072
	Map-Reduce Framework
		Map input records=23585
		Map output records=8
		Map output bytes=94
		Map output materialized bytes=134
		Input split bytes=524
		Combine input records=0
		Combine output records=0
		Reduce input groups=2
		Reduce shuffle bytes=134
		Reduce input records=8
		Reduce output records=1
		Spilled Records=16
		Shuffled Maps =4
		Failed Shuffles=0
		Merged Map outputs=4
		GC time elapsed (ms)=318
		CPU time spent (ms)=4800
		Physical memory (bytes) snapshot=1877508096
		Virtual memory (bytes) snapshot=30335643648
		Total committed heap usage (bytes)=4239392768
	Shuffle Errors
		BAD_ID=0
		CONNECTION=0
		IO_ERROR=0
		WRONG_LENGTH=0
		WRONG_MAP=0
		WRONG_REDUCE=0
	File Input Format Counters 
		Bytes Read=1440845
	File Output Format Counters 
		Bytes Written=13
2018-10-11 21:17:17,181 INFO  [main] streaming.StreamJob (StreamJob.java:submitAndMonitorJob(1025)) - Output directory: /user/s1837504/output/task1/small

real	0m25.935s
user	0m9.280s
sys	0m0.658s
