2018-10-11 17:15:28,329 WARN  [main] streaming.StreamJob (StreamJob.java:parseArgv(291)) - -file option is deprecated, please use generic option -files instead.
packageJobJar: [mapper.py, reducer.py, /tmp/hadoop-unjar6039331616040431289/] [] /tmp/streamjob6826516646969995934.jar tmpDir=null
2018-10-11 17:15:29,281 INFO  [main] client.RMProxy (RMProxy.java:newProxyInstance(133)) - Connecting to ResourceManager at scutter02.inf.ed.ac.uk/192.168.16.102:8032
2018-10-11 17:15:29,498 INFO  [main] client.RMProxy (RMProxy.java:newProxyInstance(133)) - Connecting to ResourceManager at scutter02.inf.ed.ac.uk/192.168.16.102:8032
2018-10-11 17:15:29,741 INFO  [main] hdfs.DFSClient (DFSClient.java:getDelegationToken(689)) - Created HDFS_DELEGATION_TOKEN token 4845 for s1837504 on 192.168.16.101:8020
2018-10-11 17:15:29,778 INFO  [main] security.TokenCache (TokenCache.java:obtainTokensForNamenodesInternal(143)) - Got dt for hdfs://scutter01.inf.ed.ac.uk:8020; Kind: HDFS_DELEGATION_TOKEN, Service: 192.168.16.101:8020, Ident: (HDFS_DELEGATION_TOKEN token 4845 for s1837504)
2018-10-11 17:15:30,137 INFO  [main] mapred.FileInputFormat (FileInputFormat.java:listStatus(256)) - Total input files to process : 17
2018-10-11 17:15:30,424 INFO  [main] mapreduce.JobSubmitter (JobSubmitter.java:submitJobInternal(204)) - number of splits:18
2018-10-11 17:15:30,552 INFO  [main] Configuration.deprecation (Configuration.java:logDeprecation(1297)) - mapred.reduce.tasks is deprecated. Instead, use mapreduce.job.reduces
2018-10-11 17:15:30,553 INFO  [main] Configuration.deprecation (Configuration.java:logDeprecation(1297)) - yarn.resourcemanager.system-metrics-publisher.enabled is deprecated. Instead, use yarn.system-metrics-publisher.enabled
2018-10-11 17:15:30,627 INFO  [main] mapreduce.JobSubmitter (JobSubmitter.java:printTokens(300)) - Submitting tokens for job: job_1537968858837_4437
2018-10-11 17:15:30,628 INFO  [main] mapreduce.JobSubmitter (JobSubmitter.java:printTokens(302)) - Kind: HDFS_DELEGATION_TOKEN, Service: 192.168.16.101:8020, Ident: (HDFS_DELEGATION_TOKEN token 4845 for s1837504)
2018-10-11 17:15:30,796 INFO  [main] impl.YarnClientImpl (YarnClientImpl.java:submitApplication(290)) - Submitted application application_1537968858837_4437
2018-10-11 17:15:30,826 INFO  [main] mapreduce.Job (Job.java:submit(1574)) - The url to track the job: http://scutter02.inf.ed.ac.uk:8088/proxy/application_1537968858837_4437/
2018-10-11 17:15:30,828 INFO  [main] mapreduce.Job (Job.java:monitorAndPrintJob(1619)) - Running job: job_1537968858837_4437
2018-10-11 17:15:38,965 INFO  [main] mapreduce.Job (Job.java:monitorAndPrintJob(1640)) - Job job_1537968858837_4437 running in uber mode : false
2018-10-11 17:15:38,967 INFO  [main] mapreduce.Job (Job.java:monitorAndPrintJob(1647)) -  map 0% reduce 0%
2018-10-11 17:15:44,043 INFO  [main] mapreduce.Job (Job.java:monitorAndPrintJob(1647)) -  map 6% reduce 0%
2018-10-11 17:15:46,057 INFO  [main] mapreduce.Job (Job.java:monitorAndPrintJob(1647)) -  map 39% reduce 0%
2018-10-11 17:15:47,064 INFO  [main] mapreduce.Job (Job.java:monitorAndPrintJob(1647)) -  map 67% reduce 0%
2018-10-11 17:15:48,071 INFO  [main] mapreduce.Job (Job.java:monitorAndPrintJob(1647)) -  map 83% reduce 0%
2018-10-11 17:15:49,077 INFO  [main] mapreduce.Job (Job.java:monitorAndPrintJob(1647)) -  map 94% reduce 0%
2018-10-11 17:15:51,087 INFO  [main] mapreduce.Job (Job.java:monitorAndPrintJob(1647)) -  map 100% reduce 0%
2018-10-11 17:15:52,094 INFO  [main] mapreduce.Job (Job.java:monitorAndPrintJob(1647)) -  map 100% reduce 100%
2018-10-11 17:15:52,104 INFO  [main] mapreduce.Job (Job.java:monitorAndPrintJob(1658)) - Job job_1537968858837_4437 completed successfully
2018-10-11 17:15:52,240 INFO  [main] mapreduce.Job (Job.java:monitorAndPrintJob(1665)) - Counters: 51
	File System Counters
		FILE: Number of bytes read=564
		FILE: Number of bytes written=3869621
		FILE: Number of read operations=0
		FILE: Number of large read operations=0
		FILE: Number of write operations=0
		HDFS: Number of bytes read=722253502
		HDFS: Number of bytes written=19
		HDFS: Number of read operations=57
		HDFS: Number of large read operations=0
		HDFS: Number of write operations=2
	Job Counters 
		Killed map tasks=1
		Launched map tasks=18
		Launched reduce tasks=1
		Data-local map tasks=17
		Rack-local map tasks=1
		Total time spent by all maps in occupied slots (ms)=192028
		Total time spent by all reduces in occupied slots (ms)=11176
		Total time spent by all map tasks (ms)=96014
		Total time spent by all reduce tasks (ms)=2794
		Total vcore-milliseconds taken by all map tasks=96014
		Total vcore-milliseconds taken by all reduce tasks=2794
		Total megabyte-milliseconds taken by all map tasks=393273344
		Total megabyte-milliseconds taken by all reduce tasks=22888448
	Map-Reduce Framework
		Map input records=14042604
		Map output records=36
		Map output bytes=486
		Map output materialized bytes=666
		Input split bytes=2034
		Combine input records=0
		Combine output records=0
		Reduce input groups=2
		Reduce shuffle bytes=666
		Reduce input records=36
		Reduce output records=1
		Spilled Records=72
		Shuffled Maps =18
		Failed Shuffles=0
		Merged Map outputs=18
		GC time elapsed (ms)=2258
		CPU time spent (ms)=69910
		Physical memory (bytes) snapshot=9728962560
		Virtual memory (bytes) snapshot=105753550848
		Total committed heap usage (bytes)=20546846720
	Shuffle Errors
		BAD_ID=0
		CONNECTION=0
		IO_ERROR=0
		WRONG_LENGTH=0
		WRONG_MAP=0
		WRONG_REDUCE=0
	File Input Format Counters 
		Bytes Read=722251468
	File Output Format Counters 
		Bytes Written=19
2018-10-11 17:15:52,241 INFO  [main] streaming.StreamJob (StreamJob.java:submitAndMonitorJob(1025)) - Output directory: /user/s1837504/output/task1/large
