2018-10-27 12:09:40,952 WARN  [main] streaming.StreamJob (StreamJob.java:parseArgv(291)) - -file option is deprecated, please use generic option -files instead.
packageJobJar: [mapper.py, combiner.py, reducer.py, /tmp/hadoop-unjar185885797334606389/] [] /tmp/streamjob1150202603311465182.jar tmpDir=null
2018-10-27 12:09:41,964 INFO  [main] client.RMProxy (RMProxy.java:newProxyInstance(133)) - Connecting to ResourceManager at scutter02.inf.ed.ac.uk/192.168.16.102:8032
2018-10-27 12:09:42,189 INFO  [main] client.RMProxy (RMProxy.java:newProxyInstance(133)) - Connecting to ResourceManager at scutter02.inf.ed.ac.uk/192.168.16.102:8032
2018-10-27 12:09:42,463 INFO  [main] hdfs.DFSClient (DFSClient.java:getDelegationToken(689)) - Created HDFS_DELEGATION_TOKEN token 21032 for s1837504 on 192.168.16.101:8020
2018-10-27 12:09:42,497 INFO  [main] security.TokenCache (TokenCache.java:obtainTokensForNamenodesInternal(143)) - Got dt for hdfs://scutter01.inf.ed.ac.uk:8020; Kind: HDFS_DELEGATION_TOKEN, Service: 192.168.16.101:8020, Ident: (HDFS_DELEGATION_TOKEN token 21032 for s1837504)
2018-10-27 12:09:42,895 INFO  [main] mapred.FileInputFormat (FileInputFormat.java:listStatus(256)) - Total input files to process : 17
2018-10-27 12:09:43,177 INFO  [main] mapreduce.JobSubmitter (JobSubmitter.java:submitJobInternal(204)) - number of splits:18
2018-10-27 12:09:43,315 INFO  [main] Configuration.deprecation (Configuration.java:logDeprecation(1297)) - mapred.reduce.tasks is deprecated. Instead, use mapreduce.job.reduces
2018-10-27 12:09:43,315 INFO  [main] Configuration.deprecation (Configuration.java:logDeprecation(1297)) - yarn.resourcemanager.system-metrics-publisher.enabled is deprecated. Instead, use yarn.system-metrics-publisher.enabled
2018-10-27 12:09:43,403 INFO  [main] mapreduce.JobSubmitter (JobSubmitter.java:printTokens(300)) - Submitting tokens for job: job_1537968858837_20027
2018-10-27 12:09:43,403 INFO  [main] mapreduce.JobSubmitter (JobSubmitter.java:printTokens(302)) - Kind: HDFS_DELEGATION_TOKEN, Service: 192.168.16.101:8020, Ident: (HDFS_DELEGATION_TOKEN token 21032 for s1837504)
2018-10-27 12:09:43,589 INFO  [main] impl.YarnClientImpl (YarnClientImpl.java:submitApplication(290)) - Submitted application application_1537968858837_20027
2018-10-27 12:09:43,620 INFO  [main] mapreduce.Job (Job.java:submit(1574)) - The url to track the job: http://scutter02.inf.ed.ac.uk:8088/proxy/application_1537968858837_20027/
2018-10-27 12:09:43,622 INFO  [main] mapreduce.Job (Job.java:monitorAndPrintJob(1619)) - Running job: job_1537968858837_20027
2018-10-27 12:09:51,769 INFO  [main] mapreduce.Job (Job.java:monitorAndPrintJob(1640)) - Job job_1537968858837_20027 running in uber mode : false
2018-10-27 12:09:51,771 INFO  [main] mapreduce.Job (Job.java:monitorAndPrintJob(1647)) -  map 0% reduce 0%
2018-10-27 12:09:56,842 INFO  [main] mapreduce.Job (Job.java:monitorAndPrintJob(1647)) -  map 6% reduce 0%
2018-10-27 12:09:57,849 INFO  [main] mapreduce.Job (Job.java:monitorAndPrintJob(1647)) -  map 28% reduce 0%
2018-10-27 12:09:58,856 INFO  [main] mapreduce.Job (Job.java:monitorAndPrintJob(1647)) -  map 67% reduce 0%
2018-10-27 12:09:59,863 INFO  [main] mapreduce.Job (Job.java:monitorAndPrintJob(1647)) -  map 78% reduce 0%
2018-10-27 12:10:00,869 INFO  [main] mapreduce.Job (Job.java:monitorAndPrintJob(1647)) -  map 89% reduce 0%
2018-10-27 12:10:01,875 INFO  [main] mapreduce.Job (Job.java:monitorAndPrintJob(1647)) -  map 100% reduce 0%
2018-10-27 12:10:04,891 INFO  [main] mapreduce.Job (Job.java:monitorAndPrintJob(1647)) -  map 100% reduce 100%
2018-10-27 12:10:04,902 INFO  [main] mapreduce.Job (Job.java:monitorAndPrintJob(1658)) - Job job_1537968858837_20027 completed successfully
2018-10-27 12:10:05,042 INFO  [main] mapreduce.Job (Job.java:monitorAndPrintJob(1665)) - Counters: 51
	File System Counters
		FILE: Number of bytes read=564
		FILE: Number of bytes written=3882408
		FILE: Number of read operations=0
		FILE: Number of large read operations=0
		FILE: Number of write operations=0
		HDFS: Number of bytes read=722253502
		HDFS: Number of bytes written=19
		HDFS: Number of read operations=57
		HDFS: Number of large read operations=0
		HDFS: Number of write operations=2
	Job Counters 
		Killed map tasks=1
		Launched map tasks=18
		Launched reduce tasks=1
		Data-local map tasks=16
		Rack-local map tasks=2
		Total time spent by all maps in occupied slots (ms)=192388
		Total time spent by all reduces in occupied slots (ms)=10852
		Total time spent by all map tasks (ms)=96194
		Total time spent by all reduce tasks (ms)=2713
		Total vcore-milliseconds taken by all map tasks=96194
		Total vcore-milliseconds taken by all reduce tasks=2713
		Total megabyte-milliseconds taken by all map tasks=394010624
		Total megabyte-milliseconds taken by all reduce tasks=22224896
	Map-Reduce Framework
		Map input records=14042604
		Map output records=36
		Map output bytes=486
		Map output materialized bytes=666
		Input split bytes=2034
		Combine input records=36
		Combine output records=36
		Reduce input groups=2
		Reduce shuffle bytes=666
		Reduce input records=36
		Reduce output records=1
		Spilled Records=72
		Shuffled Maps =18
		Failed Shuffles=0
		Merged Map outputs=18
		GC time elapsed (ms)=1809
		CPU time spent (ms)=64310
		Physical memory (bytes) snapshot=10780315648
		Virtual memory (bytes) snapshot=105744867328
		Total committed heap usage (bytes)=22001221632
	Shuffle Errors
		BAD_ID=0
		CONNECTION=0
		IO_ERROR=0
		WRONG_LENGTH=0
		WRONG_MAP=0
		WRONG_REDUCE=0
	File Input Format Counters 
		Bytes Read=722251468
	File Output Format Counters 
		Bytes Written=19
2018-10-27 12:10:05,043 INFO  [main] streaming.StreamJob (StreamJob.java:submitAndMonitorJob(1025)) - Output directory: /user/s1837504/output/task1/large

real	0m25.014s
user	0m8.824s
sys	0m0.672s
