2018-10-27 12:18:23,368 WARN  [main] streaming.StreamJob (StreamJob.java:parseArgv(291)) - -file option is deprecated, please use generic option -files instead.
packageJobJar: [mapper.py, combiner.py, reducer.py, /tmp/hadoop-unjar1695541117314678285/] [] /tmp/streamjob6369989207321368180.jar tmpDir=null
2018-10-27 12:18:24,400 INFO  [main] client.RMProxy (RMProxy.java:newProxyInstance(133)) - Connecting to ResourceManager at scutter02.inf.ed.ac.uk/192.168.16.102:8032
2018-10-27 12:18:24,635 INFO  [main] client.RMProxy (RMProxy.java:newProxyInstance(133)) - Connecting to ResourceManager at scutter02.inf.ed.ac.uk/192.168.16.102:8032
2018-10-27 12:18:24,916 INFO  [main] hdfs.DFSClient (DFSClient.java:getDelegationToken(689)) - Created HDFS_DELEGATION_TOKEN token 21052 for s1837504 on 192.168.16.101:8020
2018-10-27 12:18:24,948 INFO  [main] security.TokenCache (TokenCache.java:obtainTokensForNamenodesInternal(143)) - Got dt for hdfs://scutter01.inf.ed.ac.uk:8020; Kind: HDFS_DELEGATION_TOKEN, Service: 192.168.16.101:8020, Ident: (HDFS_DELEGATION_TOKEN token 21052 for s1837504)
2018-10-27 12:18:25,303 INFO  [main] mapred.FileInputFormat (FileInputFormat.java:listStatus(256)) - Total input files to process : 1
2018-10-27 12:18:25,587 INFO  [main] mapreduce.JobSubmitter (JobSubmitter.java:submitJobInternal(204)) - number of splits:4
2018-10-27 12:18:25,716 INFO  [main] Configuration.deprecation (Configuration.java:logDeprecation(1297)) - mapred.reduce.tasks is deprecated. Instead, use mapreduce.job.reduces
2018-10-27 12:18:25,717 INFO  [main] Configuration.deprecation (Configuration.java:logDeprecation(1297)) - yarn.resourcemanager.system-metrics-publisher.enabled is deprecated. Instead, use yarn.system-metrics-publisher.enabled
2018-10-27 12:18:25,800 INFO  [main] mapreduce.JobSubmitter (JobSubmitter.java:printTokens(300)) - Submitting tokens for job: job_1537968858837_20047
2018-10-27 12:18:25,800 INFO  [main] mapreduce.JobSubmitter (JobSubmitter.java:printTokens(302)) - Kind: HDFS_DELEGATION_TOKEN, Service: 192.168.16.101:8020, Ident: (HDFS_DELEGATION_TOKEN token 21052 for s1837504)
2018-10-27 12:18:26,195 INFO  [main] impl.YarnClientImpl (YarnClientImpl.java:submitApplication(290)) - Submitted application application_1537968858837_20047
2018-10-27 12:18:26,250 INFO  [main] mapreduce.Job (Job.java:submit(1574)) - The url to track the job: http://scutter02.inf.ed.ac.uk:8088/proxy/application_1537968858837_20047/
2018-10-27 12:18:26,252 INFO  [main] mapreduce.Job (Job.java:monitorAndPrintJob(1619)) - Running job: job_1537968858837_20047
2018-10-27 12:18:33,373 INFO  [main] mapreduce.Job (Job.java:monitorAndPrintJob(1640)) - Job job_1537968858837_20047 running in uber mode : false
2018-10-27 12:18:33,375 INFO  [main] mapreduce.Job (Job.java:monitorAndPrintJob(1647)) -  map 0% reduce 0%
2018-10-27 12:18:40,463 INFO  [main] mapreduce.Job (Job.java:monitorAndPrintJob(1647)) -  map 25% reduce 0%
2018-10-27 12:18:42,476 INFO  [main] mapreduce.Job (Job.java:monitorAndPrintJob(1647)) -  map 75% reduce 0%
2018-10-27 12:18:43,482 INFO  [main] mapreduce.Job (Job.java:monitorAndPrintJob(1647)) -  map 100% reduce 0%
2018-10-27 12:18:46,498 INFO  [main] mapreduce.Job (Job.java:monitorAndPrintJob(1647)) -  map 100% reduce 100%
2018-10-27 12:18:46,509 INFO  [main] mapreduce.Job (Job.java:monitorAndPrintJob(1658)) - Job job_1537968858837_20047 completed successfully
2018-10-27 12:18:46,644 INFO  [main] mapreduce.Job (Job.java:monitorAndPrintJob(1665)) - Counters: 51
	File System Counters
		FILE: Number of bytes read=70
		FILE: Number of bytes written=1021523
		FILE: Number of read operations=0
		FILE: Number of large read operations=0
		FILE: Number of write operations=0
		HDFS: Number of bytes read=534601130
		HDFS: Number of bytes written=9
		HDFS: Number of read operations=15
		HDFS: Number of large read operations=0
		HDFS: Number of write operations=2
	Job Counters 
		Killed map tasks=1
		Launched map tasks=4
		Launched reduce tasks=1
		Data-local map tasks=3
		Rack-local map tasks=1
		Total time spent by all maps in occupied slots (ms)=51986
		Total time spent by all reduces in occupied slots (ms)=10480
		Total time spent by all map tasks (ms)=25993
		Total time spent by all reduce tasks (ms)=2620
		Total vcore-milliseconds taken by all map tasks=25993
		Total vcore-milliseconds taken by all reduce tasks=2620
		Total megabyte-milliseconds taken by all map tasks=106467328
		Total megabyte-milliseconds taken by all reduce tasks=21463040
	Map-Reduce Framework
		Map input records=8855771
		Map output records=4
		Map output bytes=56
		Map output materialized bytes=88
		Input split bytes=472
		Combine input records=4
		Combine output records=4
		Reduce input groups=1
		Reduce shuffle bytes=88
		Reduce input records=4
		Reduce output records=1
		Spilled Records=8
		Shuffled Maps =4
		Failed Shuffles=0
		Merged Map outputs=4
		GC time elapsed (ms)=623
		CPU time spent (ms)=24870
		Physical memory (bytes) snapshot=3343687680
		Virtual memory (bytes) snapshot=30292955136
		Total committed heap usage (bytes)=5848432640
	Shuffle Errors
		BAD_ID=0
		CONNECTION=0
		IO_ERROR=0
		WRONG_LENGTH=0
		WRONG_MAP=0
		WRONG_REDUCE=0
	File Input Format Counters 
		Bytes Read=534600658
	File Output Format Counters 
		Bytes Written=9
2018-10-27 12:18:46,644 INFO  [main] streaming.StreamJob (StreamJob.java:submitAndMonitorJob(1025)) - Output directory: /user/s1837504/output/task3/large

real	0m24.155s
user	0m9.030s
sys	0m0.664s
