2018-10-28 17:54:40,161 WARN  [main] streaming.StreamJob (StreamJob.java:parseArgv(291)) - -file option is deprecated, please use generic option -files instead.
packageJobJar: [mapper.py, reducer.py, /tmp/hadoop-unjar2177175997469501121/] [] /tmp/streamjob6355162256898920635.jar tmpDir=null
2018-10-28 17:54:41,234 INFO  [main] client.RMProxy (RMProxy.java:newProxyInstance(133)) - Connecting to ResourceManager at scutter02.inf.ed.ac.uk/192.168.16.102:8032
2018-10-28 17:54:41,453 INFO  [main] client.RMProxy (RMProxy.java:newProxyInstance(133)) - Connecting to ResourceManager at scutter02.inf.ed.ac.uk/192.168.16.102:8032
2018-10-28 17:54:41,686 INFO  [main] hdfs.DFSClient (DFSClient.java:getDelegationToken(689)) - Created HDFS_DELEGATION_TOKEN token 25217 for s1837504 on 192.168.16.101:8020
2018-10-28 17:54:41,715 INFO  [main] security.TokenCache (TokenCache.java:obtainTokensForNamenodesInternal(143)) - Got dt for hdfs://scutter01.inf.ed.ac.uk:8020; Kind: HDFS_DELEGATION_TOKEN, Service: 192.168.16.101:8020, Ident: (HDFS_DELEGATION_TOKEN token 25217 for s1837504)
2018-10-28 17:54:42,029 INFO  [main] mapred.FileInputFormat (FileInputFormat.java:listStatus(256)) - Total input files to process : 1
2018-10-28 17:54:42,314 INFO  [main] mapreduce.JobSubmitter (JobSubmitter.java:submitJobInternal(204)) - number of splits:2
2018-10-28 17:54:42,405 INFO  [main] Configuration.deprecation (Configuration.java:logDeprecation(1297)) - mapred.reduce.tasks is deprecated. Instead, use mapreduce.job.reduces
2018-10-28 17:54:42,406 INFO  [main] Configuration.deprecation (Configuration.java:logDeprecation(1297)) - yarn.resourcemanager.system-metrics-publisher.enabled is deprecated. Instead, use yarn.system-metrics-publisher.enabled
2018-10-28 17:54:42,486 INFO  [main] mapreduce.JobSubmitter (JobSubmitter.java:printTokens(300)) - Submitting tokens for job: job_1537968858837_24047
2018-10-28 17:54:42,486 INFO  [main] mapreduce.JobSubmitter (JobSubmitter.java:printTokens(302)) - Kind: HDFS_DELEGATION_TOKEN, Service: 192.168.16.101:8020, Ident: (HDFS_DELEGATION_TOKEN token 25217 for s1837504)
2018-10-28 17:54:42,673 INFO  [main] impl.YarnClientImpl (YarnClientImpl.java:submitApplication(290)) - Submitted application application_1537968858837_24047
2018-10-28 17:54:42,708 INFO  [main] mapreduce.Job (Job.java:submit(1574)) - The url to track the job: http://scutter02.inf.ed.ac.uk:8088/proxy/application_1537968858837_24047/
2018-10-28 17:54:42,709 INFO  [main] mapreduce.Job (Job.java:monitorAndPrintJob(1619)) - Running job: job_1537968858837_24047
2018-10-28 17:54:49,842 INFO  [main] mapreduce.Job (Job.java:monitorAndPrintJob(1640)) - Job job_1537968858837_24047 running in uber mode : false
2018-10-28 17:54:49,844 INFO  [main] mapreduce.Job (Job.java:monitorAndPrintJob(1647)) -  map 0% reduce 0%
2018-10-28 17:54:56,939 INFO  [main] mapreduce.Job (Job.java:monitorAndPrintJob(1647)) -  map 100% reduce 0%
2018-10-28 17:55:09,009 INFO  [main] mapreduce.Job (Job.java:monitorAndPrintJob(1647)) -  map 100% reduce 100%
2018-10-28 17:55:09,020 INFO  [main] mapreduce.Job (Job.java:monitorAndPrintJob(1658)) - Job job_1537968858837_24047 completed successfully
2018-10-28 17:55:09,167 INFO  [main] mapreduce.Job (Job.java:monitorAndPrintJob(1665)) - Counters: 50
	File System Counters
		FILE: Number of bytes read=32
		FILE: Number of bytes written=610884
		FILE: Number of read operations=0
		FILE: Number of large read operations=0
		FILE: Number of write operations=0
		HDFS: Number of bytes read=277771
		HDFS: Number of bytes written=5
		HDFS: Number of read operations=9
		HDFS: Number of large read operations=0
		HDFS: Number of write operations=2
	Job Counters 
		Killed map tasks=1
		Launched map tasks=2
		Launched reduce tasks=1
		Rack-local map tasks=2
		Total time spent by all maps in occupied slots (ms)=18360
		Total time spent by all reduces in occupied slots (ms)=10944
		Total time spent by all map tasks (ms)=9180
		Total time spent by all reduce tasks (ms)=2736
		Total vcore-milliseconds taken by all map tasks=9180
		Total vcore-milliseconds taken by all reduce tasks=2736
		Total megabyte-milliseconds taken by all map tasks=37601280
		Total megabyte-milliseconds taken by all reduce tasks=22413312
	Map-Reduce Framework
		Map input records=3252
		Map output records=2
		Map output bytes=22
		Map output materialized bytes=38
		Input split bytes=236
		Combine input records=0
		Combine output records=0
		Reduce input groups=1
		Reduce shuffle bytes=38
		Reduce input records=2
		Reduce output records=1
		Spilled Records=4
		Shuffled Maps =2
		Failed Shuffles=0
		Merged Map outputs=2
		GC time elapsed (ms)=200
		CPU time spent (ms)=2820
		Physical memory (bytes) snapshot=1106567168
		Virtual memory (bytes) snapshot=19496738816
		Total committed heap usage (bytes)=2858942464
	Shuffle Errors
		BAD_ID=0
		CONNECTION=0
		IO_ERROR=0
		WRONG_LENGTH=0
		WRONG_MAP=0
		WRONG_REDUCE=0
	File Input Format Counters 
		Bytes Read=277535
	File Output Format Counters 
		Bytes Written=5
2018-10-28 17:55:09,167 INFO  [main] streaming.StreamJob (StreamJob.java:submitAndMonitorJob(1025)) - Output directory: /user/s1837504/output/task3/small

real	0m29.929s
user	0m7.786s
sys	0m0.630s
