2018-10-12 18:03:47,963 WARN  [main] streaming.StreamJob (StreamJob.java:parseArgv(291)) - -file option is deprecated, please use generic option -files instead.
packageJobJar: [mapper.py, reducer.py, /tmp/hadoop-unjar1303755388104523780/] [] /tmp/streamjob8768600780600401476.jar tmpDir=null
2018-10-12 18:03:48,961 INFO  [main] client.RMProxy (RMProxy.java:newProxyInstance(133)) - Connecting to ResourceManager at scutter02.inf.ed.ac.uk/192.168.16.102:8032
2018-10-12 18:03:49,189 INFO  [main] client.RMProxy (RMProxy.java:newProxyInstance(133)) - Connecting to ResourceManager at scutter02.inf.ed.ac.uk/192.168.16.102:8032
2018-10-12 18:03:49,474 INFO  [main] hdfs.DFSClient (DFSClient.java:getDelegationToken(689)) - Created HDFS_DELEGATION_TOKEN token 5738 for s1837504 on 192.168.16.101:8020
2018-10-12 18:03:49,514 INFO  [main] security.TokenCache (TokenCache.java:obtainTokensForNamenodesInternal(143)) - Got dt for hdfs://scutter01.inf.ed.ac.uk:8020; Kind: HDFS_DELEGATION_TOKEN, Service: 192.168.16.101:8020, Ident: (HDFS_DELEGATION_TOKEN token 5738 for s1837504)
2018-10-12 18:03:49,914 INFO  [main] mapred.FileInputFormat (FileInputFormat.java:listStatus(256)) - Total input files to process : 1
2018-10-12 18:03:50,197 INFO  [main] mapreduce.JobSubmitter (JobSubmitter.java:submitJobInternal(204)) - number of splits:2
2018-10-12 18:03:50,327 INFO  [main] Configuration.deprecation (Configuration.java:logDeprecation(1297)) - mapred.reduce.tasks is deprecated. Instead, use mapreduce.job.reduces
2018-10-12 18:03:50,328 INFO  [main] Configuration.deprecation (Configuration.java:logDeprecation(1297)) - yarn.resourcemanager.system-metrics-publisher.enabled is deprecated. Instead, use yarn.system-metrics-publisher.enabled
2018-10-12 18:03:50,409 INFO  [main] mapreduce.JobSubmitter (JobSubmitter.java:printTokens(300)) - Submitting tokens for job: job_1537968858837_5297
2018-10-12 18:03:50,410 INFO  [main] mapreduce.JobSubmitter (JobSubmitter.java:printTokens(302)) - Kind: HDFS_DELEGATION_TOKEN, Service: 192.168.16.101:8020, Ident: (HDFS_DELEGATION_TOKEN token 5738 for s1837504)
2018-10-12 18:03:50,584 INFO  [main] impl.YarnClientImpl (YarnClientImpl.java:submitApplication(290)) - Submitted application application_1537968858837_5297
2018-10-12 18:03:50,616 INFO  [main] mapreduce.Job (Job.java:submit(1574)) - The url to track the job: http://scutter02.inf.ed.ac.uk:8088/proxy/application_1537968858837_5297/
2018-10-12 18:03:50,617 INFO  [main] mapreduce.Job (Job.java:monitorAndPrintJob(1619)) - Running job: job_1537968858837_5297
2018-10-12 18:03:58,753 INFO  [main] mapreduce.Job (Job.java:monitorAndPrintJob(1640)) - Job job_1537968858837_5297 running in uber mode : false
2018-10-12 18:03:58,755 INFO  [main] mapreduce.Job (Job.java:monitorAndPrintJob(1647)) -  map 0% reduce 0%
2018-10-12 18:04:05,848 INFO  [main] mapreduce.Job (Job.java:monitorAndPrintJob(1647)) -  map 100% reduce 0%
2018-10-12 18:04:12,894 INFO  [main] mapreduce.Job (Job.java:monitorAndPrintJob(1647)) -  map 100% reduce 100%
2018-10-12 18:04:12,906 INFO  [main] mapreduce.Job (Job.java:monitorAndPrintJob(1658)) - Job job_1537968858837_5297 completed successfully
2018-10-12 18:04:13,041 INFO  [main] mapreduce.Job (Job.java:monitorAndPrintJob(1665)) - Counters: 49
	File System Counters
		FILE: Number of bytes read=32
		FILE: Number of bytes written=610845
		FILE: Number of read operations=0
		FILE: Number of large read operations=0
		FILE: Number of write operations=0
		HDFS: Number of bytes read=277771
		HDFS: Number of bytes written=5
		HDFS: Number of read operations=9
		HDFS: Number of large read operations=0
		HDFS: Number of write operations=2
	Job Counters 
		Launched map tasks=2
		Launched reduce tasks=1
		Rack-local map tasks=2
		Total time spent by all maps in occupied slots (ms)=19022
		Total time spent by all reduces in occupied slots (ms)=19432
		Total time spent by all map tasks (ms)=9511
		Total time spent by all reduce tasks (ms)=4858
		Total vcore-milliseconds taken by all map tasks=9511
		Total vcore-milliseconds taken by all reduce tasks=4858
		Total megabyte-milliseconds taken by all map tasks=38957056
		Total megabyte-milliseconds taken by all reduce tasks=39796736
	Map-Reduce Framework
		Map input records=3252
		Map output records=2
		Map output bytes=22
		Map output materialized bytes=38
		Input split bytes=236
		Combine input records=0
		Combine output records=0
		Reduce input groups=1
		Reduce shuffle bytes=38
		Reduce input records=2
		Reduce output records=1
		Spilled Records=4
		Shuffled Maps =2
		Failed Shuffles=0
		Merged Map outputs=2
		GC time elapsed (ms)=188
		CPU time spent (ms)=2990
		Physical memory (bytes) snapshot=1127698432
		Virtual memory (bytes) snapshot=19471368192
		Total committed heap usage (bytes)=3306684416
	Shuffle Errors
		BAD_ID=0
		CONNECTION=0
		IO_ERROR=0
		WRONG_LENGTH=0
		WRONG_MAP=0
		WRONG_REDUCE=0
	File Input Format Counters 
		Bytes Read=277535
	File Output Format Counters 
		Bytes Written=5
2018-10-12 18:04:13,041 INFO  [main] streaming.StreamJob (StreamJob.java:submitAndMonitorJob(1025)) - Output directory: /user/s1837504/output/task3/small

real	0m25.974s
user	0m8.651s
sys	0m0.629s
