2018-10-11 19:46:55,556 WARN  [main] streaming.StreamJob (StreamJob.java:parseArgv(291)) - -file option is deprecated, please use generic option -files instead.
packageJobJar: [mapper.py, combiner.py, reducer.py, /tmp/hadoop-unjar2035792797659209834/] [] /tmp/streamjob8543169882768965184.jar tmpDir=null
2018-10-11 19:46:56,537 INFO  [main] client.RMProxy (RMProxy.java:newProxyInstance(133)) - Connecting to ResourceManager at scutter02.inf.ed.ac.uk/192.168.16.102:8032
2018-10-11 19:46:56,783 INFO  [main] client.RMProxy (RMProxy.java:newProxyInstance(133)) - Connecting to ResourceManager at scutter02.inf.ed.ac.uk/192.168.16.102:8032
2018-10-11 19:46:57,056 INFO  [main] hdfs.DFSClient (DFSClient.java:getDelegationToken(689)) - Created HDFS_DELEGATION_TOKEN token 5052 for s1837504 on 192.168.16.101:8020
2018-10-11 19:46:57,094 INFO  [main] security.TokenCache (TokenCache.java:obtainTokensForNamenodesInternal(143)) - Got dt for hdfs://scutter01.inf.ed.ac.uk:8020; Kind: HDFS_DELEGATION_TOKEN, Service: 192.168.16.101:8020, Ident: (HDFS_DELEGATION_TOKEN token 5052 for s1837504)
2018-10-11 19:46:57,497 INFO  [main] mapred.FileInputFormat (FileInputFormat.java:listStatus(256)) - Total input files to process : 3
2018-10-11 19:46:57,771 INFO  [main] mapreduce.JobSubmitter (JobSubmitter.java:submitJobInternal(204)) - number of splits:4
2018-10-11 19:46:57,888 INFO  [main] Configuration.deprecation (Configuration.java:logDeprecation(1297)) - mapred.reduce.tasks is deprecated. Instead, use mapreduce.job.reduces
2018-10-11 19:46:57,888 INFO  [main] Configuration.deprecation (Configuration.java:logDeprecation(1297)) - yarn.resourcemanager.system-metrics-publisher.enabled is deprecated. Instead, use yarn.system-metrics-publisher.enabled
2018-10-11 19:46:57,968 INFO  [main] mapreduce.JobSubmitter (JobSubmitter.java:printTokens(300)) - Submitting tokens for job: job_1537968858837_4636
2018-10-11 19:46:57,968 INFO  [main] mapreduce.JobSubmitter (JobSubmitter.java:printTokens(302)) - Kind: HDFS_DELEGATION_TOKEN, Service: 192.168.16.101:8020, Ident: (HDFS_DELEGATION_TOKEN token 5052 for s1837504)
2018-10-11 19:46:58,349 INFO  [main] impl.YarnClientImpl (YarnClientImpl.java:submitApplication(290)) - Submitted application application_1537968858837_4636
2018-10-11 19:46:58,403 INFO  [main] mapreduce.Job (Job.java:submit(1574)) - The url to track the job: http://scutter02.inf.ed.ac.uk:8088/proxy/application_1537968858837_4636/
2018-10-11 19:46:58,405 INFO  [main] mapreduce.Job (Job.java:monitorAndPrintJob(1619)) - Running job: job_1537968858837_4636
2018-10-11 19:47:06,653 INFO  [main] mapreduce.Job (Job.java:monitorAndPrintJob(1640)) - Job job_1537968858837_4636 running in uber mode : false
2018-10-11 19:47:06,654 INFO  [main] mapreduce.Job (Job.java:monitorAndPrintJob(1647)) -  map 0% reduce 0%
2018-10-11 19:47:12,737 INFO  [main] mapreduce.Job (Job.java:monitorAndPrintJob(1647)) -  map 75% reduce 0%
2018-10-11 19:47:13,744 INFO  [main] mapreduce.Job (Job.java:monitorAndPrintJob(1647)) -  map 100% reduce 0%
2018-10-11 19:47:21,791 INFO  [main] mapreduce.Job (Job.java:monitorAndPrintJob(1647)) -  map 100% reduce 100%
2018-10-11 19:47:21,803 INFO  [main] mapreduce.Job (Job.java:monitorAndPrintJob(1658)) - Job job_1537968858837_4636 completed successfully
2018-10-11 19:47:21,946 INFO  [main] mapreduce.Job (Job.java:monitorAndPrintJob(1665)) - Counters: 50
	File System Counters
		FILE: Number of bytes read=3382951
		FILE: Number of bytes written=7785380
		FILE: Number of read operations=0
		FILE: Number of large read operations=0
		FILE: Number of write operations=0
		HDFS: Number of bytes read=1441369
		HDFS: Number of bytes written=43655
		HDFS: Number of read operations=15
		HDFS: Number of large read operations=0
		HDFS: Number of write operations=2
	Job Counters 
		Launched map tasks=4
		Launched reduce tasks=1
		Data-local map tasks=2
		Rack-local map tasks=2
		Total time spent by all maps in occupied slots (ms)=39542
		Total time spent by all reduces in occupied slots (ms)=21564
		Total time spent by all map tasks (ms)=19771
		Total time spent by all reduce tasks (ms)=5391
		Total vcore-milliseconds taken by all map tasks=19771
		Total vcore-milliseconds taken by all reduce tasks=5391
		Total megabyte-milliseconds taken by all map tasks=80982016
		Total megabyte-milliseconds taken by all reduce tasks=44163072
	Map-Reduce Framework
		Map input records=23585
		Map output records=219838
		Map output bytes=2943269
		Map output materialized bytes=3382969
		Input split bytes=524
		Combine input records=0
		Combine output records=0
		Reduce input groups=135330
		Reduce shuffle bytes=3382969
		Reduce input records=219838
		Reduce output records=3408
		Spilled Records=439676
		Shuffled Maps =4
		Failed Shuffles=0
		Merged Map outputs=4
		GC time elapsed (ms)=337
		CPU time spent (ms)=10170
		Physical memory (bytes) snapshot=1923940352
		Virtual memory (bytes) snapshot=30302093312
		Total committed heap usage (bytes)=4302831616
	Shuffle Errors
		BAD_ID=0
		CONNECTION=0
		IO_ERROR=0
		WRONG_LENGTH=0
		WRONG_MAP=0
		WRONG_REDUCE=0
	File Input Format Counters 
		Bytes Read=1440845
	File Output Format Counters 
		Bytes Written=43655
2018-10-11 19:47:21,946 INFO  [main] streaming.StreamJob (StreamJob.java:submitAndMonitorJob(1025)) - Output directory: /user/s1837504/output/task2/small

real	0m27.286s
user	0m8.978s
sys	0m0.707s
