2018-10-14 23:39:29,150 WARN  [main] streaming.StreamJob (StreamJob.java:parseArgv(291)) - -file option is deprecated, please use generic option -files instead.
packageJobJar: [mapper.py, combiner.py, reducer.py, /tmp/hadoop-unjar5743413851660792793/] [] /tmp/streamjob3955067057377359100.jar tmpDir=null
2018-10-14 23:39:30,133 INFO  [main] client.RMProxy (RMProxy.java:newProxyInstance(133)) - Connecting to ResourceManager at scutter02.inf.ed.ac.uk/192.168.16.102:8032
2018-10-14 23:39:30,424 INFO  [main] client.RMProxy (RMProxy.java:newProxyInstance(133)) - Connecting to ResourceManager at scutter02.inf.ed.ac.uk/192.168.16.102:8032
2018-10-14 23:39:30,685 INFO  [main] hdfs.DFSClient (DFSClient.java:getDelegationToken(689)) - Created HDFS_DELEGATION_TOKEN token 7575 for s1837504 on 192.168.16.101:8020
2018-10-14 23:39:30,723 INFO  [main] security.TokenCache (TokenCache.java:obtainTokensForNamenodesInternal(143)) - Got dt for hdfs://scutter01.inf.ed.ac.uk:8020; Kind: HDFS_DELEGATION_TOKEN, Service: 192.168.16.101:8020, Ident: (HDFS_DELEGATION_TOKEN token 7575 for s1837504)
2018-10-14 23:39:31,147 INFO  [main] mapred.FileInputFormat (FileInputFormat.java:listStatus(256)) - Total input files to process : 3
2018-10-14 23:39:31,423 INFO  [main] mapreduce.JobSubmitter (JobSubmitter.java:submitJobInternal(204)) - number of splits:4
2018-10-14 23:39:31,553 INFO  [main] Configuration.deprecation (Configuration.java:logDeprecation(1297)) - yarn.resourcemanager.system-metrics-publisher.enabled is deprecated. Instead, use yarn.system-metrics-publisher.enabled
2018-10-14 23:39:31,633 INFO  [main] mapreduce.JobSubmitter (JobSubmitter.java:printTokens(300)) - Submitting tokens for job: job_1537968858837_7071
2018-10-14 23:39:31,633 INFO  [main] mapreduce.JobSubmitter (JobSubmitter.java:printTokens(302)) - Kind: HDFS_DELEGATION_TOKEN, Service: 192.168.16.101:8020, Ident: (HDFS_DELEGATION_TOKEN token 7575 for s1837504)
2018-10-14 23:39:32,042 INFO  [main] impl.YarnClientImpl (YarnClientImpl.java:submitApplication(290)) - Submitted application application_1537968858837_7071
2018-10-14 23:39:32,095 INFO  [main] mapreduce.Job (Job.java:submit(1574)) - The url to track the job: http://scutter02.inf.ed.ac.uk:8088/proxy/application_1537968858837_7071/
2018-10-14 23:39:32,097 INFO  [main] mapreduce.Job (Job.java:monitorAndPrintJob(1619)) - Running job: job_1537968858837_7071
2018-10-14 23:39:39,212 INFO  [main] mapreduce.Job (Job.java:monitorAndPrintJob(1640)) - Job job_1537968858837_7071 running in uber mode : false
2018-10-14 23:39:39,213 INFO  [main] mapreduce.Job (Job.java:monitorAndPrintJob(1647)) -  map 0% reduce 0%
2018-10-14 23:39:46,298 INFO  [main] mapreduce.Job (Job.java:monitorAndPrintJob(1647)) -  map 50% reduce 0%
2018-10-14 23:39:47,307 INFO  [main] mapreduce.Job (Job.java:monitorAndPrintJob(1647)) -  map 100% reduce 0%
2018-10-14 23:39:53,342 INFO  [main] mapreduce.Job (Job.java:monitorAndPrintJob(1647)) -  map 100% reduce 50%
2018-10-14 23:39:54,348 INFO  [main] mapreduce.Job (Job.java:monitorAndPrintJob(1647)) -  map 100% reduce 100%
2018-10-14 23:39:54,359 INFO  [main] mapreduce.Job (Job.java:monitorAndPrintJob(1658)) - Job job_1537968858837_7071 completed successfully
2018-10-14 23:39:54,492 INFO  [main] mapreduce.Job (Job.java:monitorAndPrintJob(1665)) - Counters: 51
	File System Counters
		FILE: Number of bytes read=2495371
		FILE: Number of bytes written=6216300
		FILE: Number of read operations=0
		FILE: Number of large read operations=0
		FILE: Number of write operations=0
		HDFS: Number of bytes read=1441369
		HDFS: Number of bytes written=43655
		HDFS: Number of read operations=18
		HDFS: Number of large read operations=0
		HDFS: Number of write operations=4
	Job Counters 
		Killed map tasks=1
		Launched map tasks=4
		Launched reduce tasks=2
		Data-local map tasks=2
		Rack-local map tasks=2
		Total time spent by all maps in occupied slots (ms)=40512
		Total time spent by all reduces in occupied slots (ms)=41572
		Total time spent by all map tasks (ms)=20256
		Total time spent by all reduce tasks (ms)=10393
		Total vcore-milliseconds taken by all map tasks=20256
		Total vcore-milliseconds taken by all reduce tasks=10393
		Total megabyte-milliseconds taken by all map tasks=82968576
		Total megabyte-milliseconds taken by all reduce tasks=85139456
	Map-Reduce Framework
		Map input records=23585
		Map output records=219838
		Map output bytes=2943269
		Map output materialized bytes=2495407
		Input split bytes=524
		Combine input records=219838
		Combine output records=151559
		Reduce input groups=135330
		Reduce shuffle bytes=2495407
		Reduce input records=151559
		Reduce output records=3408
		Spilled Records=303118
		Shuffled Maps =8
		Failed Shuffles=0
		Merged Map outputs=8
		GC time elapsed (ms)=388
		CPU time spent (ms)=15460
		Physical memory (bytes) snapshot=2366898176
		Virtual memory (bytes) snapshot=39044579328
		Total committed heap usage (bytes)=4846518272
	Shuffle Errors
		BAD_ID=0
		CONNECTION=0
		IO_ERROR=0
		WRONG_LENGTH=0
		WRONG_MAP=0
		WRONG_REDUCE=0
	File Input Format Counters 
		Bytes Read=1440845
	File Output Format Counters 
		Bytes Written=43655
2018-10-14 23:39:54,492 INFO  [main] streaming.StreamJob (StreamJob.java:submitAndMonitorJob(1025)) - Output directory: /user/s1837504/output/task2/small

real	0m26.252s
user	0m9.329s
sys	0m0.644s
