2018-10-12 10:02:33,067 WARN  [main] streaming.StreamJob (StreamJob.java:parseArgv(291)) - -file option is deprecated, please use generic option -files instead.
packageJobJar: [mapper.py, combiner.py, reducer.py, /tmp/hadoop-unjar5589850859232853701/] [] /tmp/streamjob4433583860516686282.jar tmpDir=null
2018-10-12 10:02:34,066 INFO  [main] client.RMProxy (RMProxy.java:newProxyInstance(133)) - Connecting to ResourceManager at scutter02.inf.ed.ac.uk/192.168.16.102:8032
2018-10-12 10:02:34,276 INFO  [main] client.RMProxy (RMProxy.java:newProxyInstance(133)) - Connecting to ResourceManager at scutter02.inf.ed.ac.uk/192.168.16.102:8032
2018-10-12 10:02:34,558 INFO  [main] hdfs.DFSClient (DFSClient.java:getDelegationToken(689)) - Created HDFS_DELEGATION_TOKEN token 5453 for s1837504 on 192.168.16.101:8020
2018-10-12 10:02:34,597 INFO  [main] security.TokenCache (TokenCache.java:obtainTokensForNamenodesInternal(143)) - Got dt for hdfs://scutter01.inf.ed.ac.uk:8020; Kind: HDFS_DELEGATION_TOKEN, Service: 192.168.16.101:8020, Ident: (HDFS_DELEGATION_TOKEN token 5453 for s1837504)
2018-10-12 10:02:35,031 INFO  [main] mapred.FileInputFormat (FileInputFormat.java:listStatus(256)) - Total input files to process : 3
2018-10-12 10:02:35,309 INFO  [main] mapreduce.JobSubmitter (JobSubmitter.java:submitJobInternal(204)) - number of splits:4
2018-10-12 10:02:35,432 INFO  [main] Configuration.deprecation (Configuration.java:logDeprecation(1297)) - yarn.resourcemanager.system-metrics-publisher.enabled is deprecated. Instead, use yarn.system-metrics-publisher.enabled
2018-10-12 10:02:35,512 INFO  [main] mapreduce.JobSubmitter (JobSubmitter.java:printTokens(300)) - Submitting tokens for job: job_1537968858837_5023
2018-10-12 10:02:35,512 INFO  [main] mapreduce.JobSubmitter (JobSubmitter.java:printTokens(302)) - Kind: HDFS_DELEGATION_TOKEN, Service: 192.168.16.101:8020, Ident: (HDFS_DELEGATION_TOKEN token 5453 for s1837504)
2018-10-12 10:02:35,890 INFO  [main] impl.YarnClientImpl (YarnClientImpl.java:submitApplication(290)) - Submitted application application_1537968858837_5023
2018-10-12 10:02:35,944 INFO  [main] mapreduce.Job (Job.java:submit(1574)) - The url to track the job: http://scutter02.inf.ed.ac.uk:8088/proxy/application_1537968858837_5023/
2018-10-12 10:02:35,946 INFO  [main] mapreduce.Job (Job.java:monitorAndPrintJob(1619)) - Running job: job_1537968858837_5023
2018-10-12 10:02:44,097 INFO  [main] mapreduce.Job (Job.java:monitorAndPrintJob(1640)) - Job job_1537968858837_5023 running in uber mode : false
2018-10-12 10:02:44,099 INFO  [main] mapreduce.Job (Job.java:monitorAndPrintJob(1647)) -  map 0% reduce 0%
2018-10-12 10:02:51,186 INFO  [main] mapreduce.Job (Job.java:monitorAndPrintJob(1647)) -  map 50% reduce 0%
2018-10-12 10:02:54,205 INFO  [main] mapreduce.Job (Job.java:monitorAndPrintJob(1647)) -  map 75% reduce 0%
2018-10-12 10:02:55,212 INFO  [main] mapreduce.Job (Job.java:monitorAndPrintJob(1647)) -  map 100% reduce 0%
2018-10-12 10:02:59,234 INFO  [main] mapreduce.Job (Job.java:monitorAndPrintJob(1647)) -  map 100% reduce 100%
2018-10-12 10:02:59,245 INFO  [main] mapreduce.Job (Job.java:monitorAndPrintJob(1658)) - Job job_1537968858837_5023 completed successfully
2018-10-12 10:02:59,374 INFO  [main] mapreduce.Job (Job.java:monitorAndPrintJob(1665)) - Counters: 50
	File System Counters
		FILE: Number of bytes read=3382957
		FILE: Number of bytes written=7989342
		FILE: Number of read operations=0
		FILE: Number of large read operations=0
		FILE: Number of write operations=0
		HDFS: Number of bytes read=1441369
		HDFS: Number of bytes written=43655
		HDFS: Number of read operations=18
		HDFS: Number of large read operations=0
		HDFS: Number of write operations=4
	Job Counters 
		Killed map tasks=1
		Launched map tasks=4
		Launched reduce tasks=2
		Data-local map tasks=4
		Total time spent by all maps in occupied slots (ms)=54868
		Total time spent by all reduces in occupied slots (ms)=43108
		Total time spent by all map tasks (ms)=27434
		Total time spent by all reduce tasks (ms)=10777
		Total vcore-milliseconds taken by all map tasks=27434
		Total vcore-milliseconds taken by all reduce tasks=10777
		Total megabyte-milliseconds taken by all map tasks=112369664
		Total megabyte-milliseconds taken by all reduce tasks=88285184
	Map-Reduce Framework
		Map input records=23585
		Map output records=219838
		Map output bytes=2943269
		Map output materialized bytes=3382993
		Input split bytes=524
		Combine input records=0
		Combine output records=0
		Reduce input groups=135330
		Reduce shuffle bytes=3382993
		Reduce input records=219838
		Reduce output records=3408
		Spilled Records=439676
		Shuffled Maps =8
		Failed Shuffles=0
		Merged Map outputs=8
		GC time elapsed (ms)=400
		CPU time spent (ms)=13690
		Physical memory (bytes) snapshot=2368503808
		Virtual memory (bytes) snapshot=39049494528
		Total committed heap usage (bytes)=4825546752
	Shuffle Errors
		BAD_ID=0
		CONNECTION=0
		IO_ERROR=0
		WRONG_LENGTH=0
		WRONG_MAP=0
		WRONG_REDUCE=0
	File Input Format Counters 
		Bytes Read=1440845
	File Output Format Counters 
		Bytes Written=43655
2018-10-12 10:02:59,374 INFO  [main] streaming.StreamJob (StreamJob.java:submitAndMonitorJob(1025)) - Output directory: /user/s1837504/output/task2/small

real	0m27.233s
user	0m9.368s
sys	0m0.693s
