2018-10-14 23:45:19,777 WARN  [main] streaming.StreamJob (StreamJob.java:parseArgv(291)) - -file option is deprecated, please use generic option -files instead.
packageJobJar: [mapper.py, combiner.py, reducer.py, /tmp/hadoop-unjar5900989386460554150/] [] /tmp/streamjob4647231082629041591.jar tmpDir=null
2018-10-14 23:45:20,741 INFO  [main] client.RMProxy (RMProxy.java:newProxyInstance(133)) - Connecting to ResourceManager at scutter02.inf.ed.ac.uk/192.168.16.102:8032
2018-10-14 23:45:20,962 INFO  [main] client.RMProxy (RMProxy.java:newProxyInstance(133)) - Connecting to ResourceManager at scutter02.inf.ed.ac.uk/192.168.16.102:8032
2018-10-14 23:45:21,232 INFO  [main] hdfs.DFSClient (DFSClient.java:getDelegationToken(689)) - Created HDFS_DELEGATION_TOKEN token 7581 for s1837504 on 192.168.16.101:8020
2018-10-14 23:45:21,265 INFO  [main] security.TokenCache (TokenCache.java:obtainTokensForNamenodesInternal(143)) - Got dt for hdfs://scutter01.inf.ed.ac.uk:8020; Kind: HDFS_DELEGATION_TOKEN, Service: 192.168.16.101:8020, Ident: (HDFS_DELEGATION_TOKEN token 7581 for s1837504)
2018-10-14 23:45:21,660 INFO  [main] mapred.FileInputFormat (FileInputFormat.java:listStatus(256)) - Total input files to process : 17
2018-10-14 23:45:21,942 INFO  [main] mapreduce.JobSubmitter (JobSubmitter.java:submitJobInternal(204)) - number of splits:18
2018-10-14 23:45:22,063 INFO  [main] Configuration.deprecation (Configuration.java:logDeprecation(1297)) - yarn.resourcemanager.system-metrics-publisher.enabled is deprecated. Instead, use yarn.system-metrics-publisher.enabled
2018-10-14 23:45:22,143 INFO  [main] mapreduce.JobSubmitter (JobSubmitter.java:printTokens(300)) - Submitting tokens for job: job_1537968858837_7077
2018-10-14 23:45:22,143 INFO  [main] mapreduce.JobSubmitter (JobSubmitter.java:printTokens(302)) - Kind: HDFS_DELEGATION_TOKEN, Service: 192.168.16.101:8020, Ident: (HDFS_DELEGATION_TOKEN token 7581 for s1837504)
2018-10-14 23:45:22,568 INFO  [main] impl.YarnClientImpl (YarnClientImpl.java:submitApplication(290)) - Submitted application application_1537968858837_7077
2018-10-14 23:45:22,622 INFO  [main] mapreduce.Job (Job.java:submit(1574)) - The url to track the job: http://scutter02.inf.ed.ac.uk:8088/proxy/application_1537968858837_7077/
2018-10-14 23:45:22,624 INFO  [main] mapreduce.Job (Job.java:monitorAndPrintJob(1619)) - Running job: job_1537968858837_7077
2018-10-14 23:45:30,788 INFO  [main] mapreduce.Job (Job.java:monitorAndPrintJob(1640)) - Job job_1537968858837_7077 running in uber mode : false
2018-10-14 23:45:30,790 INFO  [main] mapreduce.Job (Job.java:monitorAndPrintJob(1647)) -  map 0% reduce 0%
2018-10-14 23:46:26,209 INFO  [main] mapreduce.Job (Job.java:monitorAndPrintJob(1647)) -  map 1% reduce 0%
2018-10-14 23:46:31,236 INFO  [main] mapreduce.Job (Job.java:monitorAndPrintJob(1647)) -  map 2% reduce 0%
2018-10-14 23:46:32,240 INFO  [main] mapreduce.Job (Job.java:monitorAndPrintJob(1647)) -  map 3% reduce 0%
2018-10-14 23:46:33,245 INFO  [main] mapreduce.Job (Job.java:monitorAndPrintJob(1647)) -  map 4% reduce 0%
2018-10-14 23:46:37,264 INFO  [main] mapreduce.Job (Job.java:monitorAndPrintJob(1647)) -  map 5% reduce 0%
2018-10-14 23:46:39,272 INFO  [main] mapreduce.Job (Job.java:monitorAndPrintJob(1647)) -  map 6% reduce 0%
2018-10-14 23:46:48,314 INFO  [main] mapreduce.Job (Job.java:monitorAndPrintJob(1647)) -  map 7% reduce 0%
2018-10-14 23:46:52,332 INFO  [main] mapreduce.Job (Job.java:monitorAndPrintJob(1647)) -  map 8% reduce 0%
2018-10-14 23:46:54,341 INFO  [main] mapreduce.Job (Job.java:monitorAndPrintJob(1647)) -  map 10% reduce 0%
2018-10-14 23:46:55,346 INFO  [main] mapreduce.Job (Job.java:monitorAndPrintJob(1647)) -  map 11% reduce 0%
2018-10-14 23:47:00,367 INFO  [main] mapreduce.Job (Job.java:monitorAndPrintJob(1647)) -  map 13% reduce 0%
2018-10-14 23:47:03,397 INFO  [main] mapreduce.Job (Job.java:monitorAndPrintJob(1647)) -  map 19% reduce 0%
2018-10-14 23:47:04,402 INFO  [main] mapreduce.Job (Job.java:monitorAndPrintJob(1647)) -  map 21% reduce 0%
2018-10-14 23:47:06,411 INFO  [main] mapreduce.Job (Job.java:monitorAndPrintJob(1647)) -  map 22% reduce 0%
2018-10-14 23:47:07,415 INFO  [main] mapreduce.Job (Job.java:monitorAndPrintJob(1647)) -  map 27% reduce 0%
2018-10-14 23:47:08,420 INFO  [main] mapreduce.Job (Job.java:monitorAndPrintJob(1647)) -  map 28% reduce 0%
2018-10-14 23:47:09,425 INFO  [main] mapreduce.Job (Job.java:monitorAndPrintJob(1647)) -  map 37% reduce 0%
2018-10-14 23:47:10,429 INFO  [main] mapreduce.Job (Job.java:monitorAndPrintJob(1647)) -  map 38% reduce 0%
2018-10-14 23:47:12,439 INFO  [main] mapreduce.Job (Job.java:monitorAndPrintJob(1647)) -  map 41% reduce 0%
2018-10-14 23:47:14,447 INFO  [main] mapreduce.Job (Job.java:monitorAndPrintJob(1647)) -  map 42% reduce 0%
2018-10-14 23:47:15,452 INFO  [main] mapreduce.Job (Job.java:monitorAndPrintJob(1647)) -  map 43% reduce 0%
2018-10-14 23:47:16,456 INFO  [main] mapreduce.Job (Job.java:monitorAndPrintJob(1647)) -  map 44% reduce 0%
2018-10-14 23:47:17,460 INFO  [main] mapreduce.Job (Job.java:monitorAndPrintJob(1647)) -  map 46% reduce 0%
2018-10-14 23:47:18,464 INFO  [main] mapreduce.Job (Job.java:monitorAndPrintJob(1647)) -  map 52% reduce 0%
2018-10-14 23:47:19,469 INFO  [main] mapreduce.Job (Job.java:monitorAndPrintJob(1647)) -  map 54% reduce 0%
2018-10-14 23:47:20,473 INFO  [main] mapreduce.Job (Job.java:monitorAndPrintJob(1647)) -  map 55% reduce 0%
2018-10-14 23:47:23,485 INFO  [main] mapreduce.Job (Job.java:monitorAndPrintJob(1647)) -  map 58% reduce 0%
2018-10-14 23:47:24,489 INFO  [main] mapreduce.Job (Job.java:monitorAndPrintJob(1647)) -  map 62% reduce 0%
2018-10-14 23:47:25,494 INFO  [main] mapreduce.Job (Job.java:monitorAndPrintJob(1647)) -  map 68% reduce 0%
2018-10-14 23:47:27,502 INFO  [main] mapreduce.Job (Job.java:monitorAndPrintJob(1647)) -  map 74% reduce 0%
2018-10-14 23:47:28,506 INFO  [main] mapreduce.Job (Job.java:monitorAndPrintJob(1647)) -  map 76% reduce 0%
2018-10-14 23:47:30,514 INFO  [main] mapreduce.Job (Job.java:monitorAndPrintJob(1647)) -  map 77% reduce 0%
2018-10-14 23:47:32,522 INFO  [main] mapreduce.Job (Job.java:monitorAndPrintJob(1647)) -  map 79% reduce 0%
2018-10-14 23:47:35,533 INFO  [main] mapreduce.Job (Job.java:monitorAndPrintJob(1647)) -  map 81% reduce 0%
2018-10-14 23:47:36,537 INFO  [main] mapreduce.Job (Job.java:monitorAndPrintJob(1647)) -  map 82% reduce 0%
2018-10-14 23:47:39,551 INFO  [main] mapreduce.Job (Job.java:monitorAndPrintJob(1647)) -  map 83% reduce 0%
2018-10-14 23:47:40,555 INFO  [main] mapreduce.Job (Job.java:monitorAndPrintJob(1647)) -  map 89% reduce 12%
2018-10-14 23:47:42,562 INFO  [main] mapreduce.Job (Job.java:monitorAndPrintJob(1647)) -  map 91% reduce 12%
2018-10-14 23:47:45,574 INFO  [main] mapreduce.Job (Job.java:monitorAndPrintJob(1647)) -  map 96% reduce 12%
2018-10-14 23:47:46,577 INFO  [main] mapreduce.Job (Job.java:monitorAndPrintJob(1647)) -  map 96% reduce 15%
2018-10-14 23:47:48,584 INFO  [main] mapreduce.Job (Job.java:monitorAndPrintJob(1647)) -  map 97% reduce 15%
2018-10-14 23:47:50,591 INFO  [main] mapreduce.Job (Job.java:monitorAndPrintJob(1647)) -  map 98% reduce 15%
2018-10-14 23:47:51,595 INFO  [main] mapreduce.Job (Job.java:monitorAndPrintJob(1647)) -  map 98% reduce 30%
2018-10-14 23:47:53,602 INFO  [main] mapreduce.Job (Job.java:monitorAndPrintJob(1647)) -  map 99% reduce 30%
2018-10-14 23:47:56,612 INFO  [main] mapreduce.Job (Job.java:monitorAndPrintJob(1647)) -  map 100% reduce 30%
2018-10-14 23:47:57,616 INFO  [main] mapreduce.Job (Job.java:monitorAndPrintJob(1647)) -  map 100% reduce 31%
2018-10-14 23:48:03,638 INFO  [main] mapreduce.Job (Job.java:monitorAndPrintJob(1647)) -  map 100% reduce 42%
2018-10-14 23:48:04,642 INFO  [main] mapreduce.Job (Job.java:monitorAndPrintJob(1647)) -  map 100% reduce 54%
2018-10-14 23:48:09,661 INFO  [main] mapreduce.Job (Job.java:monitorAndPrintJob(1647)) -  map 100% reduce 64%
2018-10-14 23:48:10,665 INFO  [main] mapreduce.Job (Job.java:monitorAndPrintJob(1647)) -  map 100% reduce 71%
2018-10-14 23:48:15,681 INFO  [main] mapreduce.Job (Job.java:monitorAndPrintJob(1647)) -  map 100% reduce 76%
2018-10-14 23:48:16,685 INFO  [main] mapreduce.Job (Job.java:monitorAndPrintJob(1647)) -  map 100% reduce 81%
2018-10-14 23:48:21,701 INFO  [main] mapreduce.Job (Job.java:monitorAndPrintJob(1647)) -  map 100% reduce 85%
2018-10-14 23:48:22,704 INFO  [main] mapreduce.Job (Job.java:monitorAndPrintJob(1647)) -  map 100% reduce 90%
2018-10-14 23:48:27,721 INFO  [main] mapreduce.Job (Job.java:monitorAndPrintJob(1647)) -  map 100% reduce 94%
2018-10-14 23:48:28,724 INFO  [main] mapreduce.Job (Job.java:monitorAndPrintJob(1647)) -  map 100% reduce 99%
2018-10-14 23:48:29,728 INFO  [main] mapreduce.Job (Job.java:monitorAndPrintJob(1647)) -  map 100% reduce 100%
2018-10-14 23:48:29,734 INFO  [main] mapreduce.Job (Job.java:monitorAndPrintJob(1658)) - Job job_1537968858837_7077 completed successfully
2018-10-14 23:48:29,874 INFO  [main] mapreduce.Job (Job.java:monitorAndPrintJob(1665)) - Counters: 51
	File System Counters
		FILE: Number of bytes read=1182875410
		FILE: Number of bytes written=1744509384
		FILE: Number of read operations=0
		FILE: Number of large read operations=0
		FILE: Number of write operations=0
		HDFS: Number of bytes read=722253502
		HDFS: Number of bytes written=24265829
		HDFS: Number of read operations=60
		HDFS: Number of large read operations=0
		HDFS: Number of write operations=4
	Job Counters 
		Killed map tasks=1
		Launched map tasks=19
		Launched reduce tasks=2
		Data-local map tasks=15
		Rack-local map tasks=4
		Total time spent by all maps in occupied slots (ms)=1283810
		Total time spent by all reduces in occupied slots (ms)=458964
		Total time spent by all map tasks (ms)=641905
		Total time spent by all reduce tasks (ms)=114741
		Total vcore-milliseconds taken by all map tasks=641905
		Total vcore-milliseconds taken by all reduce tasks=114741
		Total megabyte-milliseconds taken by all map tasks=2629242880
		Total megabyte-milliseconds taken by all reduce tasks=939958272
	Map-Reduce Framework
		Map input records=14042604
		Map output records=110795349
		Map output bytes=1452742568
		Map output materialized bytes=557623150
		Input split bytes=2034
		Combine input records=144538330
		Combine output records=65197154
		Reduce input groups=19330179
		Reduce shuffle bytes=557623150
		Reduce input records=31454173
		Reduce output records=1522101
		Spilled Records=98944958
		Shuffled Maps =36
		Failed Shuffles=0
		Merged Map outputs=36
		GC time elapsed (ms)=3980
		CPU time spent (ms)=962010
		Physical memory (bytes) snapshot=15501672448
		Virtual memory (bytes) snapshot=114361884672
		Total committed heap usage (bytes)=29983506432
	Shuffle Errors
		BAD_ID=0
		CONNECTION=0
		IO_ERROR=0
		WRONG_LENGTH=0
		WRONG_MAP=0
		WRONG_REDUCE=0
	File Input Format Counters 
		Bytes Read=722251468
	File Output Format Counters 
		Bytes Written=24265829
2018-10-14 23:48:29,875 INFO  [main] streaming.StreamJob (StreamJob.java:submitAndMonitorJob(1025)) - Output directory: /user/s1837504/output/task2/large

real	3m10.990s
user	0m11.008s
sys	0m0.853s
