2018-10-12 10:05:05,893 WARN  [main] streaming.StreamJob (StreamJob.java:parseArgv(291)) - -file option is deprecated, please use generic option -files instead.
packageJobJar: [mapper.py, combiner.py, reducer.py, /tmp/hadoop-unjar3636631113716562363/] [] /tmp/streamjob2797951737729242771.jar tmpDir=null
2018-10-12 10:05:06,842 INFO  [main] client.RMProxy (RMProxy.java:newProxyInstance(133)) - Connecting to ResourceManager at scutter02.inf.ed.ac.uk/192.168.16.102:8032
2018-10-12 10:05:07,057 INFO  [main] client.RMProxy (RMProxy.java:newProxyInstance(133)) - Connecting to ResourceManager at scutter02.inf.ed.ac.uk/192.168.16.102:8032
2018-10-12 10:05:07,295 INFO  [main] hdfs.DFSClient (DFSClient.java:getDelegationToken(689)) - Created HDFS_DELEGATION_TOKEN token 5454 for s1837504 on 192.168.16.101:8020
2018-10-12 10:05:07,334 INFO  [main] security.TokenCache (TokenCache.java:obtainTokensForNamenodesInternal(143)) - Got dt for hdfs://scutter01.inf.ed.ac.uk:8020; Kind: HDFS_DELEGATION_TOKEN, Service: 192.168.16.101:8020, Ident: (HDFS_DELEGATION_TOKEN token 5454 for s1837504)
2018-10-12 10:05:07,774 INFO  [main] mapred.FileInputFormat (FileInputFormat.java:listStatus(256)) - Total input files to process : 17
2018-10-12 10:05:08,053 INFO  [main] mapreduce.JobSubmitter (JobSubmitter.java:submitJobInternal(204)) - number of splits:18
2018-10-12 10:05:08,172 INFO  [main] Configuration.deprecation (Configuration.java:logDeprecation(1297)) - yarn.resourcemanager.system-metrics-publisher.enabled is deprecated. Instead, use yarn.system-metrics-publisher.enabled
2018-10-12 10:05:08,278 INFO  [main] mapreduce.JobSubmitter (JobSubmitter.java:printTokens(300)) - Submitting tokens for job: job_1537968858837_5024
2018-10-12 10:05:08,278 INFO  [main] mapreduce.JobSubmitter (JobSubmitter.java:printTokens(302)) - Kind: HDFS_DELEGATION_TOKEN, Service: 192.168.16.101:8020, Ident: (HDFS_DELEGATION_TOKEN token 5454 for s1837504)
2018-10-12 10:05:08,663 INFO  [main] impl.YarnClientImpl (YarnClientImpl.java:submitApplication(290)) - Submitted application application_1537968858837_5024
2018-10-12 10:05:08,717 INFO  [main] mapreduce.Job (Job.java:submit(1574)) - The url to track the job: http://scutter02.inf.ed.ac.uk:8088/proxy/application_1537968858837_5024/
2018-10-12 10:05:08,719 INFO  [main] mapreduce.Job (Job.java:monitorAndPrintJob(1619)) - Running job: job_1537968858837_5024
2018-10-12 10:05:16,964 INFO  [main] mapreduce.Job (Job.java:monitorAndPrintJob(1640)) - Job job_1537968858837_5024 running in uber mode : false
2018-10-12 10:05:16,966 INFO  [main] mapreduce.Job (Job.java:monitorAndPrintJob(1647)) -  map 0% reduce 0%
2018-10-12 10:05:24,055 INFO  [main] mapreduce.Job (Job.java:monitorAndPrintJob(1647)) -  map 6% reduce 0%
2018-10-12 10:05:26,069 INFO  [main] mapreduce.Job (Job.java:monitorAndPrintJob(1647)) -  map 11% reduce 0%
2018-10-12 10:05:28,081 INFO  [main] mapreduce.Job (Job.java:monitorAndPrintJob(1647)) -  map 22% reduce 0%
2018-10-12 10:05:29,086 INFO  [main] mapreduce.Job (Job.java:monitorAndPrintJob(1647)) -  map 28% reduce 0%
2018-10-12 10:05:30,092 INFO  [main] mapreduce.Job (Job.java:monitorAndPrintJob(1647)) -  map 33% reduce 0%
2018-10-12 10:05:32,103 INFO  [main] mapreduce.Job (Job.java:monitorAndPrintJob(1647)) -  map 44% reduce 0%
2018-10-12 10:05:34,116 INFO  [main] mapreduce.Job (Job.java:monitorAndPrintJob(1647)) -  map 46% reduce 0%
2018-10-12 10:05:35,121 INFO  [main] mapreduce.Job (Job.java:monitorAndPrintJob(1647)) -  map 70% reduce 0%
2018-10-12 10:05:41,151 INFO  [main] mapreduce.Job (Job.java:monitorAndPrintJob(1647)) -  map 76% reduce 0%
2018-10-12 10:05:45,171 INFO  [main] mapreduce.Job (Job.java:monitorAndPrintJob(1647)) -  map 77% reduce 0%
2018-10-12 10:05:46,176 INFO  [main] mapreduce.Job (Job.java:monitorAndPrintJob(1647)) -  map 80% reduce 0%
2018-10-12 10:05:47,181 INFO  [main] mapreduce.Job (Job.java:monitorAndPrintJob(1647)) -  map 85% reduce 21%
2018-10-12 10:05:53,209 INFO  [main] mapreduce.Job (Job.java:monitorAndPrintJob(1647)) -  map 88% reduce 24%
2018-10-12 10:05:59,237 INFO  [main] mapreduce.Job (Job.java:monitorAndPrintJob(1647)) -  map 89% reduce 26%
2018-10-12 10:06:04,263 INFO  [main] mapreduce.Job (Job.java:monitorAndPrintJob(1647)) -  map 91% reduce 26%
2018-10-12 10:06:05,268 INFO  [main] mapreduce.Job (Job.java:monitorAndPrintJob(1647)) -  map 93% reduce 26%
2018-10-12 10:06:11,295 INFO  [main] mapreduce.Job (Job.java:monitorAndPrintJob(1647)) -  map 94% reduce 27%
2018-10-12 10:06:12,300 INFO  [main] mapreduce.Job (Job.java:monitorAndPrintJob(1647)) -  map 94% reduce 28%
2018-10-12 10:06:17,325 INFO  [main] mapreduce.Job (Job.java:monitorAndPrintJob(1647)) -  map 96% reduce 28%
2018-10-12 10:06:23,350 INFO  [main] mapreduce.Job (Job.java:monitorAndPrintJob(1647)) -  map 97% reduce 29%
2018-10-12 10:06:24,354 INFO  [main] mapreduce.Job (Job.java:monitorAndPrintJob(1647)) -  map 97% reduce 30%
2018-10-12 10:06:29,374 INFO  [main] mapreduce.Job (Job.java:monitorAndPrintJob(1647)) -  map 98% reduce 30%
2018-10-12 10:06:32,386 INFO  [main] mapreduce.Job (Job.java:monitorAndPrintJob(1647)) -  map 99% reduce 30%
2018-10-12 10:06:35,398 INFO  [main] mapreduce.Job (Job.java:monitorAndPrintJob(1647)) -  map 99% reduce 31%
2018-10-12 10:06:38,411 INFO  [main] mapreduce.Job (Job.java:monitorAndPrintJob(1647)) -  map 100% reduce 31%
2018-10-12 10:06:41,423 INFO  [main] mapreduce.Job (Job.java:monitorAndPrintJob(1647)) -  map 100% reduce 33%
2018-10-12 10:06:42,427 INFO  [main] mapreduce.Job (Job.java:monitorAndPrintJob(1647)) -  map 100% reduce 34%
2018-10-12 10:06:47,446 INFO  [main] mapreduce.Job (Job.java:monitorAndPrintJob(1647)) -  map 100% reduce 39%
2018-10-12 10:06:48,450 INFO  [main] mapreduce.Job (Job.java:monitorAndPrintJob(1647)) -  map 100% reduce 43%
2018-10-12 10:06:54,474 INFO  [main] mapreduce.Job (Job.java:monitorAndPrintJob(1647)) -  map 100% reduce 52%
2018-10-12 10:07:00,496 INFO  [main] mapreduce.Job (Job.java:monitorAndPrintJob(1647)) -  map 100% reduce 61%
2018-10-12 10:07:06,517 INFO  [main] mapreduce.Job (Job.java:monitorAndPrintJob(1647)) -  map 100% reduce 67%
2018-10-12 10:07:12,539 INFO  [main] mapreduce.Job (Job.java:monitorAndPrintJob(1647)) -  map 100% reduce 70%
2018-10-12 10:07:18,560 INFO  [main] mapreduce.Job (Job.java:monitorAndPrintJob(1647)) -  map 100% reduce 73%
2018-10-12 10:07:24,581 INFO  [main] mapreduce.Job (Job.java:monitorAndPrintJob(1647)) -  map 100% reduce 76%
2018-10-12 10:07:30,602 INFO  [main] mapreduce.Job (Job.java:monitorAndPrintJob(1647)) -  map 100% reduce 78%
2018-10-12 10:07:36,622 INFO  [main] mapreduce.Job (Job.java:monitorAndPrintJob(1647)) -  map 100% reduce 81%
2018-10-12 10:07:42,643 INFO  [main] mapreduce.Job (Job.java:monitorAndPrintJob(1647)) -  map 100% reduce 84%
2018-10-12 10:07:48,663 INFO  [main] mapreduce.Job (Job.java:monitorAndPrintJob(1647)) -  map 100% reduce 86%
2018-10-12 10:07:54,682 INFO  [main] mapreduce.Job (Job.java:monitorAndPrintJob(1647)) -  map 100% reduce 89%
2018-10-12 10:08:00,701 INFO  [main] mapreduce.Job (Job.java:monitorAndPrintJob(1647)) -  map 100% reduce 92%
2018-10-12 10:08:06,719 INFO  [main] mapreduce.Job (Job.java:monitorAndPrintJob(1647)) -  map 100% reduce 95%
2018-10-12 10:08:11,735 INFO  [main] mapreduce.Job (Job.java:monitorAndPrintJob(1647)) -  map 100% reduce 96%
2018-10-12 10:08:12,739 INFO  [main] mapreduce.Job (Job.java:monitorAndPrintJob(1647)) -  map 100% reduce 97%
2018-10-12 10:08:18,757 INFO  [main] mapreduce.Job (Job.java:monitorAndPrintJob(1647)) -  map 100% reduce 98%
2018-10-12 10:08:24,780 INFO  [main] mapreduce.Job (Job.java:monitorAndPrintJob(1647)) -  map 100% reduce 100%
2018-10-12 10:08:27,797 INFO  [main] mapreduce.Job (Job.java:monitorAndPrintJob(1658)) - Job job_1537968858837_5024 completed successfully
2018-10-12 10:08:27,954 INFO  [main] mapreduce.Job (Job.java:monitorAndPrintJob(1665)) - Counters: 51
	File System Counters
		FILE: Number of bytes read=3187418469
		FILE: Number of bytes written=4865743902
		FILE: Number of read operations=0
		FILE: Number of large read operations=0
		FILE: Number of write operations=0
		HDFS: Number of bytes read=722253502
		HDFS: Number of bytes written=24265829
		HDFS: Number of read operations=60
		HDFS: Number of large read operations=0
		HDFS: Number of write operations=4
	Job Counters 
		Killed map tasks=3
		Launched map tasks=20
		Launched reduce tasks=2
		Data-local map tasks=15
		Rack-local map tasks=5
		Total time spent by all maps in occupied slots (ms)=1142456
		Total time spent by all reduces in occupied slots (ms)=1330016
		Total time spent by all map tasks (ms)=571228
		Total time spent by all reduce tasks (ms)=332504
		Total vcore-milliseconds taken by all map tasks=571228
		Total vcore-milliseconds taken by all reduce tasks=332504
		Total megabyte-milliseconds taken by all map tasks=2339749888
		Total megabyte-milliseconds taken by all reduce tasks=2723872768
	Map-Reduce Framework
		Map input records=14042604
		Map output records=110795349
		Map output bytes=1452742568
		Map output materialized bytes=1674333482
		Input split bytes=2034
		Combine input records=0
		Combine output records=0
		Reduce input groups=19330179
		Reduce shuffle bytes=1674333482
		Reduce input records=110795349
		Reduce output records=1522101
		Spilled Records=321652741
		Shuffled Maps =36
		Failed Shuffles=0
		Merged Map outputs=36
		GC time elapsed (ms)=3977
		CPU time spent (ms)=947130
		Physical memory (bytes) snapshot=16634015744
		Virtual memory (bytes) snapshot=114454646784
		Total committed heap usage (bytes)=29525278720
	Shuffle Errors
		BAD_ID=0
		CONNECTION=0
		IO_ERROR=0
		WRONG_LENGTH=0
		WRONG_MAP=0
		WRONG_REDUCE=0
	File Input Format Counters 
		Bytes Read=722251468
	File Output Format Counters 
		Bytes Written=24265829
2018-10-12 10:08:27,955 INFO  [main] streaming.StreamJob (StreamJob.java:submitAndMonitorJob(1025)) - Output directory: /user/s1837504/output/task2/large

real	3m22.985s
user	0m10.510s
sys	0m0.967s
