2018-10-13 07:10:40,390 WARN  [main] streaming.StreamJob (StreamJob.java:parseArgv(291)) - -file option is deprecated, please use generic option -files instead.
packageJobJar: [mapper.py, reducer.py, /tmp/hadoop-unjar550905675153846960/] [] /tmp/streamjob9186479241804066453.jar tmpDir=null
2018-10-13 07:10:41,376 INFO  [main] client.RMProxy (RMProxy.java:newProxyInstance(133)) - Connecting to ResourceManager at scutter02.inf.ed.ac.uk/192.168.16.102:8032
2018-10-13 07:10:41,596 INFO  [main] client.RMProxy (RMProxy.java:newProxyInstance(133)) - Connecting to ResourceManager at scutter02.inf.ed.ac.uk/192.168.16.102:8032
2018-10-13 07:10:41,847 INFO  [main] hdfs.DFSClient (DFSClient.java:getDelegationToken(689)) - Created HDFS_DELEGATION_TOKEN token 6177 for s1837504 on 192.168.16.101:8020
2018-10-13 07:10:41,887 INFO  [main] security.TokenCache (TokenCache.java:obtainTokensForNamenodesInternal(143)) - Got dt for hdfs://scutter01.inf.ed.ac.uk:8020; Kind: HDFS_DELEGATION_TOKEN, Service: 192.168.16.101:8020, Ident: (HDFS_DELEGATION_TOKEN token 6177 for s1837504)
2018-10-13 07:10:42,275 INFO  [main] mapred.FileInputFormat (FileInputFormat.java:listStatus(256)) - Total input files to process : 2
2018-10-13 07:10:42,565 INFO  [main] mapreduce.JobSubmitter (JobSubmitter.java:submitJobInternal(204)) - number of splits:5
2018-10-13 07:10:42,693 INFO  [main] Configuration.deprecation (Configuration.java:logDeprecation(1297)) - yarn.resourcemanager.system-metrics-publisher.enabled is deprecated. Instead, use yarn.system-metrics-publisher.enabled
2018-10-13 07:10:42,777 INFO  [main] mapreduce.JobSubmitter (JobSubmitter.java:printTokens(300)) - Submitting tokens for job: job_1537968858837_5732
2018-10-13 07:10:42,777 INFO  [main] mapreduce.JobSubmitter (JobSubmitter.java:printTokens(302)) - Kind: HDFS_DELEGATION_TOKEN, Service: 192.168.16.101:8020, Ident: (HDFS_DELEGATION_TOKEN token 6177 for s1837504)
2018-10-13 07:10:42,971 INFO  [main] impl.YarnClientImpl (YarnClientImpl.java:submitApplication(290)) - Submitted application application_1537968858837_5732
2018-10-13 07:10:43,018 INFO  [main] mapreduce.Job (Job.java:submit(1574)) - The url to track the job: http://scutter02.inf.ed.ac.uk:8088/proxy/application_1537968858837_5732/
2018-10-13 07:10:43,020 INFO  [main] mapreduce.Job (Job.java:monitorAndPrintJob(1619)) - Running job: job_1537968858837_5732
2018-10-13 07:10:51,186 INFO  [main] mapreduce.Job (Job.java:monitorAndPrintJob(1640)) - Job job_1537968858837_5732 running in uber mode : false
2018-10-13 07:10:51,187 INFO  [main] mapreduce.Job (Job.java:monitorAndPrintJob(1647)) -  map 0% reduce 0%
2018-10-13 07:10:59,279 INFO  [main] mapreduce.Job (Job.java:monitorAndPrintJob(1647)) -  map 20% reduce 0%
2018-10-13 07:11:00,286 INFO  [main] mapreduce.Job (Job.java:monitorAndPrintJob(1647)) -  map 40% reduce 0%
2018-10-13 07:11:01,292 INFO  [main] mapreduce.Job (Job.java:monitorAndPrintJob(1647)) -  map 80% reduce 0%
2018-10-13 07:11:03,303 INFO  [main] mapreduce.Job (Job.java:monitorAndPrintJob(1647)) -  map 100% reduce 0%
2018-10-13 07:11:09,337 INFO  [main] mapreduce.Job (Job.java:monitorAndPrintJob(1647)) -  map 100% reduce 100%
2018-10-13 07:11:10,351 INFO  [main] mapreduce.Job (Job.java:monitorAndPrintJob(1658)) - Job job_1537968858837_5732 completed successfully
2018-10-13 07:11:10,485 INFO  [main] mapreduce.Job (Job.java:monitorAndPrintJob(1665)) - Counters: 51
	File System Counters
		FILE: Number of bytes read=44625346
		FILE: Number of bytes written=90676573
		FILE: Number of read operations=0
		FILE: Number of large read operations=0
		FILE: Number of write operations=0
		HDFS: Number of bytes read=463056755
		HDFS: Number of bytes written=2863861
		HDFS: Number of read operations=21
		HDFS: Number of large read operations=0
		HDFS: Number of write operations=4
	Job Counters 
		Killed map tasks=1
		Launched map tasks=5
		Launched reduce tasks=2
		Data-local map tasks=4
		Rack-local map tasks=1
		Total time spent by all maps in occupied slots (ms)=80264
		Total time spent by all reduces in occupied slots (ms)=60060
		Total time spent by all map tasks (ms)=40132
		Total time spent by all reduce tasks (ms)=15015
		Total vcore-milliseconds taken by all map tasks=40132
		Total vcore-milliseconds taken by all reduce tasks=15015
		Total megabyte-milliseconds taken by all map tasks=164380672
		Total megabyte-milliseconds taken by all reduce tasks=123002880
	Map-Reduce Framework
		Map input records=6153978
		Map output records=2394208
		Map output bytes=39836918
		Map output materialized bytes=44625394
		Input split bytes=596
		Combine input records=0
		Combine output records=0
		Reduce input groups=2076016
		Reduce shuffle bytes=44625394
		Reduce input records=2394208
		Reduce output records=318192
		Spilled Records=4788416
		Shuffled Maps =10
		Failed Shuffles=0
		Merged Map outputs=10
		GC time elapsed (ms)=976
		CPU time spent (ms)=54360
		Physical memory (bytes) snapshot=4270133248
		Virtual memory (bytes) snapshot=44400295936
		Total committed heap usage (bytes)=8236564480
	Shuffle Errors
		BAD_ID=0
		CONNECTION=0
		IO_ERROR=0
		WRONG_LENGTH=0
		WRONG_MAP=0
		WRONG_REDUCE=0
	File Input Format Counters 
		Bytes Read=463056159
	File Output Format Counters 
		Bytes Written=2863861
2018-10-13 07:11:10,486 INFO  [main] streaming.StreamJob (StreamJob.java:submitAndMonitorJob(1025)) - Output directory: /user/s1837504/output/task8/large/job1

real	0m31.005s
user	0m9.450s
sys	0m0.682s
