2018-10-13 07:08:58,428 WARN  [main] streaming.StreamJob (StreamJob.java:parseArgv(291)) - -file option is deprecated, please use generic option -files instead.
packageJobJar: [mapper.py, reducer.py, /tmp/hadoop-unjar8637291396557331834/] [] /tmp/streamjob8352675655412954743.jar tmpDir=null
2018-10-13 07:08:59,371 INFO  [main] client.RMProxy (RMProxy.java:newProxyInstance(133)) - Connecting to ResourceManager at scutter02.inf.ed.ac.uk/192.168.16.102:8032
2018-10-13 07:08:59,586 INFO  [main] client.RMProxy (RMProxy.java:newProxyInstance(133)) - Connecting to ResourceManager at scutter02.inf.ed.ac.uk/192.168.16.102:8032
2018-10-13 07:08:59,833 INFO  [main] hdfs.DFSClient (DFSClient.java:getDelegationToken(689)) - Created HDFS_DELEGATION_TOKEN token 6175 for s1837504 on 192.168.16.101:8020
2018-10-13 07:08:59,872 INFO  [main] security.TokenCache (TokenCache.java:obtainTokensForNamenodesInternal(143)) - Got dt for hdfs://scutter01.inf.ed.ac.uk:8020; Kind: HDFS_DELEGATION_TOKEN, Service: 192.168.16.101:8020, Ident: (HDFS_DELEGATION_TOKEN token 6175 for s1837504)
2018-10-13 07:09:00,246 INFO  [main] mapred.FileInputFormat (FileInputFormat.java:listStatus(256)) - Total input files to process : 2
2018-10-13 07:09:00,533 INFO  [main] mapreduce.JobSubmitter (JobSubmitter.java:submitJobInternal(204)) - number of splits:3
2018-10-13 07:09:00,656 INFO  [main] Configuration.deprecation (Configuration.java:logDeprecation(1297)) - yarn.resourcemanager.system-metrics-publisher.enabled is deprecated. Instead, use yarn.system-metrics-publisher.enabled
2018-10-13 07:09:00,737 INFO  [main] mapreduce.JobSubmitter (JobSubmitter.java:printTokens(300)) - Submitting tokens for job: job_1537968858837_5730
2018-10-13 07:09:00,737 INFO  [main] mapreduce.JobSubmitter (JobSubmitter.java:printTokens(302)) - Kind: HDFS_DELEGATION_TOKEN, Service: 192.168.16.101:8020, Ident: (HDFS_DELEGATION_TOKEN token 6175 for s1837504)
2018-10-13 07:09:01,113 INFO  [main] impl.YarnClientImpl (YarnClientImpl.java:submitApplication(290)) - Submitted application application_1537968858837_5730
2018-10-13 07:09:01,167 INFO  [main] mapreduce.Job (Job.java:submit(1574)) - The url to track the job: http://scutter02.inf.ed.ac.uk:8088/proxy/application_1537968858837_5730/
2018-10-13 07:09:01,169 INFO  [main] mapreduce.Job (Job.java:monitorAndPrintJob(1619)) - Running job: job_1537968858837_5730
2018-10-13 07:09:08,308 INFO  [main] mapreduce.Job (Job.java:monitorAndPrintJob(1640)) - Job job_1537968858837_5730 running in uber mode : false
2018-10-13 07:09:08,309 INFO  [main] mapreduce.Job (Job.java:monitorAndPrintJob(1647)) -  map 0% reduce 0%
2018-10-13 07:09:15,395 INFO  [main] mapreduce.Job (Job.java:monitorAndPrintJob(1647)) -  map 100% reduce 0%
2018-10-13 07:09:20,426 INFO  [main] mapreduce.Job (Job.java:monitorAndPrintJob(1647)) -  map 100% reduce 50%
2018-10-13 07:09:22,437 INFO  [main] mapreduce.Job (Job.java:monitorAndPrintJob(1647)) -  map 100% reduce 100%
2018-10-13 07:09:22,448 INFO  [main] mapreduce.Job (Job.java:monitorAndPrintJob(1658)) - Job job_1537968858837_5730 completed successfully
2018-10-13 07:09:22,580 INFO  [main] mapreduce.Job (Job.java:monitorAndPrintJob(1665)) - Counters: 49
	File System Counters
		FILE: Number of bytes read=3100
		FILE: Number of bytes written=1024631
		FILE: Number of read operations=0
		FILE: Number of large read operations=0
		FILE: Number of write operations=0
		HDFS: Number of bytes read=21142
		HDFS: Number of bytes written=351
		HDFS: Number of read operations=15
		HDFS: Number of large read operations=0
		HDFS: Number of write operations=4
	Job Counters 
		Launched map tasks=3
		Launched reduce tasks=2
		Data-local map tasks=3
		Total time spent by all maps in occupied slots (ms)=27140
		Total time spent by all reduces in occupied slots (ms)=29536
		Total time spent by all map tasks (ms)=13570
		Total time spent by all reduce tasks (ms)=7384
		Total vcore-milliseconds taken by all map tasks=13570
		Total vcore-milliseconds taken by all reduce tasks=7384
		Total megabyte-milliseconds taken by all map tasks=55582720
		Total megabyte-milliseconds taken by all reduce tasks=60489728
	Map-Reduce Framework
		Map input records=285
		Map output records=167
		Map output bytes=2754
		Map output materialized bytes=3124
		Input split bytes=358
		Combine input records=0
		Combine output records=0
		Reduce input groups=128
		Reduce shuffle bytes=3124
		Reduce input records=167
		Reduce output records=39
		Spilled Records=334
		Shuffled Maps =6
		Failed Shuffles=0
		Merged Map outputs=6
		GC time elapsed (ms)=335
		CPU time spent (ms)=4740
		Physical memory (bytes) snapshot=1859055616
		Virtual memory (bytes) snapshot=33623605248
		Total committed heap usage (bytes)=4697096192
	Shuffle Errors
		BAD_ID=0
		CONNECTION=0
		IO_ERROR=0
		WRONG_LENGTH=0
		WRONG_MAP=0
		WRONG_REDUCE=0
	File Input Format Counters 
		Bytes Read=20784
	File Output Format Counters 
		Bytes Written=351
2018-10-13 07:09:22,581 INFO  [main] streaming.StreamJob (StreamJob.java:submitAndMonitorJob(1025)) - Output directory: /user/s1837504/output/task8/small/job1

real	0m25.062s
user	0m9.317s
sys	0m0.619s
