2018-10-13 06:37:07,694 WARN  [main] streaming.StreamJob (StreamJob.java:parseArgv(291)) - -file option is deprecated, please use generic option -files instead.
packageJobJar: [mapper.py, reducer.py, /tmp/hadoop-unjar5477543508124665135/] [] /tmp/streamjob4022731942899379482.jar tmpDir=null
2018-10-13 06:37:08,636 INFO  [main] client.RMProxy (RMProxy.java:newProxyInstance(133)) - Connecting to ResourceManager at scutter02.inf.ed.ac.uk/192.168.16.102:8032
2018-10-13 06:37:08,852 INFO  [main] client.RMProxy (RMProxy.java:newProxyInstance(133)) - Connecting to ResourceManager at scutter02.inf.ed.ac.uk/192.168.16.102:8032
2018-10-13 06:37:09,100 INFO  [main] hdfs.DFSClient (DFSClient.java:getDelegationToken(689)) - Created HDFS_DELEGATION_TOKEN token 6169 for s1837504 on 192.168.16.101:8020
2018-10-13 06:37:09,141 INFO  [main] security.TokenCache (TokenCache.java:obtainTokensForNamenodesInternal(143)) - Got dt for hdfs://scutter01.inf.ed.ac.uk:8020; Kind: HDFS_DELEGATION_TOKEN, Service: 192.168.16.101:8020, Ident: (HDFS_DELEGATION_TOKEN token 6169 for s1837504)
2018-10-13 06:37:09,511 INFO  [main] mapred.FileInputFormat (FileInputFormat.java:listStatus(256)) - Total input files to process : 2
2018-10-13 06:37:09,796 INFO  [main] mapreduce.JobSubmitter (JobSubmitter.java:submitJobInternal(204)) - number of splits:3
2018-10-13 06:37:09,922 INFO  [main] Configuration.deprecation (Configuration.java:logDeprecation(1297)) - yarn.resourcemanager.system-metrics-publisher.enabled is deprecated. Instead, use yarn.system-metrics-publisher.enabled
2018-10-13 06:37:10,001 INFO  [main] mapreduce.JobSubmitter (JobSubmitter.java:printTokens(300)) - Submitting tokens for job: job_1537968858837_5724
2018-10-13 06:37:10,002 INFO  [main] mapreduce.JobSubmitter (JobSubmitter.java:printTokens(302)) - Kind: HDFS_DELEGATION_TOKEN, Service: 192.168.16.101:8020, Ident: (HDFS_DELEGATION_TOKEN token 6169 for s1837504)
2018-10-13 06:37:10,394 INFO  [main] impl.YarnClientImpl (YarnClientImpl.java:submitApplication(290)) - Submitted application application_1537968858837_5724
2018-10-13 06:37:10,448 INFO  [main] mapreduce.Job (Job.java:submit(1574)) - The url to track the job: http://scutter02.inf.ed.ac.uk:8088/proxy/application_1537968858837_5724/
2018-10-13 06:37:10,450 INFO  [main] mapreduce.Job (Job.java:monitorAndPrintJob(1619)) - Running job: job_1537968858837_5724
2018-10-13 06:37:17,580 INFO  [main] mapreduce.Job (Job.java:monitorAndPrintJob(1640)) - Job job_1537968858837_5724 running in uber mode : false
2018-10-13 06:37:17,581 INFO  [main] mapreduce.Job (Job.java:monitorAndPrintJob(1647)) -  map 0% reduce 0%
2018-10-13 06:37:24,669 INFO  [main] mapreduce.Job (Job.java:monitorAndPrintJob(1647)) -  map 100% reduce 0%
2018-10-13 06:37:31,711 INFO  [main] mapreduce.Job (Job.java:monitorAndPrintJob(1647)) -  map 100% reduce 100%
2018-10-13 06:37:31,723 INFO  [main] mapreduce.Job (Job.java:monitorAndPrintJob(1658)) - Job job_1537968858837_5724 completed successfully
2018-10-13 06:37:31,860 INFO  [main] mapreduce.Job (Job.java:monitorAndPrintJob(1665)) - Counters: 51
	File System Counters
		FILE: Number of bytes read=3100
		FILE: Number of bytes written=1025416
		FILE: Number of read operations=0
		FILE: Number of large read operations=0
		FILE: Number of write operations=0
		HDFS: Number of bytes read=21142
		HDFS: Number of bytes written=3088
		HDFS: Number of read operations=15
		HDFS: Number of large read operations=0
		HDFS: Number of write operations=4
	Job Counters 
		Killed map tasks=1
		Launched map tasks=3
		Launched reduce tasks=2
		Data-local map tasks=2
		Rack-local map tasks=1
		Total time spent by all maps in occupied slots (ms)=28088
		Total time spent by all reduces in occupied slots (ms)=38196
		Total time spent by all map tasks (ms)=14044
		Total time spent by all reduce tasks (ms)=9549
		Total vcore-milliseconds taken by all map tasks=14044
		Total vcore-milliseconds taken by all reduce tasks=9549
		Total megabyte-milliseconds taken by all map tasks=57524224
		Total megabyte-milliseconds taken by all reduce tasks=78225408
	Map-Reduce Framework
		Map input records=285
		Map output records=167
		Map output bytes=2754
		Map output materialized bytes=3124
		Input split bytes=358
		Combine input records=0
		Combine output records=0
		Reduce input groups=128
		Reduce shuffle bytes=3124
		Reduce input records=167
		Reduce output records=334
		Spilled Records=334
		Shuffled Maps =6
		Failed Shuffles=0
		Merged Map outputs=6
		GC time elapsed (ms)=317
		CPU time spent (ms)=5000
		Physical memory (bytes) snapshot=1856864256
		Virtual memory (bytes) snapshot=33663369216
		Total committed heap usage (bytes)=4076339200
	Shuffle Errors
		BAD_ID=0
		CONNECTION=0
		IO_ERROR=0
		WRONG_LENGTH=0
		WRONG_MAP=0
		WRONG_REDUCE=0
	File Input Format Counters 
		Bytes Read=20784
	File Output Format Counters 
		Bytes Written=3088
2018-10-13 06:37:31,860 INFO  [main] streaming.StreamJob (StreamJob.java:submitAndMonitorJob(1025)) - Output directory: /user/s1837504/output/task8/small/job1

real	0m25.073s
user	0m9.154s
sys	0m0.706s
