2018-10-16 18:12:45,340 WARN  [main] streaming.StreamJob (StreamJob.java:parseArgv(291)) - -file option is deprecated, please use generic option -files instead.
packageJobJar: [mapper.py, reducer.py, /tmp/hadoop-unjar7806832004950025356/] [] /tmp/streamjob8263723843734794030.jar tmpDir=null
2018-10-16 18:12:46,306 INFO  [main] client.RMProxy (RMProxy.java:newProxyInstance(133)) - Connecting to ResourceManager at scutter02.inf.ed.ac.uk/192.168.16.102:8032
2018-10-16 18:12:46,528 INFO  [main] client.RMProxy (RMProxy.java:newProxyInstance(133)) - Connecting to ResourceManager at scutter02.inf.ed.ac.uk/192.168.16.102:8032
2018-10-16 18:12:46,812 INFO  [main] hdfs.DFSClient (DFSClient.java:getDelegationToken(689)) - Created HDFS_DELEGATION_TOKEN token 9362 for s1837504 on 192.168.16.101:8020
2018-10-16 18:12:46,852 INFO  [main] security.TokenCache (TokenCache.java:obtainTokensForNamenodesInternal(143)) - Got dt for hdfs://scutter01.inf.ed.ac.uk:8020; Kind: HDFS_DELEGATION_TOKEN, Service: 192.168.16.101:8020, Ident: (HDFS_DELEGATION_TOKEN token 9362 for s1837504)
2018-10-16 18:12:47,199 INFO  [main] mapred.FileInputFormat (FileInputFormat.java:listStatus(256)) - Total input files to process : 1
2018-10-16 18:12:47,484 INFO  [main] mapreduce.JobSubmitter (JobSubmitter.java:submitJobInternal(204)) - number of splits:4
2018-10-16 18:12:47,607 INFO  [main] Configuration.deprecation (Configuration.java:logDeprecation(1297)) - mapred.reduce.tasks is deprecated. Instead, use mapreduce.job.reduces
2018-10-16 18:12:47,607 INFO  [main] Configuration.deprecation (Configuration.java:logDeprecation(1297)) - yarn.resourcemanager.system-metrics-publisher.enabled is deprecated. Instead, use yarn.system-metrics-publisher.enabled
2018-10-16 18:12:47,691 INFO  [main] mapreduce.JobSubmitter (JobSubmitter.java:printTokens(300)) - Submitting tokens for job: job_1537968858837_8800
2018-10-16 18:12:47,691 INFO  [main] mapreduce.JobSubmitter (JobSubmitter.java:printTokens(302)) - Kind: HDFS_DELEGATION_TOKEN, Service: 192.168.16.101:8020, Ident: (HDFS_DELEGATION_TOKEN token 9362 for s1837504)
2018-10-16 18:12:47,871 INFO  [main] impl.YarnClientImpl (YarnClientImpl.java:submitApplication(290)) - Submitted application application_1537968858837_8800
2018-10-16 18:12:47,903 INFO  [main] mapreduce.Job (Job.java:submit(1574)) - The url to track the job: http://scutter02.inf.ed.ac.uk:8088/proxy/application_1537968858837_8800/
2018-10-16 18:12:47,905 INFO  [main] mapreduce.Job (Job.java:monitorAndPrintJob(1619)) - Running job: job_1537968858837_8800
2018-10-16 18:12:56,045 INFO  [main] mapreduce.Job (Job.java:monitorAndPrintJob(1640)) - Job job_1537968858837_8800 running in uber mode : false
2018-10-16 18:12:56,047 INFO  [main] mapreduce.Job (Job.java:monitorAndPrintJob(1647)) -  map 0% reduce 0%
2018-10-16 18:13:04,142 INFO  [main] mapreduce.Job (Job.java:monitorAndPrintJob(1647)) -  map 25% reduce 0%
2018-10-16 18:13:07,161 INFO  [main] mapreduce.Job (Job.java:monitorAndPrintJob(1647)) -  map 100% reduce 0%
2018-10-16 18:13:11,188 INFO  [main] mapreduce.Job (Job.java:monitorAndPrintJob(1647)) -  map 100% reduce 100%
2018-10-16 18:13:12,205 INFO  [main] mapreduce.Job (Job.java:monitorAndPrintJob(1658)) - Job job_1537968858837_8800 completed successfully
2018-10-16 18:13:12,337 INFO  [main] mapreduce.Job (Job.java:monitorAndPrintJob(1665)) - Counters: 50
	File System Counters
		FILE: Number of bytes read=1837
		FILE: Number of bytes written=1025487
		FILE: Number of read operations=0
		FILE: Number of large read operations=0
		FILE: Number of write operations=0
		HDFS: Number of bytes read=448293420
		HDFS: Number of bytes written=248
		HDFS: Number of read operations=15
		HDFS: Number of large read operations=0
		HDFS: Number of write operations=2
	Job Counters 
		Launched map tasks=4
		Launched reduce tasks=1
		Data-local map tasks=2
		Rack-local map tasks=2
		Total time spent by all maps in occupied slots (ms)=66420
		Total time spent by all reduces in occupied slots (ms)=19268
		Total time spent by all map tasks (ms)=33210
		Total time spent by all reduce tasks (ms)=4817
		Total vcore-milliseconds taken by all map tasks=33210
		Total vcore-milliseconds taken by all reduce tasks=4817
		Total megabyte-milliseconds taken by all map tasks=136028160
		Total megabyte-milliseconds taken by all reduce tasks=39460864
	Map-Reduce Framework
		Map input records=5285868
		Map output records=109
		Map output bytes=1613
		Map output materialized bytes=1855
		Input split bytes=476
		Combine input records=0
		Combine output records=0
		Reduce input groups=28
		Reduce shuffle bytes=1855
		Reduce input records=109
		Reduce output records=28
		Spilled Records=218
		Shuffled Maps =4
		Failed Shuffles=0
		Merged Map outputs=4
		GC time elapsed (ms)=714
		CPU time spent (ms)=24750
		Physical memory (bytes) snapshot=3020533760
		Virtual memory (bytes) snapshot=30265085952
		Total committed heap usage (bytes)=6382682112
	Shuffle Errors
		BAD_ID=0
		CONNECTION=0
		IO_ERROR=0
		WRONG_LENGTH=0
		WRONG_MAP=0
		WRONG_REDUCE=0
	File Input Format Counters 
		Bytes Read=448292944
	File Output Format Counters 
		Bytes Written=248
2018-10-16 18:13:12,338 INFO  [main] streaming.StreamJob (StreamJob.java:submitAndMonitorJob(1025)) - Output directory: /user/s1837504/output/task4/large

real	0m27.921s
user	0m9.409s
sys	0m0.682s
