2018-10-12 18:07:18,310 WARN  [main] streaming.StreamJob (StreamJob.java:parseArgv(291)) - -file option is deprecated, please use generic option -files instead.
packageJobJar: [mapper.py, reducer.py, /tmp/hadoop-unjar4553941195962897633/] [] /tmp/streamjob1939414432124847531.jar tmpDir=null
2018-10-12 18:07:19,259 INFO  [main] client.RMProxy (RMProxy.java:newProxyInstance(133)) - Connecting to ResourceManager at scutter02.inf.ed.ac.uk/192.168.16.102:8032
2018-10-12 18:07:19,499 INFO  [main] client.RMProxy (RMProxy.java:newProxyInstance(133)) - Connecting to ResourceManager at scutter02.inf.ed.ac.uk/192.168.16.102:8032
2018-10-12 18:07:19,742 INFO  [main] hdfs.DFSClient (DFSClient.java:getDelegationToken(689)) - Created HDFS_DELEGATION_TOKEN token 5743 for s1837504 on 192.168.16.101:8020
2018-10-12 18:07:19,769 INFO  [main] security.TokenCache (TokenCache.java:obtainTokensForNamenodesInternal(143)) - Got dt for hdfs://scutter01.inf.ed.ac.uk:8020; Kind: HDFS_DELEGATION_TOKEN, Service: 192.168.16.101:8020, Ident: (HDFS_DELEGATION_TOKEN token 5743 for s1837504)
2018-10-12 18:07:20,109 INFO  [main] mapred.FileInputFormat (FileInputFormat.java:listStatus(256)) - Total input files to process : 1
2018-10-12 18:07:20,395 INFO  [main] mapreduce.JobSubmitter (JobSubmitter.java:submitJobInternal(204)) - number of splits:4
2018-10-12 18:07:20,532 INFO  [main] Configuration.deprecation (Configuration.java:logDeprecation(1297)) - mapred.reduce.tasks is deprecated. Instead, use mapreduce.job.reduces
2018-10-12 18:07:20,532 INFO  [main] Configuration.deprecation (Configuration.java:logDeprecation(1297)) - yarn.resourcemanager.system-metrics-publisher.enabled is deprecated. Instead, use yarn.system-metrics-publisher.enabled
2018-10-12 18:07:20,611 INFO  [main] mapreduce.JobSubmitter (JobSubmitter.java:printTokens(300)) - Submitting tokens for job: job_1537968858837_5302
2018-10-12 18:07:20,612 INFO  [main] mapreduce.JobSubmitter (JobSubmitter.java:printTokens(302)) - Kind: HDFS_DELEGATION_TOKEN, Service: 192.168.16.101:8020, Ident: (HDFS_DELEGATION_TOKEN token 5743 for s1837504)
2018-10-12 18:07:20,797 INFO  [main] impl.YarnClientImpl (YarnClientImpl.java:submitApplication(290)) - Submitted application application_1537968858837_5302
2018-10-12 18:07:20,830 INFO  [main] mapreduce.Job (Job.java:submit(1574)) - The url to track the job: http://scutter02.inf.ed.ac.uk:8088/proxy/application_1537968858837_5302/
2018-10-12 18:07:20,832 INFO  [main] mapreduce.Job (Job.java:monitorAndPrintJob(1619)) - Running job: job_1537968858837_5302
2018-10-12 18:07:28,961 INFO  [main] mapreduce.Job (Job.java:monitorAndPrintJob(1640)) - Job job_1537968858837_5302 running in uber mode : false
2018-10-12 18:07:28,963 INFO  [main] mapreduce.Job (Job.java:monitorAndPrintJob(1647)) -  map 0% reduce 0%
2018-10-12 18:07:37,062 INFO  [main] mapreduce.Job (Job.java:monitorAndPrintJob(1647)) -  map 25% reduce 0%
2018-10-12 18:07:39,075 INFO  [main] mapreduce.Job (Job.java:monitorAndPrintJob(1647)) -  map 75% reduce 0%
2018-10-12 18:07:40,083 INFO  [main] mapreduce.Job (Job.java:monitorAndPrintJob(1647)) -  map 100% reduce 0%
2018-10-12 18:07:45,110 INFO  [main] mapreduce.Job (Job.java:monitorAndPrintJob(1647)) -  map 100% reduce 100%
2018-10-12 18:07:45,120 INFO  [main] mapreduce.Job (Job.java:monitorAndPrintJob(1658)) - Job job_1537968858837_5302 completed successfully
2018-10-12 18:07:45,230 INFO  [main] mapreduce.Job (Job.java:monitorAndPrintJob(1665)) - Counters: 50
	File System Counters
		FILE: Number of bytes read=900
		FILE: Number of bytes written=1019818
		FILE: Number of read operations=0
		FILE: Number of large read operations=0
		FILE: Number of write operations=0
		HDFS: Number of bytes read=448293420
		HDFS: Number of bytes written=248
		HDFS: Number of read operations=15
		HDFS: Number of large read operations=0
		HDFS: Number of write operations=2
	Job Counters 
		Launched map tasks=4
		Launched reduce tasks=1
		Data-local map tasks=3
		Rack-local map tasks=1
		Total time spent by all maps in occupied slots (ms)=63076
		Total time spent by all reduces in occupied slots (ms)=19516
		Total time spent by all map tasks (ms)=31538
		Total time spent by all reduce tasks (ms)=4879
		Total vcore-milliseconds taken by all map tasks=31538
		Total vcore-milliseconds taken by all reduce tasks=4879
		Total megabyte-milliseconds taken by all map tasks=129179648
		Total megabyte-milliseconds taken by all reduce tasks=39968768
	Map-Reduce Framework
		Map input records=5285868
		Map output records=4
		Map output bytes=882
		Map output materialized bytes=918
		Input split bytes=476
		Combine input records=0
		Combine output records=0
		Reduce input groups=1
		Reduce shuffle bytes=918
		Reduce input records=4
		Reduce output records=28
		Spilled Records=8
		Shuffled Maps =4
		Failed Shuffles=0
		Merged Map outputs=4
		GC time elapsed (ms)=616
		CPU time spent (ms)=23100
		Physical memory (bytes) snapshot=3051442176
		Virtual memory (bytes) snapshot=30266667008
		Total committed heap usage (bytes)=6090129408
	Shuffle Errors
		BAD_ID=0
		CONNECTION=0
		IO_ERROR=0
		WRONG_LENGTH=0
		WRONG_MAP=0
		WRONG_REDUCE=0
	File Input Format Counters 
		Bytes Read=448292944
	File Output Format Counters 
		Bytes Written=248
2018-10-12 18:07:45,231 INFO  [main] streaming.StreamJob (StreamJob.java:submitAndMonitorJob(1025)) - Output directory: /user/s1837504/output/task4/large

real	0m27.849s
user	0m8.220s
sys	0m0.685s
