2018-10-16 18:00:50,319 WARN  [main] streaming.StreamJob (StreamJob.java:parseArgv(291)) - -file option is deprecated, please use generic option -files instead.
packageJobJar: [mapper.py, reducer.py, /tmp/hadoop-unjar5462512922195653626/] [] /tmp/streamjob2523005493684942288.jar tmpDir=null
2018-10-16 18:00:51,252 INFO  [main] client.RMProxy (RMProxy.java:newProxyInstance(133)) - Connecting to ResourceManager at scutter02.inf.ed.ac.uk/192.168.16.102:8032
2018-10-16 18:00:51,471 INFO  [main] client.RMProxy (RMProxy.java:newProxyInstance(133)) - Connecting to ResourceManager at scutter02.inf.ed.ac.uk/192.168.16.102:8032
2018-10-16 18:00:51,720 INFO  [main] hdfs.DFSClient (DFSClient.java:getDelegationToken(689)) - Created HDFS_DELEGATION_TOKEN token 9314 for s1837504 on 192.168.16.101:8020
2018-10-16 18:00:51,761 INFO  [main] security.TokenCache (TokenCache.java:obtainTokensForNamenodesInternal(143)) - Got dt for hdfs://scutter01.inf.ed.ac.uk:8020; Kind: HDFS_DELEGATION_TOKEN, Service: 192.168.16.101:8020, Ident: (HDFS_DELEGATION_TOKEN token 9314 for s1837504)
2018-10-16 18:00:52,150 INFO  [main] mapred.FileInputFormat (FileInputFormat.java:listStatus(256)) - Total input files to process : 1
2018-10-16 18:00:52,432 INFO  [main] mapreduce.JobSubmitter (JobSubmitter.java:submitJobInternal(204)) - number of splits:2
2018-10-16 18:00:52,536 INFO  [main] Configuration.deprecation (Configuration.java:logDeprecation(1297)) - yarn.resourcemanager.system-metrics-publisher.enabled is deprecated. Instead, use yarn.system-metrics-publisher.enabled
2018-10-16 18:00:52,641 INFO  [main] mapreduce.JobSubmitter (JobSubmitter.java:printTokens(300)) - Submitting tokens for job: job_1537968858837_8752
2018-10-16 18:00:52,641 INFO  [main] mapreduce.JobSubmitter (JobSubmitter.java:printTokens(302)) - Kind: HDFS_DELEGATION_TOKEN, Service: 192.168.16.101:8020, Ident: (HDFS_DELEGATION_TOKEN token 9314 for s1837504)
2018-10-16 18:00:53,065 INFO  [main] impl.YarnClientImpl (YarnClientImpl.java:submitApplication(290)) - Submitted application application_1537968858837_8752
2018-10-16 18:00:53,119 INFO  [main] mapreduce.Job (Job.java:submit(1574)) - The url to track the job: http://scutter02.inf.ed.ac.uk:8088/proxy/application_1537968858837_8752/
2018-10-16 18:00:53,121 INFO  [main] mapreduce.Job (Job.java:monitorAndPrintJob(1619)) - Running job: job_1537968858837_8752
2018-10-16 18:01:01,245 INFO  [main] mapreduce.Job (Job.java:monitorAndPrintJob(1640)) - Job job_1537968858837_8752 running in uber mode : false
2018-10-16 18:01:01,246 INFO  [main] mapreduce.Job (Job.java:monitorAndPrintJob(1647)) -  map 0% reduce 0%
2018-10-16 18:01:07,435 INFO  [main] mapreduce.Job (Job.java:monitorAndPrintJob(1647)) -  map 100% reduce 0%
2018-10-16 18:01:14,481 INFO  [main] mapreduce.Job (Job.java:monitorAndPrintJob(1647)) -  map 100% reduce 100%
2018-10-16 18:01:14,491 INFO  [main] mapreduce.Job (Job.java:monitorAndPrintJob(1658)) - Job job_1537968858837_8752 completed successfully
2018-10-16 18:01:14,624 INFO  [main] mapreduce.Job (Job.java:monitorAndPrintJob(1665)) - Counters: 49
	File System Counters
		FILE: Number of bytes read=3215
		FILE: Number of bytes written=823852
		FILE: Number of read operations=0
		FILE: Number of large read operations=0
		FILE: Number of write operations=0
		HDFS: Number of bytes read=16191
		HDFS: Number of bytes written=212
		HDFS: Number of read operations=12
		HDFS: Number of large read operations=0
		HDFS: Number of write operations=4
	Job Counters 
		Launched map tasks=2
		Launched reduce tasks=2
		Data-local map tasks=2
		Total time spent by all maps in occupied slots (ms)=19208
		Total time spent by all reduces in occupied slots (ms)=36612
		Total time spent by all map tasks (ms)=9604
		Total time spent by all reduce tasks (ms)=9153
		Total vcore-milliseconds taken by all map tasks=9604
		Total vcore-milliseconds taken by all reduce tasks=9153
		Total megabyte-milliseconds taken by all map tasks=39337984
		Total megabyte-milliseconds taken by all reduce tasks=74981376
	Map-Reduce Framework
		Map input records=200
		Map output records=191
		Map output bytes=2821
		Map output materialized bytes=3227
		Input split bytes=238
		Combine input records=0
		Combine output records=0
		Reduce input groups=24
		Reduce shuffle bytes=3227
		Reduce input records=191
		Reduce output records=24
		Spilled Records=382
		Shuffled Maps =4
		Failed Shuffles=0
		Merged Map outputs=4
		GC time elapsed (ms)=235
		CPU time spent (ms)=3850
		Physical memory (bytes) snapshot=1464242176
		Virtual memory (bytes) snapshot=28265750528
		Total committed heap usage (bytes)=3391619072
	Shuffle Errors
		BAD_ID=0
		CONNECTION=0
		IO_ERROR=0
		WRONG_LENGTH=0
		WRONG_MAP=0
		WRONG_REDUCE=0
	File Input Format Counters 
		Bytes Read=15953
	File Output Format Counters 
		Bytes Written=212
2018-10-16 18:01:14,625 INFO  [main] streaming.StreamJob (StreamJob.java:submitAndMonitorJob(1025)) - Output directory: /user/s1837504/output/task4/small

real	0m25.218s
user	0m9.145s
sys	0m0.727s
