2018-10-12 18:05:48,767 WARN  [main] streaming.StreamJob (StreamJob.java:parseArgv(291)) - -file option is deprecated, please use generic option -files instead.
packageJobJar: [mapper.py, reducer.py, /tmp/hadoop-unjar2055452201709079553/] [] /tmp/streamjob5687139039250824718.jar tmpDir=null
2018-10-12 18:05:49,673 INFO  [main] client.RMProxy (RMProxy.java:newProxyInstance(133)) - Connecting to ResourceManager at scutter02.inf.ed.ac.uk/192.168.16.102:8032
2018-10-12 18:05:49,898 INFO  [main] client.RMProxy (RMProxy.java:newProxyInstance(133)) - Connecting to ResourceManager at scutter02.inf.ed.ac.uk/192.168.16.102:8032
2018-10-12 18:05:50,157 INFO  [main] hdfs.DFSClient (DFSClient.java:getDelegationToken(689)) - Created HDFS_DELEGATION_TOKEN token 5741 for s1837504 on 192.168.16.101:8020
2018-10-12 18:05:50,196 INFO  [main] security.TokenCache (TokenCache.java:obtainTokensForNamenodesInternal(143)) - Got dt for hdfs://scutter01.inf.ed.ac.uk:8020; Kind: HDFS_DELEGATION_TOKEN, Service: 192.168.16.101:8020, Ident: (HDFS_DELEGATION_TOKEN token 5741 for s1837504)
2018-10-12 18:05:50,561 INFO  [main] mapred.FileInputFormat (FileInputFormat.java:listStatus(256)) - Total input files to process : 1
2018-10-12 18:05:50,842 INFO  [main] mapreduce.JobSubmitter (JobSubmitter.java:submitJobInternal(204)) - number of splits:2
2018-10-12 18:05:50,964 INFO  [main] Configuration.deprecation (Configuration.java:logDeprecation(1297)) - mapred.reduce.tasks is deprecated. Instead, use mapreduce.job.reduces
2018-10-12 18:05:50,965 INFO  [main] Configuration.deprecation (Configuration.java:logDeprecation(1297)) - yarn.resourcemanager.system-metrics-publisher.enabled is deprecated. Instead, use yarn.system-metrics-publisher.enabled
2018-10-12 18:05:51,046 INFO  [main] mapreduce.JobSubmitter (JobSubmitter.java:printTokens(300)) - Submitting tokens for job: job_1537968858837_5300
2018-10-12 18:05:51,047 INFO  [main] mapreduce.JobSubmitter (JobSubmitter.java:printTokens(302)) - Kind: HDFS_DELEGATION_TOKEN, Service: 192.168.16.101:8020, Ident: (HDFS_DELEGATION_TOKEN token 5741 for s1837504)
2018-10-12 18:05:51,449 INFO  [main] impl.YarnClientImpl (YarnClientImpl.java:submitApplication(290)) - Submitted application application_1537968858837_5300
2018-10-12 18:05:51,503 INFO  [main] mapreduce.Job (Job.java:submit(1574)) - The url to track the job: http://scutter02.inf.ed.ac.uk:8088/proxy/application_1537968858837_5300/
2018-10-12 18:05:51,505 INFO  [main] mapreduce.Job (Job.java:monitorAndPrintJob(1619)) - Running job: job_1537968858837_5300
2018-10-12 18:05:59,643 INFO  [main] mapreduce.Job (Job.java:monitorAndPrintJob(1640)) - Job job_1537968858837_5300 running in uber mode : false
2018-10-12 18:05:59,645 INFO  [main] mapreduce.Job (Job.java:monitorAndPrintJob(1647)) -  map 0% reduce 0%
2018-10-12 18:06:05,814 INFO  [main] mapreduce.Job (Job.java:monitorAndPrintJob(1647)) -  map 100% reduce 0%
2018-10-12 18:06:12,857 INFO  [main] mapreduce.Job (Job.java:monitorAndPrintJob(1647)) -  map 100% reduce 100%
2018-10-12 18:06:12,867 INFO  [main] mapreduce.Job (Job.java:monitorAndPrintJob(1658)) - Job job_1537968858837_5300 completed successfully
2018-10-12 18:06:12,998 INFO  [main] mapreduce.Job (Job.java:monitorAndPrintJob(1665)) - Counters: 49
	File System Counters
		FILE: Number of bytes read=357
		FILE: Number of bytes written=611498
		FILE: Number of read operations=0
		FILE: Number of large read operations=0
		FILE: Number of write operations=0
		HDFS: Number of bytes read=16191
		HDFS: Number of bytes written=212
		HDFS: Number of read operations=9
		HDFS: Number of large read operations=0
		HDFS: Number of write operations=2
	Job Counters 
		Launched map tasks=2
		Launched reduce tasks=1
		Data-local map tasks=2
		Total time spent by all maps in occupied slots (ms)=18394
		Total time spent by all reduces in occupied slots (ms)=19072
		Total time spent by all map tasks (ms)=9197
		Total time spent by all reduce tasks (ms)=4768
		Total vcore-milliseconds taken by all map tasks=9197
		Total vcore-milliseconds taken by all reduce tasks=4768
		Total megabyte-milliseconds taken by all map tasks=37670912
		Total megabyte-milliseconds taken by all reduce tasks=39059456
	Map-Reduce Framework
		Map input records=200
		Map output records=2
		Map output bytes=345
		Map output materialized bytes=363
		Input split bytes=238
		Combine input records=0
		Combine output records=0
		Reduce input groups=1
		Reduce shuffle bytes=363
		Reduce input records=2
		Reduce output records=24
		Spilled Records=4
		Shuffled Maps =2
		Failed Shuffles=0
		Merged Map outputs=2
		GC time elapsed (ms)=187
		CPU time spent (ms)=2780
		Physical memory (bytes) snapshot=1119289344
		Virtual memory (bytes) snapshot=19472072704
		Total committed heap usage (bytes)=3240624128
	Shuffle Errors
		BAD_ID=0
		CONNECTION=0
		IO_ERROR=0
		WRONG_LENGTH=0
		WRONG_MAP=0
		WRONG_REDUCE=0
	File Input Format Counters 
		Bytes Read=15953
	File Output Format Counters 
		Bytes Written=212
2018-10-12 18:06:12,998 INFO  [main] streaming.StreamJob (StreamJob.java:submitAndMonitorJob(1025)) - Output directory: /user/s1837504/output/task4/small

real	0m25.159s
user	0m9.162s
sys	0m0.651s
